<?xml version="1.0" encoding="UTF-8"?>
<TestRun id="e81bd819-1bc0-4d42-bda4-cad59a928c88" name="Clay@CLAY-DESKTOP 2016-08-28 18:32:48" runUser="CLAY-DESKTOP\Clay" xmlns="http://microsoft.com/schemas/VisualStudio/TeamTest/2010">
  <TestSettings name="Default Test Settings" id="beb84b9e-bc4c-4673-9d72-1faee9d6b95a">
    <Deployment userDeploymentRoot="C:\repos\Radial\RadialReview" useDefaultDeploymentRoot="false" runDeploymentRoot="Clay_CLAY-DESKTOP 2016-08-28 18_32_48">
      <DeploymentItem filename="C:\repos\Radial\RadialReview\packages\System.Data.SQLite.Linq.1.0.102.0\lib\net451\System.Data.SQLite.Linq.dll" />
      <DeploymentItem filename="C:\repos\Radial\RadialReview\packages\Microsoft.AspNet.Mvc.5.2.3\lib\net45\System.Web.Mvc.dll" />
      <DeploymentItem filename="C:\repos\Radial\RadialReview\packages\Microsoft.AspNet.WebPages.3.2.3\lib\net45\System.Web.WebPages.Razor.dll" />
      <DeploymentItem filename="C:\repos\Radial\RadialReview\packages\Microsoft.TestApi.0.6.0.0\lib\net40\TestApiWpf.dll" />
      <DeploymentItem filename="C:\repos\Radial\RadialReview\packages\PDFsharp-MigraDoc-GDI.1.32.4334.0\lib\net20\PdfSharp.dll" />
      <DeploymentItem filename="C:\Program Files (x86)\Reference Assemblies\Microsoft\Framework\.NETFramework\v4.5.2\System.Configuration.dll" />
      <DeploymentItem filename="C:\repos\Radial\RadialReview\packages\PDFsharp-MigraDoc-GDI.1.32.4334.0\lib\net20\MigraDoc.Rendering.dll" />
      <DeploymentItem filename="C:\repos\Radial\RadialReview\packages\Selenium.Support.2.53.0\lib\net40\WebDriver.Support.dll" />
      <DeploymentItem filename="C:\repos\Radial\RadialReview\packages\EntityFramework.6.1.3\lib\net45\EntityFramework.dll" />
      <DeploymentItem filename="C:\repos\Radial\RadialReview\packages\Microsoft.AspNet.WebPages.3.2.3\lib\net45\System.Web.Helpers.dll" />
      <DeploymentItem filename="C:\repos\Radial\RadialReview\RadialReview\bin\RadialReview.dll" />
      <DeploymentItem filename="C:\repos\Radial\RadialReview\packages\Microsoft.TestApi.0.6.0.0\lib\net40\TestApiCore.dll" />
      <DeploymentItem filename="C:\repos\Radial\RadialReview\packages\Selenium.WebDriver.2.53.0\lib\net40\WebDriver.dll" />
      <DeploymentItem filename="C:\Program Files (x86)\Reference Assemblies\Microsoft\Framework\.NETFramework\v4.5.2\System.Drawing.dll" />
      <DeploymentItem filename="C:\repos\Radial\RadialReview\packages\Microsoft.AspNet.WebPages.3.2.3\lib\net45\System.Web.WebPages.Deployment.dll" />
      <DeploymentItem filename="C:\repos\Radial\RadialReview\TractionTools.Tests\bin\x86\Debug\TractionTools.Tests.dll" />
      <DeploymentItem filename="C:\repos\Radial\RadialReview\packages\PDFsharp-MigraDoc-GDI.1.32.4334.0\lib\net20\MigraDoc.RtfRendering.dll" />
      <DeploymentItem filename="C:\repos\Radial\RadialReview\packages\EntityFramework.6.0.0\lib\net45\EntityFramework.dll" />
      <DeploymentItem filename="C:\Program Files (x86)\Reference Assemblies\Microsoft\Framework\.NETFramework\v4.5.2\System.Data.dll" />
      <DeploymentItem filename="C:\Program Files (x86)\Reference Assemblies\Microsoft\Framework\.NETFramework\v4.5.2\System.Windows.Forms.dll" />
      <DeploymentItem filename="C:\Program Files (x86)\Reference Assemblies\Microsoft\Framework\.NETFramework\v4.5.2\System.Web.dll" />
      <DeploymentItem filename="C:\Program Files (x86)\Reference Assemblies\Microsoft\Framework\.NETFramework\v4.5.2\System.dll" />
      <DeploymentItem filename="C:\repos\Radial\RadialReview\packages\Moq.4.2.1510.2205\lib\net40\Moq.dll" />
      <DeploymentItem filename="C:\repos\Radial\RadialReview\packages\Microsoft.Owin.Security.2.1.0\lib\net45\Microsoft.Owin.Security.dll" />
      <DeploymentItem filename="C:\repos\Radial\RadialReview\packages\System.Data.SQLite.Core.1.0.102.0\lib\net451\System.Data.SQLite.dll" />
      <DeploymentItem filename="C:\repos\Radial\RadialReview\packages\EntityFramework.6.1.3\lib\net45\EntityFramework.SqlServer.dll" />
      <DeploymentItem filename="C:\repos\Radial\RadialReview\packages\Microsoft.Owin.Security.OAuth.2.1.0\lib\net45\Microsoft.Owin.Security.OAuth.dll" />
      <DeploymentItem filename="C:\repos\Radial\RadialReview\packages\Microsoft.AspNet.Identity.Core.2.0.0\lib\net45\Microsoft.AspNet.Identity.Core.dll" />
      <DeploymentItem filename="C:\repos\Radial\RadialReview\packages\NHibernate.4.0.4.4000\lib\net40\NHibernate.dll" />
      <DeploymentItem filename="C:\repos\Radial\RadialReview\packages\Owin.1.0\lib\net40\Owin.dll" />
      <DeploymentItem filename="C:\repos\Radial\RadialReview\packages\Microsoft.AspNet.Razor.3.2.3\lib\net45\System.Web.Razor.dll" />
      <DeploymentItem filename="C:\repos\Radial\RadialReview\packages\Iesi.Collections.4.0.0.4000\lib\net40\Iesi.Collections.dll" />
      <DeploymentItem filename="C:\Program Files (x86)\Reference Assemblies\Microsoft\Framework\.NETFramework\v4.5.2\System.Web.Extensions.dll" />
      <DeploymentItem filename="C:\repos\Radial\RadialReview\packages\Microsoft.AspNet.Identity.EntityFramework.2.0.0\lib\net45\Microsoft.AspNet.Identity.EntityFramework.dll" />
      <DeploymentItem filename="C:\repos\Radial\RadialReview\packages\Microsoft.Web.Infrastructure.1.0.0.0\lib\net40\Microsoft.Web.Infrastructure.dll" />
      <DeploymentItem filename="C:\repos\Radial\RadialReview\packages\PDFsharp-MigraDoc-GDI.1.32.4334.0\lib\net20\PdfSharp.Charting.dll" />
      <DeploymentItem filename="C:\repos\Radial\RadialReview\packages\PDFsharp-MigraDoc-GDI.1.32.4334.0\lib\net20\MigraDoc.DocumentObjectModel.dll" />
      <DeploymentItem filename="C:\repos\Radial\RadialReview\packages\System.Data.SQLite.EF6.1.0.102.0\lib\net451\System.Data.SQLite.EF6.dll" />
      <DeploymentItem filename="C:\Program Files (x86)\Reference Assemblies\Microsoft\Framework\.NETFramework\v4.5.2\System.ComponentModel.DataAnnotations.dll" />
      <DeploymentItem filename="C:\repos\Radial\RadialReview\packages\Microsoft.AspNet.WebPages.3.2.3\lib\net45\System.Web.WebPages.dll" />
      <DeploymentItem filename="C:\Program Files (x86)\Reference Assemblies\Microsoft\Framework\.NETFramework\v4.5.2\System.Management.dll" />
      <DeploymentItem filename="C:\repos\Radial\RadialReview\packages\Microsoft.Owin.2.1.0\lib\net45\Microsoft.Owin.dll" />
      <DeploymentItem filename="C:\Program Files (x86)\Reference Assemblies\Microsoft\Framework\.NETFramework\v4.5.2\Microsoft.CSharp.dll" />
      <DeploymentItem filename="C:\repos\Radial\RadialReview\packages\Newtonsoft.Json.9.0.1\lib\net45\Newtonsoft.Json.dll" />
      <DeploymentItem filename="C:\repos\Radial\RadialReview\packages\Microsoft.AspNet.SignalR.Core.2.2.1\lib\net45\Microsoft.AspNet.SignalR.Core.dll" />
      <DeploymentItem filename="C:\repos\Radial\RadialReview\packages\EntityFramework.6.0.0\lib\net45\EntityFramework.SqlServer.dll" />
      <DeploymentItem filename="C:\Program Files (x86)\Reference Assemblies\Microsoft\Framework\.NETFramework\v4.5.2\WindowsBase.dll" />
    </Deployment>
    <Execution>
      <TestTypeSpecific />
      <AgentRule name="Execution Agents">
      </AgentRule>
    </Execution>
    <Properties />
  </TestSettings>
  <Times creation="2016-08-28T18:32:48.5490809-07:00" queuing="2016-08-28T18:32:51.2624461-07:00" start="2016-08-28T18:32:51.3264612-07:00" finish="2016-08-28T18:32:52.1102826-07:00" />
  <ResultSummary outcome="Error">
    <Counters total="23" executed="23" error="10" failed="13" timeout="0" aborted="0" inconclusive="0" passedButRunAborted="0" notRunnable="0" notExecuted="0" disconnected="0" warning="0" passed="0" completed="0" inProgress="0" pending="0" />
    <RunInfos>
      <RunInfo computerName="CLAY-DESKTOP" outcome="Warning" timestamp="2016-08-28T18:32:50.2499932-07:00">
        <Text>Warning: Test Run deployment issue: Failed to copy file 'c:\repos\radial\radialreview\tractiontools.tests\bin\x86\debug\tractiontools.tests.dll' to 'C:\repos\Radial\RadialReview\Clay_CLAY-DESKTOP 2016-08-28 18_32_48\Out\tractiontools.tests.dll': System.IO.IOException: There is not enough space on the disk.
</Text>
        <Exception>System.IO.IOException: There is not enough space on the disk.

   at System.IO.__Error.WinIOError(Int32 errorCode, String maybeFullPath)
   at System.IO.File.InternalCopy(String sourceFileName, String destFileName, Boolean overwrite, Boolean checkHost)
   at System.IO.File.Copy(String sourceFileName, String destFileName, Boolean overwrite)
   at Microsoft.VisualStudio.TestTools.TestManagement.DeploymentHelper.CopyFileOverwrite(String source, String destination)</Exception>
      </RunInfo>
      <RunInfo computerName="CLAY-DESKTOP" outcome="Warning" timestamp="2016-08-28T18:32:50.2509935-07:00">
        <Text>Warning: Test Run deployment issue: Failed to copy file 'c:\repos\radial\radialreview\tractiontools.tests\bin\x86\debug\tractiontools.tests.dll.config' to 'C:\repos\Radial\RadialReview\Clay_CLAY-DESKTOP 2016-08-28 18_32_48\Out\tractiontools.tests.dll.config': System.IO.IOException: There is not enough space on the disk.
</Text>
        <Exception>System.IO.IOException: There is not enough space on the disk.

   at System.IO.__Error.WinIOError(Int32 errorCode, String maybeFullPath)
   at System.IO.File.InternalCopy(String sourceFileName, String destFileName, Boolean overwrite, Boolean checkHost)
   at System.IO.File.Copy(String sourceFileName, String destFileName, Boolean overwrite)
   at Microsoft.VisualStudio.TestTools.TestManagement.DeploymentHelper.CopyFileOverwrite(String source, String destination)</Exception>
      </RunInfo>
      <RunInfo computerName="CLAY-DESKTOP" outcome="Warning" timestamp="2016-08-28T18:32:50.2509935-07:00">
        <Text>Warning: Test Run deployment issue: Failed to copy file 'C:\repos\Radial\RadialReview\packages\System.Data.SQLite.Linq.1.0.102.0\lib\net451\System.Data.SQLite.Linq.dll' to 'C:\repos\Radial\RadialReview\Clay_CLAY-DESKTOP 2016-08-28 18_32_48\Out\System.Data.SQLite.Linq.dll': System.IO.IOException: There is not enough space on the disk.
</Text>
        <Exception>System.IO.IOException: There is not enough space on the disk.

   at System.IO.__Error.WinIOError(Int32 errorCode, String maybeFullPath)
   at System.IO.File.InternalCopy(String sourceFileName, String destFileName, Boolean overwrite, Boolean checkHost)
   at System.IO.File.Copy(String sourceFileName, String destFileName, Boolean overwrite)
   at Microsoft.VisualStudio.TestTools.TestManagement.DeploymentHelper.CopyFileOverwrite(String source, String destination)</Exception>
      </RunInfo>
      <RunInfo computerName="CLAY-DESKTOP" outcome="Warning" timestamp="2016-08-28T18:32:50.2519937-07:00">
        <Text>Warning: Test Run deployment issue: Failed to copy file 'C:\repos\Radial\RadialReview\packages\Microsoft.AspNet.Mvc.5.2.3\lib\net45\System.Web.Mvc.dll' to 'C:\repos\Radial\RadialReview\Clay_CLAY-DESKTOP 2016-08-28 18_32_48\Out\System.Web.Mvc.dll': System.IO.IOException: There is not enough space on the disk.
</Text>
        <Exception>System.IO.IOException: There is not enough space on the disk.

   at System.IO.__Error.WinIOError(Int32 errorCode, String maybeFullPath)
   at System.IO.File.InternalCopy(String sourceFileName, String destFileName, Boolean overwrite, Boolean checkHost)
   at System.IO.File.Copy(String sourceFileName, String destFileName, Boolean overwrite)
   at Microsoft.VisualStudio.TestTools.TestManagement.DeploymentHelper.CopyFileOverwrite(String source, String destination)</Exception>
      </RunInfo>
      <RunInfo computerName="CLAY-DESKTOP" outcome="Warning" timestamp="2016-08-28T18:32:50.2529937-07:00">
        <Text>Warning: Test Run deployment issue: Failed to copy file 'C:\repos\Radial\RadialReview\packages\Microsoft.AspNet.WebPages.3.2.3\lib\net45\System.Web.WebPages.Razor.dll' to 'C:\repos\Radial\RadialReview\Clay_CLAY-DESKTOP 2016-08-28 18_32_48\Out\System.Web.WebPages.Razor.dll': System.IO.IOException: There is not enough space on the disk.
</Text>
        <Exception>System.IO.IOException: There is not enough space on the disk.

   at System.IO.__Error.WinIOError(Int32 errorCode, String maybeFullPath)
   at System.IO.File.InternalCopy(String sourceFileName, String destFileName, Boolean overwrite, Boolean checkHost)
   at System.IO.File.Copy(String sourceFileName, String destFileName, Boolean overwrite)
   at Microsoft.VisualStudio.TestTools.TestManagement.DeploymentHelper.CopyFileOverwrite(String source, String destination)</Exception>
      </RunInfo>
      <RunInfo computerName="CLAY-DESKTOP" outcome="Warning" timestamp="2016-08-28T18:32:50.2529937-07:00">
        <Text>Warning: Test Run deployment issue: Failed to copy file 'C:\repos\Radial\RadialReview\packages\Microsoft.TestApi.0.6.0.0\lib\net40\TestApiWpf.dll' to 'C:\repos\Radial\RadialReview\Clay_CLAY-DESKTOP 2016-08-28 18_32_48\Out\TestApiWpf.dll': System.IO.IOException: There is not enough space on the disk.
</Text>
        <Exception>System.IO.IOException: There is not enough space on the disk.

   at System.IO.__Error.WinIOError(Int32 errorCode, String maybeFullPath)
   at System.IO.File.InternalCopy(String sourceFileName, String destFileName, Boolean overwrite, Boolean checkHost)
   at System.IO.File.Copy(String sourceFileName, String destFileName, Boolean overwrite)
   at Microsoft.VisualStudio.TestTools.TestManagement.DeploymentHelper.CopyFileOverwrite(String source, String destination)</Exception>
      </RunInfo>
      <RunInfo computerName="CLAY-DESKTOP" outcome="Warning" timestamp="2016-08-28T18:32:50.2539945-07:00">
        <Text>Warning: Test Run deployment issue: Failed to copy file 'C:\repos\Radial\RadialReview\packages\PDFsharp-MigraDoc-GDI.1.32.4334.0\lib\net20\PdfSharp.dll' to 'C:\repos\Radial\RadialReview\Clay_CLAY-DESKTOP 2016-08-28 18_32_48\Out\PdfSharp.dll': System.IO.IOException: There is not enough space on the disk.
</Text>
        <Exception>System.IO.IOException: There is not enough space on the disk.

   at System.IO.__Error.WinIOError(Int32 errorCode, String maybeFullPath)
   at System.IO.File.InternalCopy(String sourceFileName, String destFileName, Boolean overwrite, Boolean checkHost)
   at System.IO.File.Copy(String sourceFileName, String destFileName, Boolean overwrite)
   at Microsoft.VisualStudio.TestTools.TestManagement.DeploymentHelper.CopyFileOverwrite(String source, String destination)</Exception>
      </RunInfo>
      <RunInfo computerName="CLAY-DESKTOP" outcome="Warning" timestamp="2016-08-28T18:32:50.2539945-07:00">
        <Text>Warning: Test Run deployment issue: Failed to copy file 'C:\Program Files (x86)\Reference Assemblies\Microsoft\Framework\.NETFramework\v4.5.2\System.Configuration.dll' to 'C:\repos\Radial\RadialReview\Clay_CLAY-DESKTOP 2016-08-28 18_32_48\Out\System.Configuration.dll': System.IO.IOException: There is not enough space on the disk.
</Text>
        <Exception>System.IO.IOException: There is not enough space on the disk.

   at System.IO.__Error.WinIOError(Int32 errorCode, String maybeFullPath)
   at System.IO.File.InternalCopy(String sourceFileName, String destFileName, Boolean overwrite, Boolean checkHost)
   at System.IO.File.Copy(String sourceFileName, String destFileName, Boolean overwrite)
   at Microsoft.VisualStudio.TestTools.TestManagement.DeploymentHelper.CopyFileOverwrite(String source, String destination)</Exception>
      </RunInfo>
      <RunInfo computerName="CLAY-DESKTOP" outcome="Warning" timestamp="2016-08-28T18:32:50.2549950-07:00">
        <Text>Warning: Test Run deployment issue: Failed to copy file 'C:\repos\Radial\RadialReview\packages\PDFsharp-MigraDoc-GDI.1.32.4334.0\lib\net20\MigraDoc.Rendering.dll' to 'C:\repos\Radial\RadialReview\Clay_CLAY-DESKTOP 2016-08-28 18_32_48\Out\MigraDoc.Rendering.dll': System.IO.IOException: There is not enough space on the disk.
</Text>
        <Exception>System.IO.IOException: There is not enough space on the disk.

   at System.IO.__Error.WinIOError(Int32 errorCode, String maybeFullPath)
   at System.IO.File.InternalCopy(String sourceFileName, String destFileName, Boolean overwrite, Boolean checkHost)
   at System.IO.File.Copy(String sourceFileName, String destFileName, Boolean overwrite)
   at Microsoft.VisualStudio.TestTools.TestManagement.DeploymentHelper.CopyFileOverwrite(String source, String destination)</Exception>
      </RunInfo>
      <RunInfo computerName="CLAY-DESKTOP" outcome="Warning" timestamp="2016-08-28T18:32:50.2549950-07:00">
        <Text>Warning: Test Run deployment issue: Failed to copy file 'C:\repos\Radial\RadialReview\packages\Selenium.Support.2.53.0\lib\net40\WebDriver.Support.dll' to 'C:\repos\Radial\RadialReview\Clay_CLAY-DESKTOP 2016-08-28 18_32_48\Out\WebDriver.Support.dll': System.IO.IOException: There is not enough space on the disk.
</Text>
        <Exception>System.IO.IOException: There is not enough space on the disk.

   at System.IO.__Error.WinIOError(Int32 errorCode, String maybeFullPath)
   at System.IO.File.InternalCopy(String sourceFileName, String destFileName, Boolean overwrite, Boolean checkHost)
   at System.IO.File.Copy(String sourceFileName, String destFileName, Boolean overwrite)
   at Microsoft.VisualStudio.TestTools.TestManagement.DeploymentHelper.CopyFileOverwrite(String source, String destination)</Exception>
      </RunInfo>
      <RunInfo computerName="CLAY-DESKTOP" outcome="Warning" timestamp="2016-08-28T18:32:50.2559953-07:00">
        <Text>Warning: Test Run deployment issue: Failed to copy file 'C:\repos\Radial\RadialReview\packages\EntityFramework.6.1.3\lib\net45\EntityFramework.dll' to 'C:\repos\Radial\RadialReview\Clay_CLAY-DESKTOP 2016-08-28 18_32_48\Out\EntityFramework.dll': System.IO.IOException: There is not enough space on the disk.
</Text>
        <Exception>System.IO.IOException: There is not enough space on the disk.

   at System.IO.__Error.WinIOError(Int32 errorCode, String maybeFullPath)
   at System.IO.File.InternalCopy(String sourceFileName, String destFileName, Boolean overwrite, Boolean checkHost)
   at System.IO.File.Copy(String sourceFileName, String destFileName, Boolean overwrite)
   at Microsoft.VisualStudio.TestTools.TestManagement.DeploymentHelper.CopyFileOverwrite(String source, String destination)</Exception>
      </RunInfo>
      <RunInfo computerName="CLAY-DESKTOP" outcome="Warning" timestamp="2016-08-28T18:32:50.2559953-07:00">
        <Text>Warning: Test Run deployment issue: Failed to copy file 'C:\repos\Radial\RadialReview\packages\Microsoft.AspNet.WebPages.3.2.3\lib\net45\System.Web.Helpers.dll' to 'C:\repos\Radial\RadialReview\Clay_CLAY-DESKTOP 2016-08-28 18_32_48\Out\System.Web.Helpers.dll': System.IO.IOException: There is not enough space on the disk.
</Text>
        <Exception>System.IO.IOException: There is not enough space on the disk.

   at System.IO.__Error.WinIOError(Int32 errorCode, String maybeFullPath)
   at System.IO.File.InternalCopy(String sourceFileName, String destFileName, Boolean overwrite, Boolean checkHost)
   at System.IO.File.Copy(String sourceFileName, String destFileName, Boolean overwrite)
   at Microsoft.VisualStudio.TestTools.TestManagement.DeploymentHelper.CopyFileOverwrite(String source, String destination)</Exception>
      </RunInfo>
      <RunInfo computerName="CLAY-DESKTOP" outcome="Warning" timestamp="2016-08-28T18:32:50.2569955-07:00">
        <Text>Warning: Test Run deployment issue: Failed to copy file 'C:\repos\Radial\RadialReview\RadialReview\bin\RadialReview.dll' to 'C:\repos\Radial\RadialReview\Clay_CLAY-DESKTOP 2016-08-28 18_32_48\Out\RadialReview.dll': System.IO.IOException: There is not enough space on the disk.
</Text>
        <Exception>System.IO.IOException: There is not enough space on the disk.

   at System.IO.__Error.WinIOError(Int32 errorCode, String maybeFullPath)
   at System.IO.File.InternalCopy(String sourceFileName, String destFileName, Boolean overwrite, Boolean checkHost)
   at System.IO.File.Copy(String sourceFileName, String destFileName, Boolean overwrite)
   at Microsoft.VisualStudio.TestTools.TestManagement.DeploymentHelper.CopyFileOverwrite(String source, String destination)</Exception>
      </RunInfo>
      <RunInfo computerName="CLAY-DESKTOP" outcome="Warning" timestamp="2016-08-28T18:32:50.2569955-07:00">
        <Text>Warning: Test Run deployment issue: Failed to copy file 'C:\repos\Radial\RadialReview\packages\Microsoft.TestApi.0.6.0.0\lib\net40\TestApiCore.dll' to 'C:\repos\Radial\RadialReview\Clay_CLAY-DESKTOP 2016-08-28 18_32_48\Out\TestApiCore.dll': System.IO.IOException: There is not enough space on the disk.
</Text>
        <Exception>System.IO.IOException: There is not enough space on the disk.

   at System.IO.__Error.WinIOError(Int32 errorCode, String maybeFullPath)
   at System.IO.File.InternalCopy(String sourceFileName, String destFileName, Boolean overwrite, Boolean checkHost)
   at System.IO.File.Copy(String sourceFileName, String destFileName, Boolean overwrite)
   at Microsoft.VisualStudio.TestTools.TestManagement.DeploymentHelper.CopyFileOverwrite(String source, String destination)</Exception>
      </RunInfo>
      <RunInfo computerName="CLAY-DESKTOP" outcome="Warning" timestamp="2016-08-28T18:32:50.2579958-07:00">
        <Text>Warning: Test Run deployment issue: Failed to copy file 'C:\repos\Radial\RadialReview\packages\Selenium.WebDriver.2.53.0\lib\net40\WebDriver.dll' to 'C:\repos\Radial\RadialReview\Clay_CLAY-DESKTOP 2016-08-28 18_32_48\Out\WebDriver.dll': System.IO.IOException: There is not enough space on the disk.
</Text>
        <Exception>System.IO.IOException: There is not enough space on the disk.

   at System.IO.__Error.WinIOError(Int32 errorCode, String maybeFullPath)
   at System.IO.File.InternalCopy(String sourceFileName, String destFileName, Boolean overwrite, Boolean checkHost)
   at System.IO.File.Copy(String sourceFileName, String destFileName, Boolean overwrite)
   at Microsoft.VisualStudio.TestTools.TestManagement.DeploymentHelper.CopyFileOverwrite(String source, String destination)</Exception>
      </RunInfo>
      <RunInfo computerName="CLAY-DESKTOP" outcome="Warning" timestamp="2016-08-28T18:32:50.2589960-07:00">
        <Text>Warning: Test Run deployment issue: Failed to copy file 'C:\Program Files (x86)\Reference Assemblies\Microsoft\Framework\.NETFramework\v4.5.2\System.Drawing.dll' to 'C:\repos\Radial\RadialReview\Clay_CLAY-DESKTOP 2016-08-28 18_32_48\Out\System.Drawing.dll': System.IO.IOException: There is not enough space on the disk.
</Text>
        <Exception>System.IO.IOException: There is not enough space on the disk.

   at System.IO.__Error.WinIOError(Int32 errorCode, String maybeFullPath)
   at System.IO.File.InternalCopy(String sourceFileName, String destFileName, Boolean overwrite, Boolean checkHost)
   at System.IO.File.Copy(String sourceFileName, String destFileName, Boolean overwrite)
   at Microsoft.VisualStudio.TestTools.TestManagement.DeploymentHelper.CopyFileOverwrite(String source, String destination)</Exception>
      </RunInfo>
      <RunInfo computerName="CLAY-DESKTOP" outcome="Warning" timestamp="2016-08-28T18:32:50.2589960-07:00">
        <Text>Warning: Test Run deployment issue: Failed to copy file 'C:\repos\Radial\RadialReview\packages\Microsoft.AspNet.WebPages.3.2.3\lib\net45\System.Web.WebPages.Deployment.dll' to 'C:\repos\Radial\RadialReview\Clay_CLAY-DESKTOP 2016-08-28 18_32_48\Out\System.Web.WebPages.Deployment.dll': System.IO.IOException: There is not enough space on the disk.
</Text>
        <Exception>System.IO.IOException: There is not enough space on the disk.

   at System.IO.__Error.WinIOError(Int32 errorCode, String maybeFullPath)
   at System.IO.File.InternalCopy(String sourceFileName, String destFileName, Boolean overwrite, Boolean checkHost)
   at System.IO.File.Copy(String sourceFileName, String destFileName, Boolean overwrite)
   at Microsoft.VisualStudio.TestTools.TestManagement.DeploymentHelper.CopyFileOverwrite(String source, String destination)</Exception>
      </RunInfo>
      <RunInfo computerName="CLAY-DESKTOP" outcome="Warning" timestamp="2016-08-28T18:32:50.2599962-07:00">
        <Text>Warning: Test Run deployment issue: Failed to copy file 'C:\repos\Radial\RadialReview\packages\PDFsharp-MigraDoc-GDI.1.32.4334.0\lib\net20\MigraDoc.RtfRendering.dll' to 'C:\repos\Radial\RadialReview\Clay_CLAY-DESKTOP 2016-08-28 18_32_48\Out\MigraDoc.RtfRendering.dll': System.IO.IOException: There is not enough space on the disk.
</Text>
        <Exception>System.IO.IOException: There is not enough space on the disk.

   at System.IO.__Error.WinIOError(Int32 errorCode, String maybeFullPath)
   at System.IO.File.InternalCopy(String sourceFileName, String destFileName, Boolean overwrite, Boolean checkHost)
   at System.IO.File.Copy(String sourceFileName, String destFileName, Boolean overwrite)
   at Microsoft.VisualStudio.TestTools.TestManagement.DeploymentHelper.CopyFileOverwrite(String source, String destination)</Exception>
      </RunInfo>
      <RunInfo computerName="CLAY-DESKTOP" outcome="Warning" timestamp="2016-08-28T18:32:50.2609968-07:00">
        <Text>Warning: conflict during test run deployment: deployment item 'C:\repos\Radial\RadialReview\packages\EntityFramework.6.0.0\lib\net45\EntityFramework.dll' directly or indirectly referenced by C:\repos\Radial\RadialReview\TractionTools.UITests\bin\x86\Debug\TractionTools.UITests.dll cannot be deployed to 'EntityFramework.dll' because otherwise the file 'C:\repos\Radial\RadialReview\packages\EntityFramework.6.0.0\lib\net45\EntityFramework.dll' would overwrite deployment item 'C:\repos\Radial\RadialReview\packages\EntityFramework.6.1.3\lib\net45\EntityFramework.dll' directly or indirectly referenced by C:\repos\Radial\RadialReview\TractionTools.Tests\bin\x86\Debug\TractionTools.Tests.dll.</Text>
      </RunInfo>
      <RunInfo computerName="CLAY-DESKTOP" outcome="Warning" timestamp="2016-08-28T18:32:50.2619976-07:00">
        <Text>Warning: Test Run deployment issue: Failed to copy file 'C:\Program Files (x86)\Reference Assemblies\Microsoft\Framework\.NETFramework\v4.5.2\System.Data.dll' to 'C:\repos\Radial\RadialReview\Clay_CLAY-DESKTOP 2016-08-28 18_32_48\Out\System.Data.dll': System.IO.IOException: There is not enough space on the disk.
</Text>
        <Exception>System.IO.IOException: There is not enough space on the disk.

   at System.IO.__Error.WinIOError(Int32 errorCode, String maybeFullPath)
   at System.IO.File.InternalCopy(String sourceFileName, String destFileName, Boolean overwrite, Boolean checkHost)
   at System.IO.File.Copy(String sourceFileName, String destFileName, Boolean overwrite)
   at Microsoft.VisualStudio.TestTools.TestManagement.DeploymentHelper.CopyFileOverwrite(String source, String destination)</Exception>
      </RunInfo>
      <RunInfo computerName="CLAY-DESKTOP" outcome="Warning" timestamp="2016-08-28T18:32:50.2619976-07:00">
        <Text>Warning: Test Run deployment issue: Failed to copy file 'C:\Program Files (x86)\Reference Assemblies\Microsoft\Framework\.NETFramework\v4.5.2\System.Windows.Forms.dll' to 'C:\repos\Radial\RadialReview\Clay_CLAY-DESKTOP 2016-08-28 18_32_48\Out\System.Windows.Forms.dll': System.IO.IOException: There is not enough space on the disk.
</Text>
        <Exception>System.IO.IOException: There is not enough space on the disk.

   at System.IO.__Error.WinIOError(Int32 errorCode, String maybeFullPath)
   at System.IO.File.InternalCopy(String sourceFileName, String destFileName, Boolean overwrite, Boolean checkHost)
   at System.IO.File.Copy(String sourceFileName, String destFileName, Boolean overwrite)
   at Microsoft.VisualStudio.TestTools.TestManagement.DeploymentHelper.CopyFileOverwrite(String source, String destination)</Exception>
      </RunInfo>
      <RunInfo computerName="CLAY-DESKTOP" outcome="Warning" timestamp="2016-08-28T18:32:50.2629976-07:00">
        <Text>Warning: Test Run deployment issue: Failed to copy file 'C:\Program Files (x86)\Reference Assemblies\Microsoft\Framework\.NETFramework\v4.5.2\System.Web.dll' to 'C:\repos\Radial\RadialReview\Clay_CLAY-DESKTOP 2016-08-28 18_32_48\Out\System.Web.dll': System.IO.IOException: There is not enough space on the disk.
</Text>
        <Exception>System.IO.IOException: There is not enough space on the disk.

   at System.IO.__Error.WinIOError(Int32 errorCode, String maybeFullPath)
   at System.IO.File.InternalCopy(String sourceFileName, String destFileName, Boolean overwrite, Boolean checkHost)
   at System.IO.File.Copy(String sourceFileName, String destFileName, Boolean overwrite)
   at Microsoft.VisualStudio.TestTools.TestManagement.DeploymentHelper.CopyFileOverwrite(String source, String destination)</Exception>
      </RunInfo>
      <RunInfo computerName="CLAY-DESKTOP" outcome="Warning" timestamp="2016-08-28T18:32:50.2629976-07:00">
        <Text>Warning: Test Run deployment issue: Failed to copy file 'C:\Program Files (x86)\Reference Assemblies\Microsoft\Framework\.NETFramework\v4.5.2\System.dll' to 'C:\repos\Radial\RadialReview\Clay_CLAY-DESKTOP 2016-08-28 18_32_48\Out\System.dll': System.IO.IOException: There is not enough space on the disk.
</Text>
        <Exception>System.IO.IOException: There is not enough space on the disk.

   at System.IO.__Error.WinIOError(Int32 errorCode, String maybeFullPath)
   at System.IO.File.InternalCopy(String sourceFileName, String destFileName, Boolean overwrite, Boolean checkHost)
   at System.IO.File.Copy(String sourceFileName, String destFileName, Boolean overwrite)
   at Microsoft.VisualStudio.TestTools.TestManagement.DeploymentHelper.CopyFileOverwrite(String source, String destination)</Exception>
      </RunInfo>
      <RunInfo computerName="CLAY-DESKTOP" outcome="Warning" timestamp="2016-08-28T18:32:50.2639975-07:00">
        <Text>Warning: Test Run deployment issue: Failed to copy file 'C:\repos\Radial\RadialReview\packages\Moq.4.2.1510.2205\lib\net40\Moq.dll' to 'C:\repos\Radial\RadialReview\Clay_CLAY-DESKTOP 2016-08-28 18_32_48\Out\Moq.dll': System.IO.IOException: There is not enough space on the disk.
</Text>
        <Exception>System.IO.IOException: There is not enough space on the disk.

   at System.IO.__Error.WinIOError(Int32 errorCode, String maybeFullPath)
   at System.IO.File.InternalCopy(String sourceFileName, String destFileName, Boolean overwrite, Boolean checkHost)
   at System.IO.File.Copy(String sourceFileName, String destFileName, Boolean overwrite)
   at Microsoft.VisualStudio.TestTools.TestManagement.DeploymentHelper.CopyFileOverwrite(String source, String destination)</Exception>
      </RunInfo>
      <RunInfo computerName="CLAY-DESKTOP" outcome="Warning" timestamp="2016-08-28T18:32:50.2639975-07:00">
        <Text>Warning: Test Run deployment issue: Failed to copy file 'C:\repos\Radial\RadialReview\packages\Microsoft.Owin.Security.2.1.0\lib\net45\Microsoft.Owin.Security.dll' to 'C:\repos\Radial\RadialReview\Clay_CLAY-DESKTOP 2016-08-28 18_32_48\Out\Microsoft.Owin.Security.dll': System.IO.IOException: There is not enough space on the disk.
</Text>
        <Exception>System.IO.IOException: There is not enough space on the disk.

   at System.IO.__Error.WinIOError(Int32 errorCode, String maybeFullPath)
   at System.IO.File.InternalCopy(String sourceFileName, String destFileName, Boolean overwrite, Boolean checkHost)
   at System.IO.File.Copy(String sourceFileName, String destFileName, Boolean overwrite)
   at Microsoft.VisualStudio.TestTools.TestManagement.DeploymentHelper.CopyFileOverwrite(String source, String destination)</Exception>
      </RunInfo>
      <RunInfo computerName="CLAY-DESKTOP" outcome="Warning" timestamp="2016-08-28T18:32:50.2759995-07:00">
        <Text>Warning: Test Run deployment issue: Failed to copy file 'C:\repos\Radial\RadialReview\packages\System.Data.SQLite.Core.1.0.102.0\lib\net451\System.Data.SQLite.dll' to 'C:\repos\Radial\RadialReview\Clay_CLAY-DESKTOP 2016-08-28 18_32_48\Out\System.Data.SQLite.dll': System.IO.IOException: There is not enough space on the disk.
</Text>
        <Exception>System.IO.IOException: There is not enough space on the disk.

   at System.IO.__Error.WinIOError(Int32 errorCode, String maybeFullPath)
   at System.IO.File.InternalCopy(String sourceFileName, String destFileName, Boolean overwrite, Boolean checkHost)
   at System.IO.File.Copy(String sourceFileName, String destFileName, Boolean overwrite)
   at Microsoft.VisualStudio.TestTools.TestManagement.DeploymentHelper.CopyFileOverwrite(String source, String destination)</Exception>
      </RunInfo>
      <RunInfo computerName="CLAY-DESKTOP" outcome="Warning" timestamp="2016-08-28T18:32:50.2759995-07:00">
        <Text>Warning: Test Run deployment issue: Failed to copy file 'C:\repos\Radial\RadialReview\packages\EntityFramework.6.1.3\lib\net45\EntityFramework.SqlServer.dll' to 'C:\repos\Radial\RadialReview\Clay_CLAY-DESKTOP 2016-08-28 18_32_48\Out\EntityFramework.SqlServer.dll': System.IO.IOException: There is not enough space on the disk.
</Text>
        <Exception>System.IO.IOException: There is not enough space on the disk.

   at System.IO.__Error.WinIOError(Int32 errorCode, String maybeFullPath)
   at System.IO.File.InternalCopy(String sourceFileName, String destFileName, Boolean overwrite, Boolean checkHost)
   at System.IO.File.Copy(String sourceFileName, String destFileName, Boolean overwrite)
   at Microsoft.VisualStudio.TestTools.TestManagement.DeploymentHelper.CopyFileOverwrite(String source, String destination)</Exception>
      </RunInfo>
      <RunInfo computerName="CLAY-DESKTOP" outcome="Warning" timestamp="2016-08-28T18:32:50.2770009-07:00">
        <Text>Warning: Test Run deployment issue: Failed to copy file 'C:\repos\Radial\RadialReview\packages\Microsoft.Owin.Security.OAuth.2.1.0\lib\net45\Microsoft.Owin.Security.OAuth.dll' to 'C:\repos\Radial\RadialReview\Clay_CLAY-DESKTOP 2016-08-28 18_32_48\Out\Microsoft.Owin.Security.OAuth.dll': System.IO.IOException: There is not enough space on the disk.
</Text>
        <Exception>System.IO.IOException: There is not enough space on the disk.

   at System.IO.__Error.WinIOError(Int32 errorCode, String maybeFullPath)
   at System.IO.File.InternalCopy(String sourceFileName, String destFileName, Boolean overwrite, Boolean checkHost)
   at System.IO.File.Copy(String sourceFileName, String destFileName, Boolean overwrite)
   at Microsoft.VisualStudio.TestTools.TestManagement.DeploymentHelper.CopyFileOverwrite(String source, String destination)</Exception>
      </RunInfo>
      <RunInfo computerName="CLAY-DESKTOP" outcome="Warning" timestamp="2016-08-28T18:32:50.2780012-07:00">
        <Text>Warning: Test Run deployment issue: Failed to copy file 'C:\repos\Radial\RadialReview\packages\Microsoft.AspNet.Identity.Core.2.0.0\lib\net45\Microsoft.AspNet.Identity.Core.dll' to 'C:\repos\Radial\RadialReview\Clay_CLAY-DESKTOP 2016-08-28 18_32_48\Out\Microsoft.AspNet.Identity.Core.dll': System.IO.IOException: There is not enough space on the disk.
</Text>
        <Exception>System.IO.IOException: There is not enough space on the disk.

   at System.IO.__Error.WinIOError(Int32 errorCode, String maybeFullPath)
   at System.IO.File.InternalCopy(String sourceFileName, String destFileName, Boolean overwrite, Boolean checkHost)
   at System.IO.File.Copy(String sourceFileName, String destFileName, Boolean overwrite)
   at Microsoft.VisualStudio.TestTools.TestManagement.DeploymentHelper.CopyFileOverwrite(String source, String destination)</Exception>
      </RunInfo>
      <RunInfo computerName="CLAY-DESKTOP" outcome="Warning" timestamp="2016-08-28T18:32:50.2780012-07:00">
        <Text>Warning: Test Run deployment issue: Failed to copy file 'C:\repos\Radial\RadialReview\packages\NHibernate.4.0.4.4000\lib\net40\NHibernate.dll' to 'C:\repos\Radial\RadialReview\Clay_CLAY-DESKTOP 2016-08-28 18_32_48\Out\NHibernate.dll': System.IO.IOException: There is not enough space on the disk.
</Text>
        <Exception>System.IO.IOException: There is not enough space on the disk.

   at System.IO.__Error.WinIOError(Int32 errorCode, String maybeFullPath)
   at System.IO.File.InternalCopy(String sourceFileName, String destFileName, Boolean overwrite, Boolean checkHost)
   at System.IO.File.Copy(String sourceFileName, String destFileName, Boolean overwrite)
   at Microsoft.VisualStudio.TestTools.TestManagement.DeploymentHelper.CopyFileOverwrite(String source, String destination)</Exception>
      </RunInfo>
      <RunInfo computerName="CLAY-DESKTOP" outcome="Warning" timestamp="2016-08-28T18:32:50.2790002-07:00">
        <Text>Warning: Test Run deployment issue: Failed to copy file 'C:\repos\Radial\RadialReview\packages\Owin.1.0\lib\net40\Owin.dll' to 'C:\repos\Radial\RadialReview\Clay_CLAY-DESKTOP 2016-08-28 18_32_48\Out\Owin.dll': System.IO.IOException: There is not enough space on the disk.
</Text>
        <Exception>System.IO.IOException: There is not enough space on the disk.

   at System.IO.__Error.WinIOError(Int32 errorCode, String maybeFullPath)
   at System.IO.File.InternalCopy(String sourceFileName, String destFileName, Boolean overwrite, Boolean checkHost)
   at System.IO.File.Copy(String sourceFileName, String destFileName, Boolean overwrite)
   at Microsoft.VisualStudio.TestTools.TestManagement.DeploymentHelper.CopyFileOverwrite(String source, String destination)</Exception>
      </RunInfo>
      <RunInfo computerName="CLAY-DESKTOP" outcome="Warning" timestamp="2016-08-28T18:32:50.2790002-07:00">
        <Text>Warning: Test Run deployment issue: Failed to copy file 'C:\repos\Radial\RadialReview\packages\Microsoft.AspNet.Razor.3.2.3\lib\net45\System.Web.Razor.dll' to 'C:\repos\Radial\RadialReview\Clay_CLAY-DESKTOP 2016-08-28 18_32_48\Out\System.Web.Razor.dll': System.IO.IOException: There is not enough space on the disk.
</Text>
        <Exception>System.IO.IOException: There is not enough space on the disk.

   at System.IO.__Error.WinIOError(Int32 errorCode, String maybeFullPath)
   at System.IO.File.InternalCopy(String sourceFileName, String destFileName, Boolean overwrite, Boolean checkHost)
   at System.IO.File.Copy(String sourceFileName, String destFileName, Boolean overwrite)
   at Microsoft.VisualStudio.TestTools.TestManagement.DeploymentHelper.CopyFileOverwrite(String source, String destination)</Exception>
      </RunInfo>
      <RunInfo computerName="CLAY-DESKTOP" outcome="Warning" timestamp="2016-08-28T18:32:50.2800004-07:00">
        <Text>Warning: Test Run deployment issue: Failed to copy file 'C:\repos\Radial\RadialReview\packages\Iesi.Collections.4.0.0.4000\lib\net40\Iesi.Collections.dll' to 'C:\repos\Radial\RadialReview\Clay_CLAY-DESKTOP 2016-08-28 18_32_48\Out\Iesi.Collections.dll': System.IO.IOException: There is not enough space on the disk.
</Text>
        <Exception>System.IO.IOException: There is not enough space on the disk.

   at System.IO.__Error.WinIOError(Int32 errorCode, String maybeFullPath)
   at System.IO.File.InternalCopy(String sourceFileName, String destFileName, Boolean overwrite, Boolean checkHost)
   at System.IO.File.Copy(String sourceFileName, String destFileName, Boolean overwrite)
   at Microsoft.VisualStudio.TestTools.TestManagement.DeploymentHelper.CopyFileOverwrite(String source, String destination)</Exception>
      </RunInfo>
      <RunInfo computerName="CLAY-DESKTOP" outcome="Warning" timestamp="2016-08-28T18:32:50.2800004-07:00">
        <Text>Warning: Test Run deployment issue: Failed to copy file 'C:\Program Files (x86)\Reference Assemblies\Microsoft\Framework\.NETFramework\v4.5.2\System.Web.Extensions.dll' to 'C:\repos\Radial\RadialReview\Clay_CLAY-DESKTOP 2016-08-28 18_32_48\Out\System.Web.Extensions.dll': System.IO.IOException: There is not enough space on the disk.
</Text>
        <Exception>System.IO.IOException: There is not enough space on the disk.

   at System.IO.__Error.WinIOError(Int32 errorCode, String maybeFullPath)
   at System.IO.File.InternalCopy(String sourceFileName, String destFileName, Boolean overwrite, Boolean checkHost)
   at System.IO.File.Copy(String sourceFileName, String destFileName, Boolean overwrite)
   at Microsoft.VisualStudio.TestTools.TestManagement.DeploymentHelper.CopyFileOverwrite(String source, String destination)</Exception>
      </RunInfo>
      <RunInfo computerName="CLAY-DESKTOP" outcome="Warning" timestamp="2016-08-28T18:32:50.2810007-07:00">
        <Text>Warning: Test Run deployment issue: Failed to copy file 'C:\repos\Radial\RadialReview\packages\Microsoft.AspNet.Identity.EntityFramework.2.0.0\lib\net45\Microsoft.AspNet.Identity.EntityFramework.dll' to 'C:\repos\Radial\RadialReview\Clay_CLAY-DESKTOP 2016-08-28 18_32_48\Out\Microsoft.AspNet.Identity.EntityFramework.dll': System.IO.IOException: There is not enough space on the disk.
</Text>
        <Exception>System.IO.IOException: There is not enough space on the disk.

   at System.IO.__Error.WinIOError(Int32 errorCode, String maybeFullPath)
   at System.IO.File.InternalCopy(String sourceFileName, String destFileName, Boolean overwrite, Boolean checkHost)
   at System.IO.File.Copy(String sourceFileName, String destFileName, Boolean overwrite)
   at Microsoft.VisualStudio.TestTools.TestManagement.DeploymentHelper.CopyFileOverwrite(String source, String destination)</Exception>
      </RunInfo>
      <RunInfo computerName="CLAY-DESKTOP" outcome="Warning" timestamp="2016-08-28T18:32:50.2820006-07:00">
        <Text>Warning: Test Run deployment issue: Failed to copy file 'C:\repos\Radial\RadialReview\packages\Microsoft.Web.Infrastructure.1.0.0.0\lib\net40\Microsoft.Web.Infrastructure.dll' to 'C:\repos\Radial\RadialReview\Clay_CLAY-DESKTOP 2016-08-28 18_32_48\Out\Microsoft.Web.Infrastructure.dll': System.IO.IOException: There is not enough space on the disk.
</Text>
        <Exception>System.IO.IOException: There is not enough space on the disk.

   at System.IO.__Error.WinIOError(Int32 errorCode, String maybeFullPath)
   at System.IO.File.InternalCopy(String sourceFileName, String destFileName, Boolean overwrite, Boolean checkHost)
   at System.IO.File.Copy(String sourceFileName, String destFileName, Boolean overwrite)
   at Microsoft.VisualStudio.TestTools.TestManagement.DeploymentHelper.CopyFileOverwrite(String source, String destination)</Exception>
      </RunInfo>
      <RunInfo computerName="CLAY-DESKTOP" outcome="Warning" timestamp="2016-08-28T18:32:50.2820006-07:00">
        <Text>Warning: Test Run deployment issue: Failed to copy file 'C:\repos\Radial\RadialReview\packages\PDFsharp-MigraDoc-GDI.1.32.4334.0\lib\net20\PdfSharp.Charting.dll' to 'C:\repos\Radial\RadialReview\Clay_CLAY-DESKTOP 2016-08-28 18_32_48\Out\PdfSharp.Charting.dll': System.IO.IOException: There is not enough space on the disk.
</Text>
        <Exception>System.IO.IOException: There is not enough space on the disk.

   at System.IO.__Error.WinIOError(Int32 errorCode, String maybeFullPath)
   at System.IO.File.InternalCopy(String sourceFileName, String destFileName, Boolean overwrite, Boolean checkHost)
   at System.IO.File.Copy(String sourceFileName, String destFileName, Boolean overwrite)
   at Microsoft.VisualStudio.TestTools.TestManagement.DeploymentHelper.CopyFileOverwrite(String source, String destination)</Exception>
      </RunInfo>
      <RunInfo computerName="CLAY-DESKTOP" outcome="Warning" timestamp="2016-08-28T18:32:50.2830021-07:00">
        <Text>Warning: Test Run deployment issue: Failed to copy file 'C:\repos\Radial\RadialReview\packages\PDFsharp-MigraDoc-GDI.1.32.4334.0\lib\net20\MigraDoc.DocumentObjectModel.dll' to 'C:\repos\Radial\RadialReview\Clay_CLAY-DESKTOP 2016-08-28 18_32_48\Out\MigraDoc.DocumentObjectModel.dll': System.IO.IOException: There is not enough space on the disk.
</Text>
        <Exception>System.IO.IOException: There is not enough space on the disk.

   at System.IO.__Error.WinIOError(Int32 errorCode, String maybeFullPath)
   at System.IO.File.InternalCopy(String sourceFileName, String destFileName, Boolean overwrite, Boolean checkHost)
   at System.IO.File.Copy(String sourceFileName, String destFileName, Boolean overwrite)
   at Microsoft.VisualStudio.TestTools.TestManagement.DeploymentHelper.CopyFileOverwrite(String source, String destination)</Exception>
      </RunInfo>
      <RunInfo computerName="CLAY-DESKTOP" outcome="Warning" timestamp="2016-08-28T18:32:50.2830021-07:00">
        <Text>Warning: Test Run deployment issue: Failed to copy file 'C:\repos\Radial\RadialReview\packages\System.Data.SQLite.EF6.1.0.102.0\lib\net451\System.Data.SQLite.EF6.dll' to 'C:\repos\Radial\RadialReview\Clay_CLAY-DESKTOP 2016-08-28 18_32_48\Out\System.Data.SQLite.EF6.dll': System.IO.IOException: There is not enough space on the disk.
</Text>
        <Exception>System.IO.IOException: There is not enough space on the disk.

   at System.IO.__Error.WinIOError(Int32 errorCode, String maybeFullPath)
   at System.IO.File.InternalCopy(String sourceFileName, String destFileName, Boolean overwrite, Boolean checkHost)
   at System.IO.File.Copy(String sourceFileName, String destFileName, Boolean overwrite)
   at Microsoft.VisualStudio.TestTools.TestManagement.DeploymentHelper.CopyFileOverwrite(String source, String destination)</Exception>
      </RunInfo>
      <RunInfo computerName="CLAY-DESKTOP" outcome="Warning" timestamp="2016-08-28T18:32:50.2840014-07:00">
        <Text>Warning: Test Run deployment issue: Failed to copy file 'C:\Program Files (x86)\Reference Assemblies\Microsoft\Framework\.NETFramework\v4.5.2\System.ComponentModel.DataAnnotations.dll' to 'C:\repos\Radial\RadialReview\Clay_CLAY-DESKTOP 2016-08-28 18_32_48\Out\System.ComponentModel.DataAnnotations.dll': System.IO.IOException: There is not enough space on the disk.
</Text>
        <Exception>System.IO.IOException: There is not enough space on the disk.

   at System.IO.__Error.WinIOError(Int32 errorCode, String maybeFullPath)
   at System.IO.File.InternalCopy(String sourceFileName, String destFileName, Boolean overwrite, Boolean checkHost)
   at System.IO.File.Copy(String sourceFileName, String destFileName, Boolean overwrite)
   at Microsoft.VisualStudio.TestTools.TestManagement.DeploymentHelper.CopyFileOverwrite(String source, String destination)</Exception>
      </RunInfo>
      <RunInfo computerName="CLAY-DESKTOP" outcome="Warning" timestamp="2016-08-28T18:32:50.2850013-07:00">
        <Text>Warning: Test Run deployment issue: Failed to copy file 'C:\repos\Radial\RadialReview\packages\Microsoft.AspNet.WebPages.3.2.3\lib\net45\System.Web.WebPages.dll' to 'C:\repos\Radial\RadialReview\Clay_CLAY-DESKTOP 2016-08-28 18_32_48\Out\System.Web.WebPages.dll': System.IO.IOException: There is not enough space on the disk.
</Text>
        <Exception>System.IO.IOException: There is not enough space on the disk.

   at System.IO.__Error.WinIOError(Int32 errorCode, String maybeFullPath)
   at System.IO.File.InternalCopy(String sourceFileName, String destFileName, Boolean overwrite, Boolean checkHost)
   at System.IO.File.Copy(String sourceFileName, String destFileName, Boolean overwrite)
   at Microsoft.VisualStudio.TestTools.TestManagement.DeploymentHelper.CopyFileOverwrite(String source, String destination)</Exception>
      </RunInfo>
      <RunInfo computerName="CLAY-DESKTOP" outcome="Warning" timestamp="2016-08-28T18:32:50.2850013-07:00">
        <Text>Warning: Test Run deployment issue: Failed to copy file 'C:\Program Files (x86)\Reference Assemblies\Microsoft\Framework\.NETFramework\v4.5.2\System.Management.dll' to 'C:\repos\Radial\RadialReview\Clay_CLAY-DESKTOP 2016-08-28 18_32_48\Out\System.Management.dll': System.IO.IOException: There is not enough space on the disk.
</Text>
        <Exception>System.IO.IOException: There is not enough space on the disk.

   at System.IO.__Error.WinIOError(Int32 errorCode, String maybeFullPath)
   at System.IO.File.InternalCopy(String sourceFileName, String destFileName, Boolean overwrite, Boolean checkHost)
   at System.IO.File.Copy(String sourceFileName, String destFileName, Boolean overwrite)
   at Microsoft.VisualStudio.TestTools.TestManagement.DeploymentHelper.CopyFileOverwrite(String source, String destination)</Exception>
      </RunInfo>
      <RunInfo computerName="CLAY-DESKTOP" outcome="Warning" timestamp="2016-08-28T18:32:50.2860022-07:00">
        <Text>Warning: Test Run deployment issue: Failed to copy file 'C:\repos\Radial\RadialReview\packages\Microsoft.Owin.2.1.0\lib\net45\Microsoft.Owin.dll' to 'C:\repos\Radial\RadialReview\Clay_CLAY-DESKTOP 2016-08-28 18_32_48\Out\Microsoft.Owin.dll': System.IO.IOException: There is not enough space on the disk.
</Text>
        <Exception>System.IO.IOException: There is not enough space on the disk.

   at System.IO.__Error.WinIOError(Int32 errorCode, String maybeFullPath)
   at System.IO.File.InternalCopy(String sourceFileName, String destFileName, Boolean overwrite, Boolean checkHost)
   at System.IO.File.Copy(String sourceFileName, String destFileName, Boolean overwrite)
   at Microsoft.VisualStudio.TestTools.TestManagement.DeploymentHelper.CopyFileOverwrite(String source, String destination)</Exception>
      </RunInfo>
      <RunInfo computerName="CLAY-DESKTOP" outcome="Warning" timestamp="2016-08-28T18:32:50.2860022-07:00">
        <Text>Warning: Test Run deployment issue: Failed to copy file 'C:\Program Files (x86)\Reference Assemblies\Microsoft\Framework\.NETFramework\v4.5.2\Microsoft.CSharp.dll' to 'C:\repos\Radial\RadialReview\Clay_CLAY-DESKTOP 2016-08-28 18_32_48\Out\Microsoft.CSharp.dll': System.IO.IOException: There is not enough space on the disk.
</Text>
        <Exception>System.IO.IOException: There is not enough space on the disk.

   at System.IO.__Error.WinIOError(Int32 errorCode, String maybeFullPath)
   at System.IO.File.InternalCopy(String sourceFileName, String destFileName, Boolean overwrite, Boolean checkHost)
   at System.IO.File.Copy(String sourceFileName, String destFileName, Boolean overwrite)
   at Microsoft.VisualStudio.TestTools.TestManagement.DeploymentHelper.CopyFileOverwrite(String source, String destination)</Exception>
      </RunInfo>
      <RunInfo computerName="CLAY-DESKTOP" outcome="Warning" timestamp="2016-08-28T18:32:50.2870018-07:00">
        <Text>Warning: Test Run deployment issue: Failed to copy file 'C:\repos\Radial\RadialReview\packages\Newtonsoft.Json.9.0.1\lib\net45\Newtonsoft.Json.dll' to 'C:\repos\Radial\RadialReview\Clay_CLAY-DESKTOP 2016-08-28 18_32_48\Out\Newtonsoft.Json.dll': System.IO.IOException: There is not enough space on the disk.
</Text>
        <Exception>System.IO.IOException: There is not enough space on the disk.

   at System.IO.__Error.WinIOError(Int32 errorCode, String maybeFullPath)
   at System.IO.File.InternalCopy(String sourceFileName, String destFileName, Boolean overwrite, Boolean checkHost)
   at System.IO.File.Copy(String sourceFileName, String destFileName, Boolean overwrite)
   at Microsoft.VisualStudio.TestTools.TestManagement.DeploymentHelper.CopyFileOverwrite(String source, String destination)</Exception>
      </RunInfo>
      <RunInfo computerName="CLAY-DESKTOP" outcome="Warning" timestamp="2016-08-28T18:32:50.2880021-07:00">
        <Text>Warning: Test Run deployment issue: Failed to copy file 'C:\repos\Radial\RadialReview\packages\Microsoft.AspNet.SignalR.Core.2.2.1\lib\net45\Microsoft.AspNet.SignalR.Core.dll' to 'C:\repos\Radial\RadialReview\Clay_CLAY-DESKTOP 2016-08-28 18_32_48\Out\Microsoft.AspNet.SignalR.Core.dll': System.IO.IOException: There is not enough space on the disk.
</Text>
        <Exception>System.IO.IOException: There is not enough space on the disk.

   at System.IO.__Error.WinIOError(Int32 errorCode, String maybeFullPath)
   at System.IO.File.InternalCopy(String sourceFileName, String destFileName, Boolean overwrite, Boolean checkHost)
   at System.IO.File.Copy(String sourceFileName, String destFileName, Boolean overwrite)
   at Microsoft.VisualStudio.TestTools.TestManagement.DeploymentHelper.CopyFileOverwrite(String source, String destination)</Exception>
      </RunInfo>
      <RunInfo computerName="CLAY-DESKTOP" outcome="Warning" timestamp="2016-08-28T18:32:50.2880021-07:00">
        <Text>Warning: conflict during test run deployment: deployment item 'C:\repos\Radial\RadialReview\packages\EntityFramework.6.0.0\lib\net45\EntityFramework.SqlServer.dll' directly or indirectly referenced by C:\repos\Radial\RadialReview\TractionTools.UITests\bin\x86\Debug\TractionTools.UITests.dll cannot be deployed to 'EntityFramework.SqlServer.dll' because otherwise the file 'C:\repos\Radial\RadialReview\packages\EntityFramework.6.0.0\lib\net45\EntityFramework.SqlServer.dll' would overwrite deployment item 'C:\repos\Radial\RadialReview\packages\EntityFramework.6.1.3\lib\net45\EntityFramework.SqlServer.dll' directly or indirectly referenced by C:\repos\Radial\RadialReview\TractionTools.Tests\bin\x86\Debug\TractionTools.Tests.dll.</Text>
      </RunInfo>
      <RunInfo computerName="CLAY-DESKTOP" outcome="Warning" timestamp="2016-08-28T18:32:50.2880021-07:00">
        <Text>Warning: Test Run deployment issue: Failed to copy file 'C:\Program Files (x86)\Reference Assemblies\Microsoft\Framework\.NETFramework\v4.5.2\WindowsBase.dll' to 'C:\repos\Radial\RadialReview\Clay_CLAY-DESKTOP 2016-08-28 18_32_48\Out\WindowsBase.dll': System.IO.IOException: There is not enough space on the disk.
</Text>
        <Exception>System.IO.IOException: There is not enough space on the disk.

   at System.IO.__Error.WinIOError(Int32 errorCode, String maybeFullPath)
   at System.IO.File.InternalCopy(String sourceFileName, String destFileName, Boolean overwrite, Boolean checkHost)
   at System.IO.File.Copy(String sourceFileName, String destFileName, Boolean overwrite)
   at Microsoft.VisualStudio.TestTools.TestManagement.DeploymentHelper.CopyFileOverwrite(String source, String destination)</Exception>
      </RunInfo>
      <RunInfo computerName="CLAY-DESKTOP" outcome="Warning" timestamp="2016-08-28T18:32:50.2890023-07:00">
        <Text>Warning: Test Run deployment issue: Failed to copy file 'c:\repos\radial\radialreview\tractiontools.uitests\bin\x86\debug\log4net.dll' to 'C:\repos\Radial\RadialReview\Clay_CLAY-DESKTOP 2016-08-28 18_32_48\Out\log4net.dll': System.IO.IOException: There is not enough space on the disk.
</Text>
        <Exception>System.IO.IOException: There is not enough space on the disk.

   at System.IO.__Error.WinIOError(Int32 errorCode, String maybeFullPath)
   at System.IO.File.InternalCopy(String sourceFileName, String destFileName, Boolean overwrite, Boolean checkHost)
   at System.IO.File.Copy(String sourceFileName, String destFileName, Boolean overwrite)
   at Microsoft.VisualStudio.TestTools.TestManagement.DeploymentHelper.CopyFileOverwrite(String source, String destination)</Exception>
      </RunInfo>
      <RunInfo computerName="CLAY-DESKTOP" outcome="Warning" timestamp="2016-08-28T18:32:50.2900025-07:00">
        <Text>Warning: Test Run deployment issue: Failed to copy file 'c:\repos\radial\radialreview\tractiontools.uitests\bin\x86\debug\FluentNHibernate.dll' to 'C:\repos\Radial\RadialReview\Clay_CLAY-DESKTOP 2016-08-28 18_32_48\Out\FluentNHibernate.dll': System.IO.IOException: There is not enough space on the disk.
</Text>
        <Exception>System.IO.IOException: There is not enough space on the disk.

   at System.IO.__Error.WinIOError(Int32 errorCode, String maybeFullPath)
   at System.IO.File.InternalCopy(String sourceFileName, String destFileName, Boolean overwrite, Boolean checkHost)
   at System.IO.File.Copy(String sourceFileName, String destFileName, Boolean overwrite)
   at Microsoft.VisualStudio.TestTools.TestManagement.DeploymentHelper.CopyFileOverwrite(String source, String destination)</Exception>
      </RunInfo>
      <RunInfo computerName="CLAY-DESKTOP" outcome="Warning" timestamp="2016-08-28T18:32:50.2910028-07:00">
        <Text>Warning: Test Run deployment issue: Failed to copy file 'c:\repos\radial\radialreview\tractiontools.uitests\bin\x86\debug\System.Web.Optimization.dll' to 'C:\repos\Radial\RadialReview\Clay_CLAY-DESKTOP 2016-08-28 18_32_48\Out\System.Web.Optimization.dll': System.IO.IOException: There is not enough space on the disk.
</Text>
        <Exception>System.IO.IOException: There is not enough space on the disk.

   at System.IO.__Error.WinIOError(Int32 errorCode, String maybeFullPath)
   at System.IO.File.InternalCopy(String sourceFileName, String destFileName, Boolean overwrite, Boolean checkHost)
   at System.IO.File.Copy(String sourceFileName, String destFileName, Boolean overwrite)
   at Microsoft.VisualStudio.TestTools.TestManagement.DeploymentHelper.CopyFileOverwrite(String source, String destination)</Exception>
      </RunInfo>
      <RunInfo computerName="CLAY-DESKTOP" outcome="Warning" timestamp="2016-08-28T18:32:50.2920030-07:00">
        <Text>Warning: Test Run deployment issue: Failed to copy file 'c:\repos\radial\radialreview\tractiontools.uitests\bin\x86\debug\WebGrease.dll' to 'C:\repos\Radial\RadialReview\Clay_CLAY-DESKTOP 2016-08-28 18_32_48\Out\WebGrease.dll': System.IO.IOException: There is not enough space on the disk.
</Text>
        <Exception>System.IO.IOException: There is not enough space on the disk.

   at System.IO.__Error.WinIOError(Int32 errorCode, String maybeFullPath)
   at System.IO.File.InternalCopy(String sourceFileName, String destFileName, Boolean overwrite, Boolean checkHost)
   at System.IO.File.Copy(String sourceFileName, String destFileName, Boolean overwrite)
   at Microsoft.VisualStudio.TestTools.TestManagement.DeploymentHelper.CopyFileOverwrite(String source, String destination)</Exception>
      </RunInfo>
      <RunInfo computerName="CLAY-DESKTOP" outcome="Warning" timestamp="2016-08-28T18:32:50.2930036-07:00">
        <Text>Warning: Test Run deployment issue: Failed to copy file 'c:\repos\radial\radialreview\tractiontools.uitests\bin\x86\debug\Antlr3.Runtime.dll' to 'C:\repos\Radial\RadialReview\Clay_CLAY-DESKTOP 2016-08-28 18_32_48\Out\Antlr3.Runtime.dll': System.IO.IOException: There is not enough space on the disk.
</Text>
        <Exception>System.IO.IOException: There is not enough space on the disk.

   at System.IO.__Error.WinIOError(Int32 errorCode, String maybeFullPath)
   at System.IO.File.InternalCopy(String sourceFileName, String destFileName, Boolean overwrite, Boolean checkHost)
   at System.IO.File.Copy(String sourceFileName, String destFileName, Boolean overwrite)
   at Microsoft.VisualStudio.TestTools.TestManagement.DeploymentHelper.CopyFileOverwrite(String source, String destination)</Exception>
      </RunInfo>
      <RunInfo computerName="CLAY-DESKTOP" outcome="Warning" timestamp="2016-08-28T18:32:50.2930036-07:00">
        <Text>Warning: Test Run deployment issue: Failed to copy file 'c:\repos\radial\radialreview\tractiontools.uitests\bin\x86\debug\System.Web.Http.dll' to 'C:\repos\Radial\RadialReview\Clay_CLAY-DESKTOP 2016-08-28 18_32_48\Out\System.Web.Http.dll': System.IO.IOException: There is not enough space on the disk.
</Text>
        <Exception>System.IO.IOException: There is not enough space on the disk.

   at System.IO.__Error.WinIOError(Int32 errorCode, String maybeFullPath)
   at System.IO.File.InternalCopy(String sourceFileName, String destFileName, Boolean overwrite, Boolean checkHost)
   at System.IO.File.Copy(String sourceFileName, String destFileName, Boolean overwrite)
   at Microsoft.VisualStudio.TestTools.TestManagement.DeploymentHelper.CopyFileOverwrite(String source, String destination)</Exception>
      </RunInfo>
      <RunInfo computerName="CLAY-DESKTOP" outcome="Warning" timestamp="2016-08-28T18:32:50.2940038-07:00">
        <Text>Warning: Test Run deployment issue: Failed to copy file 'c:\repos\radial\radialreview\tractiontools.uitests\bin\x86\debug\System.Net.Http.Formatting.dll' to 'C:\repos\Radial\RadialReview\Clay_CLAY-DESKTOP 2016-08-28 18_32_48\Out\System.Net.Http.Formatting.dll': System.IO.IOException: There is not enough space on the disk.
</Text>
        <Exception>System.IO.IOException: There is not enough space on the disk.

   at System.IO.__Error.WinIOError(Int32 errorCode, String maybeFullPath)
   at System.IO.File.InternalCopy(String sourceFileName, String destFileName, Boolean overwrite, Boolean checkHost)
   at System.IO.File.Copy(String sourceFileName, String destFileName, Boolean overwrite)
   at Microsoft.VisualStudio.TestTools.TestManagement.DeploymentHelper.CopyFileOverwrite(String source, String destination)</Exception>
      </RunInfo>
      <RunInfo computerName="CLAY-DESKTOP" outcome="Warning" timestamp="2016-08-28T18:32:50.2940038-07:00">
        <Text>Warning: Test Run deployment issue: Failed to copy file 'c:\repos\radial\radialreview\tractiontools.uitests\bin\x86\debug\AWSSDK.dll' to 'C:\repos\Radial\RadialReview\Clay_CLAY-DESKTOP 2016-08-28 18_32_48\Out\AWSSDK.dll': System.IO.IOException: There is not enough space on the disk.
</Text>
        <Exception>System.IO.IOException: There is not enough space on the disk.

   at System.IO.__Error.WinIOError(Int32 errorCode, String maybeFullPath)
   at System.IO.File.InternalCopy(String sourceFileName, String destFileName, Boolean overwrite, Boolean checkHost)
   at System.IO.File.Copy(String sourceFileName, String destFileName, Boolean overwrite)
   at Microsoft.VisualStudio.TestTools.TestManagement.DeploymentHelper.CopyFileOverwrite(String source, String destination)</Exception>
      </RunInfo>
      <RunInfo computerName="CLAY-DESKTOP" outcome="Warning" timestamp="2016-08-28T18:32:50.2950040-07:00">
        <Text>Warning: Test Run deployment issue: Failed to copy file 'c:\repos\radial\radialreview\tractiontools.uitests\bin\x86\debug\BCXAPI.dll' to 'C:\repos\Radial\RadialReview\Clay_CLAY-DESKTOP 2016-08-28 18_32_48\Out\BCXAPI.dll': System.IO.IOException: There is not enough space on the disk.
</Text>
        <Exception>System.IO.IOException: There is not enough space on the disk.

   at System.IO.__Error.WinIOError(Int32 errorCode, String maybeFullPath)
   at System.IO.File.InternalCopy(String sourceFileName, String destFileName, Boolean overwrite, Boolean checkHost)
   at System.IO.File.Copy(String sourceFileName, String destFileName, Boolean overwrite)
   at Microsoft.VisualStudio.TestTools.TestManagement.DeploymentHelper.CopyFileOverwrite(String source, String destination)</Exception>
      </RunInfo>
      <RunInfo computerName="CLAY-DESKTOP" outcome="Warning" timestamp="2016-08-28T18:32:50.2960040-07:00">
        <Text>Warning: Test Run deployment issue: Failed to copy file 'c:\repos\radial\radialreview\tractiontools.uitests\bin\x86\debug\OpenPop.dll' to 'C:\repos\Radial\RadialReview\Clay_CLAY-DESKTOP 2016-08-28 18_32_48\Out\OpenPop.dll': System.IO.IOException: There is not enough space on the disk.
</Text>
        <Exception>System.IO.IOException: There is not enough space on the disk.

   at System.IO.__Error.WinIOError(Int32 errorCode, String maybeFullPath)
   at System.IO.File.InternalCopy(String sourceFileName, String destFileName, Boolean overwrite, Boolean checkHost)
   at System.IO.File.Copy(String sourceFileName, String destFileName, Boolean overwrite)
   at Microsoft.VisualStudio.TestTools.TestManagement.DeploymentHelper.CopyFileOverwrite(String source, String destination)</Exception>
      </RunInfo>
      <RunInfo computerName="CLAY-DESKTOP" outcome="Warning" timestamp="2016-08-28T18:32:50.2960040-07:00">
        <Text>Warning: Test Run deployment issue: Failed to copy file 'c:\repos\radial\radialreview\tractiontools.uitests\bin\x86\debug\LumenWorks.Framework.IO.dll' to 'C:\repos\Radial\RadialReview\Clay_CLAY-DESKTOP 2016-08-28 18_32_48\Out\LumenWorks.Framework.IO.dll': System.IO.IOException: There is not enough space on the disk.
</Text>
        <Exception>System.IO.IOException: There is not enough space on the disk.

   at System.IO.__Error.WinIOError(Int32 errorCode, String maybeFullPath)
   at System.IO.File.InternalCopy(String sourceFileName, String destFileName, Boolean overwrite, Boolean checkHost)
   at System.IO.File.Copy(String sourceFileName, String destFileName, Boolean overwrite)
   at Microsoft.VisualStudio.TestTools.TestManagement.DeploymentHelper.CopyFileOverwrite(String source, String destination)</Exception>
      </RunInfo>
      <RunInfo computerName="CLAY-DESKTOP" outcome="Warning" timestamp="2016-08-28T18:32:50.2970042-07:00">
        <Text>Warning: Test Run deployment issue: Failed to copy file 'c:\repos\radial\radialreview\tractiontools.uitests\bin\x86\debug\NHibernate.Envers.dll' to 'C:\repos\Radial\RadialReview\Clay_CLAY-DESKTOP 2016-08-28 18_32_48\Out\NHibernate.Envers.dll': System.IO.IOException: There is not enough space on the disk.
</Text>
        <Exception>System.IO.IOException: There is not enough space on the disk.

   at System.IO.__Error.WinIOError(Int32 errorCode, String maybeFullPath)
   at System.IO.File.InternalCopy(String sourceFileName, String destFileName, Boolean overwrite, Boolean checkHost)
   at System.IO.File.Copy(String sourceFileName, String destFileName, Boolean overwrite)
   at Microsoft.VisualStudio.TestTools.TestManagement.DeploymentHelper.CopyFileOverwrite(String source, String destination)</Exception>
      </RunInfo>
      <RunInfo computerName="CLAY-DESKTOP" outcome="Warning" timestamp="2016-08-28T18:32:50.2970042-07:00">
        <Text>Warning: conflict during test run deployment: deployment item 'c:\repos\radial\radialreview\tractiontools.uitests\bin\x86\debug\Microsoft.AspNet.Identity.Core.dll' directly or indirectly referenced by the test container 'c:\repos\radial\radialreview\tractiontools.uitests\bin\x86\debug\tractiontools.uitests.dll' cannot be deployed to 'Microsoft.AspNet.Identity.Core.dll' because otherwise the file 'c:\repos\radial\radialreview\tractiontools.uitests\bin\x86\debug\Microsoft.AspNet.Identity.Core.dll' would overwrite deployment item 'C:\repos\Radial\RadialReview\packages\Microsoft.AspNet.Identity.Core.2.0.0\lib\net45\Microsoft.AspNet.Identity.Core.dll' directly or indirectly referenced by C:\repos\Radial\RadialReview\TractionTools.Tests\bin\x86\Debug\TractionTools.Tests.dll.</Text>
      </RunInfo>
      <RunInfo computerName="CLAY-DESKTOP" outcome="Warning" timestamp="2016-08-28T18:32:50.2970042-07:00">
        <Text>Warning: conflict during test run deployment: deployment item 'c:\repos\radial\radialreview\tractiontools.uitests\bin\x86\debug\Microsoft.AspNet.Identity.EntityFramework.dll' directly or indirectly referenced by the test container 'c:\repos\radial\radialreview\tractiontools.uitests\bin\x86\debug\tractiontools.uitests.dll' cannot be deployed to 'Microsoft.AspNet.Identity.EntityFramework.dll' because otherwise the file 'c:\repos\radial\radialreview\tractiontools.uitests\bin\x86\debug\Microsoft.AspNet.Identity.EntityFramework.dll' would overwrite deployment item 'C:\repos\Radial\RadialReview\packages\Microsoft.AspNet.Identity.EntityFramework.2.0.0\lib\net45\Microsoft.AspNet.Identity.EntityFramework.dll' directly or indirectly referenced by C:\repos\Radial\RadialReview\TractionTools.Tests\bin\x86\Debug\TractionTools.Tests.dll.</Text>
      </RunInfo>
      <RunInfo computerName="CLAY-DESKTOP" outcome="Warning" timestamp="2016-08-28T18:32:50.2970042-07:00">
        <Text>Warning: conflict during test run deployment: deployment item 'c:\repos\radial\radialreview\tractiontools.uitests\bin\x86\debug\EntityFramework.dll' directly or indirectly referenced by the test container 'c:\repos\radial\radialreview\tractiontools.uitests\bin\x86\debug\tractiontools.uitests.dll' cannot be deployed to 'EntityFramework.dll' because otherwise the file 'c:\repos\radial\radialreview\tractiontools.uitests\bin\x86\debug\EntityFramework.dll' would overwrite deployment item 'C:\repos\Radial\RadialReview\packages\EntityFramework.6.1.3\lib\net45\EntityFramework.dll' directly or indirectly referenced by C:\repos\Radial\RadialReview\TractionTools.Tests\bin\x86\Debug\TractionTools.Tests.dll.</Text>
      </RunInfo>
      <RunInfo computerName="CLAY-DESKTOP" outcome="Warning" timestamp="2016-08-28T18:32:50.2980045-07:00">
        <Text>Warning: Test Run deployment issue: Failed to copy file 'c:\repos\radial\radialreview\tractiontools.uitests\bin\x86\debug\Mandrill.dll' to 'C:\repos\Radial\RadialReview\Clay_CLAY-DESKTOP 2016-08-28 18_32_48\Out\Mandrill.dll': System.IO.IOException: There is not enough space on the disk.
</Text>
        <Exception>System.IO.IOException: There is not enough space on the disk.

   at System.IO.__Error.WinIOError(Int32 errorCode, String maybeFullPath)
   at System.IO.File.InternalCopy(String sourceFileName, String destFileName, Boolean overwrite, Boolean checkHost)
   at System.IO.File.Copy(String sourceFileName, String destFileName, Boolean overwrite)
   at Microsoft.VisualStudio.TestTools.TestManagement.DeploymentHelper.CopyFileOverwrite(String source, String destination)</Exception>
      </RunInfo>
      <RunInfo computerName="CLAY-DESKTOP" outcome="Warning" timestamp="2016-08-28T18:32:50.2980045-07:00">
        <Text>Warning: Test Run deployment issue: Failed to copy file 'c:\repos\radial\radialreview\tractiontools.uitests\bin\x86\debug\TimeZoneNames.dll' to 'C:\repos\Radial\RadialReview\Clay_CLAY-DESKTOP 2016-08-28 18_32_48\Out\TimeZoneNames.dll': System.IO.IOException: There is not enough space on the disk.
</Text>
        <Exception>System.IO.IOException: There is not enough space on the disk.

   at System.IO.__Error.WinIOError(Int32 errorCode, String maybeFullPath)
   at System.IO.File.InternalCopy(String sourceFileName, String destFileName, Boolean overwrite, Boolean checkHost)
   at System.IO.File.Copy(String sourceFileName, String destFileName, Boolean overwrite)
   at Microsoft.VisualStudio.TestTools.TestManagement.DeploymentHelper.CopyFileOverwrite(String source, String destination)</Exception>
      </RunInfo>
      <RunInfo computerName="CLAY-DESKTOP" outcome="Warning" timestamp="2016-08-28T18:32:50.2990047-07:00">
        <Text>Warning: Test Run deployment issue: Failed to copy file 'c:\repos\radial\radialreview\tractiontools.uitests\bin\x86\debug\protobuf-net.dll' to 'C:\repos\Radial\RadialReview\Clay_CLAY-DESKTOP 2016-08-28 18_32_48\Out\protobuf-net.dll': System.IO.IOException: There is not enough space on the disk.
</Text>
        <Exception>System.IO.IOException: There is not enough space on the disk.

   at System.IO.__Error.WinIOError(Int32 errorCode, String maybeFullPath)
   at System.IO.File.InternalCopy(String sourceFileName, String destFileName, Boolean overwrite, Boolean checkHost)
   at System.IO.File.Copy(String sourceFileName, String destFileName, Boolean overwrite)
   at Microsoft.VisualStudio.TestTools.TestManagement.DeploymentHelper.CopyFileOverwrite(String source, String destination)</Exception>
      </RunInfo>
      <RunInfo computerName="CLAY-DESKTOP" outcome="Warning" timestamp="2016-08-28T18:32:50.3000049-07:00">
        <Text>Warning: Test Run deployment issue: Failed to copy file 'c:\repos\radial\radialreview\tractiontools.uitests\bin\x86\debug\TrelloNet.dll' to 'C:\repos\Radial\RadialReview\Clay_CLAY-DESKTOP 2016-08-28 18_32_48\Out\TrelloNet.dll': System.IO.IOException: There is not enough space on the disk.
</Text>
        <Exception>System.IO.IOException: There is not enough space on the disk.

   at System.IO.__Error.WinIOError(Int32 errorCode, String maybeFullPath)
   at System.IO.File.InternalCopy(String sourceFileName, String destFileName, Boolean overwrite, Boolean checkHost)
   at System.IO.File.Copy(String sourceFileName, String destFileName, Boolean overwrite)
   at Microsoft.VisualStudio.TestTools.TestManagement.DeploymentHelper.CopyFileOverwrite(String source, String destination)</Exception>
      </RunInfo>
      <RunInfo computerName="CLAY-DESKTOP" outcome="Warning" timestamp="2016-08-28T18:32:50.3000049-07:00">
        <Text>Warning: Test Run deployment issue: Failed to copy file 'c:\repos\radial\radialreview\tractiontools.uitests\bin\x86\debug\Ionic.Zip.dll' to 'C:\repos\Radial\RadialReview\Clay_CLAY-DESKTOP 2016-08-28 18_32_48\Out\Ionic.Zip.dll': System.IO.IOException: There is not enough space on the disk.
</Text>
        <Exception>System.IO.IOException: There is not enough space on the disk.

   at System.IO.__Error.WinIOError(Int32 errorCode, String maybeFullPath)
   at System.IO.File.InternalCopy(String sourceFileName, String destFileName, Boolean overwrite, Boolean checkHost)
   at System.IO.File.Copy(String sourceFileName, String destFileName, Boolean overwrite)
   at Microsoft.VisualStudio.TestTools.TestManagement.DeploymentHelper.CopyFileOverwrite(String source, String destination)</Exception>
      </RunInfo>
      <RunInfo computerName="CLAY-DESKTOP" outcome="Warning" timestamp="2016-08-28T18:32:50.3010052-07:00">
        <Text>Warning: Test Run deployment issue: Failed to copy file 'c:\repos\radial\radialreview\tractiontools.uitests\bin\x86\debug\DocX.dll' to 'C:\repos\Radial\RadialReview\Clay_CLAY-DESKTOP 2016-08-28 18_32_48\Out\DocX.dll': System.IO.IOException: There is not enough space on the disk.
</Text>
        <Exception>System.IO.IOException: There is not enough space on the disk.

   at System.IO.__Error.WinIOError(Int32 errorCode, String maybeFullPath)
   at System.IO.File.InternalCopy(String sourceFileName, String destFileName, Boolean overwrite, Boolean checkHost)
   at System.IO.File.Copy(String sourceFileName, String destFileName, Boolean overwrite)
   at Microsoft.VisualStudio.TestTools.TestManagement.DeploymentHelper.CopyFileOverwrite(String source, String destination)</Exception>
      </RunInfo>
      <RunInfo computerName="CLAY-DESKTOP" outcome="Warning" timestamp="2016-08-28T18:32:50.3010052-07:00">
        <Text>Warning: Test Run deployment issue: Failed to copy file 'c:\repos\radial\radialreview\tractiontools.uitests\bin\x86\debug\Microsoft.AspNet.Identity.Owin.dll' to 'C:\repos\Radial\RadialReview\Clay_CLAY-DESKTOP 2016-08-28 18_32_48\Out\Microsoft.AspNet.Identity.Owin.dll': System.IO.IOException: There is not enough space on the disk.
</Text>
        <Exception>System.IO.IOException: There is not enough space on the disk.

   at System.IO.__Error.WinIOError(Int32 errorCode, String maybeFullPath)
   at System.IO.File.InternalCopy(String sourceFileName, String destFileName, Boolean overwrite, Boolean checkHost)
   at System.IO.File.Copy(String sourceFileName, String destFileName, Boolean overwrite)
   at Microsoft.VisualStudio.TestTools.TestManagement.DeploymentHelper.CopyFileOverwrite(String source, String destination)</Exception>
      </RunInfo>
      <RunInfo computerName="CLAY-DESKTOP" outcome="Warning" timestamp="2016-08-28T18:32:50.3020054-07:00">
        <Text>Warning: Test Run deployment issue: Failed to copy file 'c:\repos\radial\radialreview\tractiontools.uitests\bin\x86\debug\Microsoft.Owin.Security.Cookies.dll' to 'C:\repos\Radial\RadialReview\Clay_CLAY-DESKTOP 2016-08-28 18_32_48\Out\Microsoft.Owin.Security.Cookies.dll': System.IO.IOException: There is not enough space on the disk.
</Text>
        <Exception>System.IO.IOException: There is not enough space on the disk.

   at System.IO.__Error.WinIOError(Int32 errorCode, String maybeFullPath)
   at System.IO.File.InternalCopy(String sourceFileName, String destFileName, Boolean overwrite, Boolean checkHost)
   at System.IO.File.Copy(String sourceFileName, String destFileName, Boolean overwrite)
   at Microsoft.VisualStudio.TestTools.TestManagement.DeploymentHelper.CopyFileOverwrite(String source, String destination)</Exception>
      </RunInfo>
      <RunInfo computerName="CLAY-DESKTOP" outcome="Warning" timestamp="2016-08-28T18:32:50.3030057-07:00">
        <Text>Warning: Test Run deployment issue: Failed to copy file 'c:\repos\radial\radialreview\tractiontools.uitests\bin\x86\debug\ImageResizer.dll' to 'C:\repos\Radial\RadialReview\Clay_CLAY-DESKTOP 2016-08-28 18_32_48\Out\ImageResizer.dll': System.IO.IOException: There is not enough space on the disk.
</Text>
        <Exception>System.IO.IOException: There is not enough space on the disk.

   at System.IO.__Error.WinIOError(Int32 errorCode, String maybeFullPath)
   at System.IO.File.InternalCopy(String sourceFileName, String destFileName, Boolean overwrite, Boolean checkHost)
   at System.IO.File.Copy(String sourceFileName, String destFileName, Boolean overwrite)
   at Microsoft.VisualStudio.TestTools.TestManagement.DeploymentHelper.CopyFileOverwrite(String source, String destination)</Exception>
      </RunInfo>
      <RunInfo computerName="CLAY-DESKTOP" outcome="Warning" timestamp="2016-08-28T18:32:50.3030057-07:00">
        <Text>Warning: Test Run deployment issue: Failed to copy file 'c:\repos\radial\radialreview\tractiontools.uitests\bin\x86\debug\CsvHelper.dll' to 'C:\repos\Radial\RadialReview\Clay_CLAY-DESKTOP 2016-08-28 18_32_48\Out\CsvHelper.dll': System.IO.IOException: There is not enough space on the disk.
</Text>
        <Exception>System.IO.IOException: There is not enough space on the disk.

   at System.IO.__Error.WinIOError(Int32 errorCode, String maybeFullPath)
   at System.IO.File.InternalCopy(String sourceFileName, String destFileName, Boolean overwrite, Boolean checkHost)
   at System.IO.File.Copy(String sourceFileName, String destFileName, Boolean overwrite)
   at Microsoft.VisualStudio.TestTools.TestManagement.DeploymentHelper.CopyFileOverwrite(String source, String destination)</Exception>
      </RunInfo>
      <RunInfo computerName="CLAY-DESKTOP" outcome="Warning" timestamp="2016-08-28T18:32:50.3040062-07:00">
        <Text>Warning: Test Run deployment issue: Failed to copy file 'c:\repos\radial\radialreview\tractiontools.uitests\bin\x86\debug\OxyPlot.dll' to 'C:\repos\Radial\RadialReview\Clay_CLAY-DESKTOP 2016-08-28 18_32_48\Out\OxyPlot.dll': System.IO.IOException: There is not enough space on the disk.
</Text>
        <Exception>System.IO.IOException: There is not enough space on the disk.

   at System.IO.__Error.WinIOError(Int32 errorCode, String maybeFullPath)
   at System.IO.File.InternalCopy(String sourceFileName, String destFileName, Boolean overwrite, Boolean checkHost)
   at System.IO.File.Copy(String sourceFileName, String destFileName, Boolean overwrite)
   at Microsoft.VisualStudio.TestTools.TestManagement.DeploymentHelper.CopyFileOverwrite(String source, String destination)</Exception>
      </RunInfo>
      <RunInfo computerName="CLAY-DESKTOP" outcome="Warning" timestamp="2016-08-28T18:32:50.3040062-07:00">
        <Text>Warning: Test Run deployment issue: Failed to copy file 'c:\repos\radial\radialreview\tractiontools.uitests\bin\x86\debug\Microsoft.AspNet.SignalR.Redis.dll' to 'C:\repos\Radial\RadialReview\Clay_CLAY-DESKTOP 2016-08-28 18_32_48\Out\Microsoft.AspNet.SignalR.Redis.dll': System.IO.IOException: There is not enough space on the disk.
</Text>
        <Exception>System.IO.IOException: There is not enough space on the disk.

   at System.IO.__Error.WinIOError(Int32 errorCode, String maybeFullPath)
   at System.IO.File.InternalCopy(String sourceFileName, String destFileName, Boolean overwrite, Boolean checkHost)
   at System.IO.File.Copy(String sourceFileName, String destFileName, Boolean overwrite)
   at Microsoft.VisualStudio.TestTools.TestManagement.DeploymentHelper.CopyFileOverwrite(String source, String destination)</Exception>
      </RunInfo>
      <RunInfo computerName="CLAY-DESKTOP" outcome="Warning" timestamp="2016-08-28T18:32:50.3050061-07:00">
        <Text>Warning: Test Run deployment issue: Failed to copy file 'c:\repos\radial\radialreview\tractiontools.uitests\bin\x86\debug\StackExchange.Redis.StrongName.dll' to 'C:\repos\Radial\RadialReview\Clay_CLAY-DESKTOP 2016-08-28 18_32_48\Out\StackExchange.Redis.StrongName.dll': System.IO.IOException: There is not enough space on the disk.
</Text>
        <Exception>System.IO.IOException: There is not enough space on the disk.

   at System.IO.__Error.WinIOError(Int32 errorCode, String maybeFullPath)
   at System.IO.File.InternalCopy(String sourceFileName, String destFileName, Boolean overwrite, Boolean checkHost)
   at System.IO.File.Copy(String sourceFileName, String destFileName, Boolean overwrite)
   at Microsoft.VisualStudio.TestTools.TestManagement.DeploymentHelper.CopyFileOverwrite(String source, String destination)</Exception>
      </RunInfo>
      <RunInfo computerName="CLAY-DESKTOP" outcome="Warning" timestamp="2016-08-28T18:32:50.3060064-07:00">
        <Text>Warning: Test Run deployment issue: Failed to copy file 'c:\repos\radial\radialreview\tractiontools.uitests\bin\x86\debug\System.Web.Http.WebHost.dll' to 'C:\repos\Radial\RadialReview\Clay_CLAY-DESKTOP 2016-08-28 18_32_48\Out\System.Web.Http.WebHost.dll': System.IO.IOException: There is not enough space on the disk.
</Text>
        <Exception>System.IO.IOException: There is not enough space on the disk.

   at System.IO.__Error.WinIOError(Int32 errorCode, String maybeFullPath)
   at System.IO.File.InternalCopy(String sourceFileName, String destFileName, Boolean overwrite, Boolean checkHost)
   at System.IO.File.Copy(String sourceFileName, String destFileName, Boolean overwrite)
   at Microsoft.VisualStudio.TestTools.TestManagement.DeploymentHelper.CopyFileOverwrite(String source, String destination)</Exception>
      </RunInfo>
      <RunInfo computerName="CLAY-DESKTOP" outcome="Warning" timestamp="2016-08-28T18:32:50.3070072-07:00">
        <Text>Warning: Test Run deployment issue: Failed to copy file 'c:\repos\radial\radialreview\tractiontools.uitests\bin\x86\debug\CommonMark.dll' to 'C:\repos\Radial\RadialReview\Clay_CLAY-DESKTOP 2016-08-28 18_32_48\Out\CommonMark.dll': System.IO.IOException: There is not enough space on the disk.
</Text>
        <Exception>System.IO.IOException: There is not enough space on the disk.

   at System.IO.__Error.WinIOError(Int32 errorCode, String maybeFullPath)
   at System.IO.File.InternalCopy(String sourceFileName, String destFileName, Boolean overwrite, Boolean checkHost)
   at System.IO.File.Copy(String sourceFileName, String destFileName, Boolean overwrite)
   at Microsoft.VisualStudio.TestTools.TestManagement.DeploymentHelper.CopyFileOverwrite(String source, String destination)</Exception>
      </RunInfo>
      <RunInfo computerName="CLAY-DESKTOP" outcome="Warning" timestamp="2016-08-28T18:32:50.3080078-07:00">
        <Text>Warning: Test Run deployment issue: Failed to copy file 'c:\repos\radial\radialreview\tractiontools.uitests\bin\x86\debug\Microsoft.Owin.Host.SystemWeb.dll' to 'C:\repos\Radial\RadialReview\Clay_CLAY-DESKTOP 2016-08-28 18_32_48\Out\Microsoft.Owin.Host.SystemWeb.dll': System.IO.IOException: There is not enough space on the disk.
</Text>
        <Exception>System.IO.IOException: There is not enough space on the disk.

   at System.IO.__Error.WinIOError(Int32 errorCode, String maybeFullPath)
   at System.IO.File.InternalCopy(String sourceFileName, String destFileName, Boolean overwrite, Boolean checkHost)
   at System.IO.File.Copy(String sourceFileName, String destFileName, Boolean overwrite)
   at Microsoft.VisualStudio.TestTools.TestManagement.DeploymentHelper.CopyFileOverwrite(String source, String destination)</Exception>
      </RunInfo>
      <RunInfo computerName="CLAY-DESKTOP" outcome="Warning" timestamp="2016-08-28T18:32:50.3090080-07:00">
        <Text>Warning: Test Run deployment issue: Failed to copy file 'c:\repos\radial\radialreview\tractiontools.uitests\bin\x86\debug\OxyPlot.Wpf.dll' to 'C:\repos\Radial\RadialReview\Clay_CLAY-DESKTOP 2016-08-28 18_32_48\Out\OxyPlot.Wpf.dll': System.IO.IOException: There is not enough space on the disk.
</Text>
        <Exception>System.IO.IOException: There is not enough space on the disk.

   at System.IO.__Error.WinIOError(Int32 errorCode, String maybeFullPath)
   at System.IO.File.InternalCopy(String sourceFileName, String destFileName, Boolean overwrite, Boolean checkHost)
   at System.IO.File.Copy(String sourceFileName, String destFileName, Boolean overwrite)
   at Microsoft.VisualStudio.TestTools.TestManagement.DeploymentHelper.CopyFileOverwrite(String source, String destination)</Exception>
      </RunInfo>
      <RunInfo computerName="CLAY-DESKTOP" outcome="Warning" timestamp="2016-08-28T18:32:50.3100100-07:00">
        <Text>Warning: Test Run deployment issue: Failed to copy file 'c:\repos\radial\radialreview\tractiontools.uitests\bin\x86\debug\Microsoft.AspNet.SignalR.SystemWeb.dll' to 'C:\repos\Radial\RadialReview\Clay_CLAY-DESKTOP 2016-08-28 18_32_48\Out\Microsoft.AspNet.SignalR.SystemWeb.dll': System.IO.IOException: There is not enough space on the disk.
</Text>
        <Exception>System.IO.IOException: There is not enough space on the disk.

   at System.IO.__Error.WinIOError(Int32 errorCode, String maybeFullPath)
   at System.IO.File.InternalCopy(String sourceFileName, String destFileName, Boolean overwrite, Boolean checkHost)
   at System.IO.File.Copy(String sourceFileName, String destFileName, Boolean overwrite)
   at Microsoft.VisualStudio.TestTools.TestManagement.DeploymentHelper.CopyFileOverwrite(String source, String destination)</Exception>
      </RunInfo>
      <RunInfo computerName="CLAY-DESKTOP" outcome="Warning" timestamp="2016-08-28T18:32:50.3110085-07:00">
        <Text>Warning: Test Run deployment issue: Failed to copy file 'c:\repos\radial\radialreview\tractiontools.uitests\bin\x86\debug\MathNet.Numerics.dll' to 'C:\repos\Radial\RadialReview\Clay_CLAY-DESKTOP 2016-08-28 18_32_48\Out\MathNet.Numerics.dll': System.IO.IOException: There is not enough space on the disk.
</Text>
        <Exception>System.IO.IOException: There is not enough space on the disk.

   at System.IO.__Error.WinIOError(Int32 errorCode, String maybeFullPath)
   at System.IO.File.InternalCopy(String sourceFileName, String destFileName, Boolean overwrite, Boolean checkHost)
   at System.IO.File.Copy(String sourceFileName, String destFileName, Boolean overwrite)
   at Microsoft.VisualStudio.TestTools.TestManagement.DeploymentHelper.CopyFileOverwrite(String source, String destination)</Exception>
      </RunInfo>
      <RunInfo computerName="CLAY-DESKTOP" outcome="Warning" timestamp="2016-08-28T18:32:50.3200103-07:00">
        <Text>Warning: Test Run deployment issue: The assembly or module 'RestSharp' directly or indirectly referenced by the test container 'c:\repos\radial\radialreview\tractiontools.uitests\bin\x86\debug\tractiontools.uitests.dll' was not found.</Text>
      </RunInfo>
    </RunInfos>
  </ResultSummary>
  <TestDefinitions>
    <UnitTest name="L10_Wizard_Issues" storage="c:\repos\radial\radialreview\tractiontools.uitests\bin\x86\debug\tractiontools.uitests.dll" id="da720cd2-d7ad-e480-55f5-36731a1892d7">
      <Execution id="4b8b0e88-908a-43b0-a3d9-fc666d7c1ff9" />
      <TestMethod codeBase="C:/repos/Radial/RadialReview/TractionTools.UITests/bin/x86/Debug/TractionTools.UITests.DLL" adapterTypeName="Microsoft.VisualStudio.TestTools.TestTypes.Unit.UnitTestAdapter, Microsoft.VisualStudio.QualityTools.Tips.UnitTest.Adapter, Version=14.0.0.0, Culture=neutral, PublicKeyToken=b03f5f7f11d50a3a" className="TractionTools.UITests.L10Wizard.L10Wizard, TractionTools.UITests, Version=1.0.0.0, Culture=neutral, PublicKeyToken=null" name="L10_Wizard_Issues" />
    </UnitTest>
    <UnitTest name="UpdateScoreInMeeting_CreateScores" storage="c:\repos\radial\radialreview\tractiontools.tests\bin\x86\debug\tractiontools.tests.dll" id="2bb5e71c-e847-8432-8744-fc74232f0e63">
      <Execution id="d992c7a1-f3f4-4e24-98ec-eb69a6e414ec" />
      <TestMethod codeBase="C:/repos/Radial/RadialReview/TractionTools.Tests/bin/x86/Debug/TractionTools.Tests.DLL" adapterTypeName="Microsoft.VisualStudio.TestTools.TestTypes.Unit.UnitTestAdapter, Microsoft.VisualStudio.QualityTools.Tips.UnitTest.Adapter, Version=14.0.0.0, Culture=neutral, PublicKeyToken=b03f5f7f11d50a3a" className="TractionTools.Tests.Accessors.ScorecardAccessorTests, TractionTools.Tests, Version=1.0.0.0, Culture=neutral, PublicKeyToken=null" name="UpdateScoreInMeeting_CreateScores" />
    </UnitTest>
    <UnitTest name="EditRocks" storage="c:\repos\radial\radialreview\tractiontools.tests\bin\x86\debug\tractiontools.tests.dll" id="49267016-ffca-a15a-faec-2a5fbb36afdc">
      <Execution id="1adc66ef-43ca-459d-a4d1-240887d0b4ca" />
      <Properties>
        <Property>
          <Key>__Internal_AsyncTypeName__</Key>
          <Value>TractionTools.Tests.Accessors.RockAccessorTests+&lt;EditRocks&gt;d__0</Value>
        </Property>
      </Properties>
      <TestMethod codeBase="C:/repos/Radial/RadialReview/TractionTools.Tests/bin/x86/Debug/TractionTools.Tests.DLL" adapterTypeName="Microsoft.VisualStudio.TestTools.TestTypes.Unit.UnitTestAdapter, Microsoft.VisualStudio.QualityTools.Tips.UnitTest.Adapter, Version=14.0.0.0, Culture=neutral, PublicKeyToken=b03f5f7f11d50a3a" className="TractionTools.Tests.Accessors.RockAccessorTests, TractionTools.Tests, Version=1.0.0.0, Culture=neutral, PublicKeyToken=null" name="EditRocks" />
    </UnitTest>
    <UnitTest name="EditMeasurables" storage="c:\repos\radial\radialreview\tractiontools.tests\bin\x86\debug\tractiontools.tests.dll" id="162f28fb-044b-011c-ddf0-9dda60a3aa8e">
      <Execution id="45ed1389-2e23-4450-88c9-bdf85d6e0d2f" />
      <Properties>
        <Property>
          <Key>__Internal_AsyncTypeName__</Key>
          <Value>TractionTools.Tests.Accessors.ScorecardAccessorTests+&lt;EditMeasurables&gt;d__0</Value>
        </Property>
      </Properties>
      <TestMethod codeBase="C:/repos/Radial/RadialReview/TractionTools.Tests/bin/x86/Debug/TractionTools.Tests.DLL" adapterTypeName="Microsoft.VisualStudio.TestTools.TestTypes.Unit.UnitTestAdapter, Microsoft.VisualStudio.QualityTools.Tips.UnitTest.Adapter, Version=14.0.0.0, Culture=neutral, PublicKeyToken=b03f5f7f11d50a3a" className="TractionTools.Tests.Accessors.ScorecardAccessorTests, TractionTools.Tests, Version=1.0.0.0, Culture=neutral, PublicKeyToken=null" name="EditMeasurables" />
    </UnitTest>
    <UnitTest name="L10_Wizard_Basics" storage="c:\repos\radial\radialreview\tractiontools.uitests\bin\x86\debug\tractiontools.uitests.dll" id="e2674754-388f-a839-dd1b-2d05c442669b">
      <Execution id="b94472f9-6889-4123-b89f-41104b1c95b0" />
      <TestMethod codeBase="C:/repos/Radial/RadialReview/TractionTools.UITests/bin/x86/Debug/TractionTools.UITests.DLL" adapterTypeName="Microsoft.VisualStudio.TestTools.TestTypes.Unit.UnitTestAdapter, Microsoft.VisualStudio.QualityTools.Tips.UnitTest.Adapter, Version=14.0.0.0, Culture=neutral, PublicKeyToken=b03f5f7f11d50a3a" className="TractionTools.UITests.L10Wizard.L10Wizard, TractionTools.UITests, Version=1.0.0.0, Culture=neutral, PublicKeyToken=null" name="L10_Wizard_Basics" />
    </UnitTest>
    <UnitTest name="L10_Wizard_Todo" storage="c:\repos\radial\radialreview\tractiontools.uitests\bin\x86\debug\tractiontools.uitests.dll" id="5086f43d-f366-c91b-d209-c57b65f15643">
      <Execution id="6876d7f2-1956-4f68-979b-171f0ea2c9b8" />
      <TestMethod codeBase="C:/repos/Radial/RadialReview/TractionTools.UITests/bin/x86/Debug/TractionTools.UITests.DLL" adapterTypeName="Microsoft.VisualStudio.TestTools.TestTypes.Unit.UnitTestAdapter, Microsoft.VisualStudio.QualityTools.Tips.UnitTest.Adapter, Version=14.0.0.0, Culture=neutral, PublicKeyToken=b03f5f7f11d50a3a" className="TractionTools.UITests.L10Wizard.L10Wizard, TractionTools.UITests, Version=1.0.0.0, Culture=neutral, PublicKeyToken=null" name="L10_Wizard_Todo" />
    </UnitTest>
    <UnitTest name="L10_Meeting_Scorecard" storage="c:\repos\radial\radialreview\tractiontools.uitests\bin\x86\debug\tractiontools.uitests.dll" id="06e4c936-1122-7921-4b38-6bbbf4076a20">
      <Execution id="9e0b079f-d6b6-4592-9ffd-72343eb4ab91" />
      <Properties>
        <Property>
          <Key>__Internal_AsyncTypeName__</Key>
          <Value>TractionTools.UITests.MeetingArchive.MeetingTests+&lt;L10_Meeting_Scorecard&gt;d__3</Value>
        </Property>
      </Properties>
      <TestMethod codeBase="C:/repos/Radial/RadialReview/TractionTools.UITests/bin/x86/Debug/TractionTools.UITests.DLL" adapterTypeName="Microsoft.VisualStudio.TestTools.TestTypes.Unit.UnitTestAdapter, Microsoft.VisualStudio.QualityTools.Tips.UnitTest.Adapter, Version=14.0.0.0, Culture=neutral, PublicKeyToken=b03f5f7f11d50a3a" className="TractionTools.UITests.MeetingArchive.MeetingTests, TractionTools.UITests, Version=1.0.0.0, Culture=neutral, PublicKeyToken=null" name="L10_Meeting_Scorecard" />
    </UnitTest>
    <UnitTest name="Utils_TestCreateAdmin" storage="c:\repos\radial\radialreview\tractiontools.uitests\bin\x86\debug\tractiontools.uitests.dll" id="6df38ac1-4a02-8dcd-ece6-c48c5d362852">
      <Execution id="df29630a-2760-4edc-a649-89693e36eedf" />
      <Properties>
        <Property>
          <Key>__Internal_AsyncTypeName__</Key>
          <Value>TractionTools.UITests.Utilities.TestUtilities+&lt;Utils_TestCreateAdmin&gt;d__0</Value>
        </Property>
      </Properties>
      <TestMethod codeBase="C:/repos/Radial/RadialReview/TractionTools.UITests/bin/x86/Debug/TractionTools.UITests.DLL" adapterTypeName="Microsoft.VisualStudio.TestTools.TestTypes.Unit.UnitTestAdapter, Microsoft.VisualStudio.QualityTools.Tips.UnitTest.Adapter, Version=14.0.0.0, Culture=neutral, PublicKeyToken=b03f5f7f11d50a3a" className="TractionTools.UITests.Utilities.TestUtilities, TractionTools.UITests, Version=1.0.0.0, Culture=neutral, PublicKeyToken=null" name="Utils_TestCreateAdmin" />
    </UnitTest>
    <UnitTest name="TestScorecardCreation" storage="c:\repos\radial\radialreview\tractiontools.tests\bin\x86\debug\tractiontools.tests.dll" id="0013c46b-4178-5f2b-f00a-d517b668a8f2">
      <Execution id="4e6b9597-3cb2-4a66-91b8-16258e69010d" />
      <TestMethod codeBase="C:/repos/Radial/RadialReview/TractionTools.Tests/bin/x86/Debug/TractionTools.Tests.DLL" adapterTypeName="Microsoft.VisualStudio.TestTools.TestTypes.Unit.UnitTestAdapter, Microsoft.VisualStudio.QualityTools.Tips.UnitTest.Adapter, Version=14.0.0.0, Culture=neutral, PublicKeyToken=b03f5f7f11d50a3a" className="TractionTools.Tests.Accessors.L10AccessorTests, TractionTools.Tests, Version=1.0.0.0, Culture=neutral, PublicKeyToken=null" name="TestScorecardCreation" />
    </UnitTest>
    <UnitTest name="RemoveRockAlsoArchives" storage="c:\repos\radial\radialreview\tractiontools.tests\bin\x86\debug\tractiontools.tests.dll" id="39b1331d-e5c0-e744-3685-da7c2b3f2ff4">
      <Execution id="ad7210b5-69af-4ee6-98d8-becf2a994163" />
      <TestMethod codeBase="C:/repos/Radial/RadialReview/TractionTools.Tests/bin/x86/Debug/TractionTools.Tests.DLL" adapterTypeName="Microsoft.VisualStudio.TestTools.TestTypes.Unit.UnitTestAdapter, Microsoft.VisualStudio.QualityTools.Tips.UnitTest.Adapter, Version=14.0.0.0, Culture=neutral, PublicKeyToken=b03f5f7f11d50a3a" className="TractionTools.Tests.Accessors.L10Accessor_AngularTests, TractionTools.Tests, Version=1.0.0.0, Culture=neutral, PublicKeyToken=null" name="RemoveRockAlsoArchives" />
    </UnitTest>
    <UnitTest name="L10_Meeting_Segue" storage="c:\repos\radial\radialreview\tractiontools.uitests\bin\x86\debug\tractiontools.uitests.dll" id="e988f032-123e-d128-dfc0-b694a017216f">
      <Execution id="eed146a3-a13e-4414-8f37-80f0cbf87e60" />
      <Properties>
        <Property>
          <Key>__Internal_AsyncTypeName__</Key>
          <Value>TractionTools.UITests.MeetingArchive.MeetingTests+&lt;L10_Meeting_Segue&gt;d__1</Value>
        </Property>
      </Properties>
      <TestMethod codeBase="C:/repos/Radial/RadialReview/TractionTools.UITests/bin/x86/Debug/TractionTools.UITests.DLL" adapterTypeName="Microsoft.VisualStudio.TestTools.TestTypes.Unit.UnitTestAdapter, Microsoft.VisualStudio.QualityTools.Tips.UnitTest.Adapter, Version=14.0.0.0, Culture=neutral, PublicKeyToken=b03f5f7f11d50a3a" className="TractionTools.UITests.MeetingArchive.MeetingTests, TractionTools.UITests, Version=1.0.0.0, Culture=neutral, PublicKeyToken=null" name="L10_Meeting_Segue" />
    </UnitTest>
    <UnitTest name="VTO" storage="c:\repos\radial\radialreview\tractiontools.tests\bin\x86\debug\tractiontools.tests.dll" id="0755b398-363d-236d-3d86-7f702b02bd2d">
      <Execution id="5bdd2583-aab1-4f7f-9ace-230e4194d283" />
      <TestMethod codeBase="C:/repos/Radial/RadialReview/TractionTools.Tests/bin/x86/Debug/TractionTools.Tests.DLL" adapterTypeName="Microsoft.VisualStudio.TestTools.TestTypes.Unit.UnitTestAdapter, Microsoft.VisualStudio.QualityTools.Tips.UnitTest.Adapter, Version=14.0.0.0, Culture=neutral, PublicKeyToken=b03f5f7f11d50a3a" className="TractionTools.Tests.Accessors.PdfAccessor_RunAll, TractionTools.Tests, Version=1.0.0.0, Culture=neutral, PublicKeyToken=null" name="VTO" />
    </UnitTest>
    <UnitTest name="L10_Wizard_Scorecard" storage="c:\repos\radial\radialreview\tractiontools.uitests\bin\x86\debug\tractiontools.uitests.dll" id="828f5fde-8e1d-0106-b2f0-04ad9a5914da">
      <Execution id="e0b5f09a-0642-4542-9cf3-37008ab20a0c" />
      <TestMethod codeBase="C:/repos/Radial/RadialReview/TractionTools.UITests/bin/x86/Debug/TractionTools.UITests.DLL" adapterTypeName="Microsoft.VisualStudio.TestTools.TestTypes.Unit.UnitTestAdapter, Microsoft.VisualStudio.QualityTools.Tips.UnitTest.Adapter, Version=14.0.0.0, Culture=neutral, PublicKeyToken=b03f5f7f11d50a3a" className="TractionTools.UITests.L10Wizard.L10Wizard, TractionTools.UITests, Version=1.0.0.0, Culture=neutral, PublicKeyToken=null" name="L10_Wizard_Scorecard" />
    </UnitTest>
    <UnitTest name="L10_Wizard_Rocks" storage="c:\repos\radial\radialreview\tractiontools.uitests\bin\x86\debug\tractiontools.uitests.dll" id="bad7247a-cffc-10f9-7543-e70b6c02118d">
      <Execution id="4c60b4e6-4ae6-4759-a599-88a5a00d2b7a" />
      <TestMethod codeBase="C:/repos/Radial/RadialReview/TractionTools.UITests/bin/x86/Debug/TractionTools.UITests.DLL" adapterTypeName="Microsoft.VisualStudio.TestTools.TestTypes.Unit.UnitTestAdapter, Microsoft.VisualStudio.QualityTools.Tips.UnitTest.Adapter, Version=14.0.0.0, Culture=neutral, PublicKeyToken=b03f5f7f11d50a3a" className="TractionTools.UITests.L10Wizard.L10Wizard, TractionTools.UITests, Version=1.0.0.0, Culture=neutral, PublicKeyToken=null" name="L10_Wizard_Rocks" />
    </UnitTest>
    <UnitTest name="CreateL10Recurrence" storage="c:\repos\radial\radialreview\tractiontools.tests\bin\x86\debug\tractiontools.tests.dll" id="9c0005f7-a4d3-79bc-bd98-85f1c9125b43">
      <Execution id="22688239-5e7e-461a-97b0-95e4dcc8eff3" />
      <TestMethod codeBase="C:/repos/Radial/RadialReview/TractionTools.Tests/bin/x86/Debug/TractionTools.Tests.DLL" adapterTypeName="Microsoft.VisualStudio.TestTools.TestTypes.Unit.UnitTestAdapter, Microsoft.VisualStudio.QualityTools.Tips.UnitTest.Adapter, Version=14.0.0.0, Culture=neutral, PublicKeyToken=b03f5f7f11d50a3a" className="TractionTools.Tests.Accessors.L10Accessor_EditRecurrenceTests, TractionTools.Tests, Version=1.0.0.0, Culture=neutral, PublicKeyToken=null" name="CreateL10Recurrence" />
    </UnitTest>
    <UnitTest name="WebDriver_Closest" storage="c:\repos\radial\radialreview\tractiontools.uitests\bin\x86\debug\tractiontools.uitests.dll" id="a27d2e7a-cca7-57fd-d553-707b263917cc">
      <Execution id="0fe06568-2e4d-416c-8b6f-a4de03b27e01" />
      <TestMethod codeBase="C:/repos/Radial/RadialReview/TractionTools.UITests/bin/x86/Debug/TractionTools.UITests.DLL" adapterTypeName="Microsoft.VisualStudio.TestTools.TestTypes.Unit.UnitTestAdapter, Microsoft.VisualStudio.QualityTools.Tips.UnitTest.Adapter, Version=14.0.0.0, Culture=neutral, PublicKeyToken=b03f5f7f11d50a3a" className="TractionTools.UITests.Selenium.WebDriverExtensionTests, TractionTools.UITests, Version=1.0.0.0, Culture=neutral, PublicKeyToken=null" name="WebDriver_Closest" />
    </UnitTest>
    <UnitTest name="ChargeOrgs" storage="c:\repos\radial\radialreview\tractiontools.tests\bin\x86\debug\tractiontools.tests.dll" id="f444373b-0734-9712-0119-2ea0e1d71a9f">
      <Execution id="9dc8dedc-2d5e-4151-9034-c12253f7134e" />
      <Properties>
        <Property>
          <Key>__Internal_AsyncTypeName__</Key>
          <Value>TractionTools.Tests.Accessors.PaymentPlanAccessorTests+&lt;ChargeOrgs&gt;d__2</Value>
        </Property>
      </Properties>
      <TestMethod codeBase="C:/repos/Radial/RadialReview/TractionTools.Tests/bin/x86/Debug/TractionTools.Tests.DLL" adapterTypeName="Microsoft.VisualStudio.TestTools.TestTypes.Unit.UnitTestAdapter, Microsoft.VisualStudio.QualityTools.Tips.UnitTest.Adapter, Version=14.0.0.0, Culture=neutral, PublicKeyToken=b03f5f7f11d50a3a" className="TractionTools.Tests.Accessors.PaymentPlanAccessorTests, TractionTools.Tests, Version=1.0.0.0, Culture=neutral, PublicKeyToken=null" name="ChargeOrgs" />
    </UnitTest>
    <UnitTest name="WebDriver_Parent" storage="c:\repos\radial\radialreview\tractiontools.uitests\bin\x86\debug\tractiontools.uitests.dll" id="3202e1b4-fdcc-2702-c088-f8c6a21605e0">
      <Execution id="edfa5265-810e-40ed-8c18-27c7e880824d" />
      <TestMethod codeBase="C:/repos/Radial/RadialReview/TractionTools.UITests/bin/x86/Debug/TractionTools.UITests.DLL" adapterTypeName="Microsoft.VisualStudio.TestTools.TestTypes.Unit.UnitTestAdapter, Microsoft.VisualStudio.QualityTools.Tips.UnitTest.Adapter, Version=14.0.0.0, Culture=neutral, PublicKeyToken=b03f5f7f11d50a3a" className="TractionTools.UITests.Selenium.WebDriverExtensionTests, TractionTools.UITests, Version=1.0.0.0, Culture=neutral, PublicKeyToken=null" name="WebDriver_Parent" />
    </UnitTest>
    <UnitTest name="QuarterlyPrintout" storage="c:\repos\radial\radialreview\tractiontools.tests\bin\x86\debug\tractiontools.tests.dll" id="13d3e8bd-7020-5ca8-6b73-f409f0b364b2">
      <Execution id="138c935f-0a08-428a-ad63-d845473dd757" />
      <TestMethod codeBase="C:/repos/Radial/RadialReview/TractionTools.Tests/bin/x86/Debug/TractionTools.Tests.DLL" adapterTypeName="Microsoft.VisualStudio.TestTools.TestTypes.Unit.UnitTestAdapter, Microsoft.VisualStudio.QualityTools.Tips.UnitTest.Adapter, Version=14.0.0.0, Culture=neutral, PublicKeyToken=b03f5f7f11d50a3a" className="TractionTools.Tests.Accessors.PdfAccessor_RunAll, TractionTools.Tests, Version=1.0.0.0, Culture=neutral, PublicKeyToken=null" name="QuarterlyPrintout" />
    </UnitTest>
    <UnitTest name="L10_Wizard_Attendees" storage="c:\repos\radial\radialreview\tractiontools.uitests\bin\x86\debug\tractiontools.uitests.dll" id="1a30f4bd-0e8c-d1dd-3b38-c8694547c900">
      <Execution id="606adee0-10a5-4583-bf48-cf209388db4c" />
      <TestMethod codeBase="C:/repos/Radial/RadialReview/TractionTools.UITests/bin/x86/Debug/TractionTools.UITests.DLL" adapterTypeName="Microsoft.VisualStudio.TestTools.TestTypes.Unit.UnitTestAdapter, Microsoft.VisualStudio.QualityTools.Tips.UnitTest.Adapter, Version=14.0.0.0, Culture=neutral, PublicKeyToken=b03f5f7f11d50a3a" className="TractionTools.UITests.L10Wizard.L10Wizard, TractionTools.UITests, Version=1.0.0.0, Culture=neutral, PublicKeyToken=null" name="L10_Wizard_Attendees" />
    </UnitTest>
    <UnitTest name="L10_Archive_TestScorecard" storage="c:\repos\radial\radialreview\tractiontools.uitests\bin\x86\debug\tractiontools.uitests.dll" id="80143e15-ef85-a681-a5ae-4b022b929f30">
      <Execution id="9003ff6b-b3a2-468d-b7a9-68527c87a8dd" />
      <Properties>
        <Property>
          <Key>__Internal_AsyncTypeName__</Key>
          <Value>TractionTools.UITests.Selenium.MeetingArchiveTests+&lt;L10_Archive_TestScorecard&gt;d__1</Value>
        </Property>
      </Properties>
      <TestMethod codeBase="C:/repos/Radial/RadialReview/TractionTools.UITests/bin/x86/Debug/TractionTools.UITests.DLL" adapterTypeName="Microsoft.VisualStudio.TestTools.TestTypes.Unit.UnitTestAdapter, Microsoft.VisualStudio.QualityTools.Tips.UnitTest.Adapter, Version=14.0.0.0, Culture=neutral, PublicKeyToken=b03f5f7f11d50a3a" className="TractionTools.UITests.Selenium.MeetingArchiveTests, TractionTools.UITests, Version=1.0.0.0, Culture=neutral, PublicKeyToken=null" name="L10_Archive_TestScorecard" />
    </UnitTest>
    <UnitTest name="WebDriver_Matches" storage="c:\repos\radial\radialreview\tractiontools.uitests\bin\x86\debug\tractiontools.uitests.dll" id="1c79a897-bb6d-454f-d8c0-0e69e5b7511d">
      <Execution id="f8fb0449-9b14-4a2f-a12a-df0a4f9f26e4" />
      <TestMethod codeBase="C:/repos/Radial/RadialReview/TractionTools.UITests/bin/x86/Debug/TractionTools.UITests.DLL" adapterTypeName="Microsoft.VisualStudio.TestTools.TestTypes.Unit.UnitTestAdapter, Microsoft.VisualStudio.QualityTools.Tips.UnitTest.Adapter, Version=14.0.0.0, Culture=neutral, PublicKeyToken=b03f5f7f11d50a3a" className="TractionTools.UITests.Selenium.WebDriverExtensionTests, TractionTools.UITests, Version=1.0.0.0, Culture=neutral, PublicKeyToken=null" name="WebDriver_Matches" />
    </UnitTest>
    <UnitTest name="EditL10Recurrence" storage="c:\repos\radial\radialreview\tractiontools.tests\bin\x86\debug\tractiontools.tests.dll" id="71ddce21-9d58-e527-69dd-29bac242caeb">
      <Execution id="c230355d-b943-4f21-9a48-e1646ea203e1" />
      <TestMethod codeBase="C:/repos/Radial/RadialReview/TractionTools.Tests/bin/x86/Debug/TractionTools.Tests.DLL" adapterTypeName="Microsoft.VisualStudio.TestTools.TestTypes.Unit.UnitTestAdapter, Microsoft.VisualStudio.QualityTools.Tips.UnitTest.Adapter, Version=14.0.0.0, Culture=neutral, PublicKeyToken=b03f5f7f11d50a3a" className="TractionTools.Tests.Accessors.L10Accessor_EditRecurrenceTests, TractionTools.Tests, Version=1.0.0.0, Culture=neutral, PublicKeyToken=null" name="EditL10Recurrence" />
    </UnitTest>
  </TestDefinitions>
  <TestLists>
    <TestList name="Results Not in a List" id="8c84fa94-04c1-424b-9868-57a2d4851a1d" />
    <TestList name="All Loaded Results" id="19431567-8539-422a-85d7-44ee4e166bda" />
  </TestLists>
  <TestEntries>
    <TestEntry testId="1a30f4bd-0e8c-d1dd-3b38-c8694547c900" executionId="606adee0-10a5-4583-bf48-cf209388db4c" testListId="8c84fa94-04c1-424b-9868-57a2d4851a1d" />
    <TestEntry testId="0013c46b-4178-5f2b-f00a-d517b668a8f2" executionId="4e6b9597-3cb2-4a66-91b8-16258e69010d" testListId="8c84fa94-04c1-424b-9868-57a2d4851a1d" />
    <TestEntry testId="0755b398-363d-236d-3d86-7f702b02bd2d" executionId="5bdd2583-aab1-4f7f-9ace-230e4194d283" testListId="8c84fa94-04c1-424b-9868-57a2d4851a1d" />
    <TestEntry testId="13d3e8bd-7020-5ca8-6b73-f409f0b364b2" executionId="138c935f-0a08-428a-ad63-d845473dd757" testListId="8c84fa94-04c1-424b-9868-57a2d4851a1d" />
    <TestEntry testId="49267016-ffca-a15a-faec-2a5fbb36afdc" executionId="1adc66ef-43ca-459d-a4d1-240887d0b4ca" testListId="8c84fa94-04c1-424b-9868-57a2d4851a1d" />
    <TestEntry testId="80143e15-ef85-a681-a5ae-4b022b929f30" executionId="9003ff6b-b3a2-468d-b7a9-68527c87a8dd" testListId="8c84fa94-04c1-424b-9868-57a2d4851a1d" />
    <TestEntry testId="da720cd2-d7ad-e480-55f5-36731a1892d7" executionId="4b8b0e88-908a-43b0-a3d9-fc666d7c1ff9" testListId="8c84fa94-04c1-424b-9868-57a2d4851a1d" />
    <TestEntry testId="2bb5e71c-e847-8432-8744-fc74232f0e63" executionId="d992c7a1-f3f4-4e24-98ec-eb69a6e414ec" testListId="8c84fa94-04c1-424b-9868-57a2d4851a1d" />
    <TestEntry testId="5086f43d-f366-c91b-d209-c57b65f15643" executionId="6876d7f2-1956-4f68-979b-171f0ea2c9b8" testListId="8c84fa94-04c1-424b-9868-57a2d4851a1d" />
    <TestEntry testId="f444373b-0734-9712-0119-2ea0e1d71a9f" executionId="9dc8dedc-2d5e-4151-9034-c12253f7134e" testListId="8c84fa94-04c1-424b-9868-57a2d4851a1d" />
    <TestEntry testId="e2674754-388f-a839-dd1b-2d05c442669b" executionId="b94472f9-6889-4123-b89f-41104b1c95b0" testListId="8c84fa94-04c1-424b-9868-57a2d4851a1d" />
    <TestEntry testId="39b1331d-e5c0-e744-3685-da7c2b3f2ff4" executionId="ad7210b5-69af-4ee6-98d8-becf2a994163" testListId="8c84fa94-04c1-424b-9868-57a2d4851a1d" />
    <TestEntry testId="a27d2e7a-cca7-57fd-d553-707b263917cc" executionId="0fe06568-2e4d-416c-8b6f-a4de03b27e01" testListId="8c84fa94-04c1-424b-9868-57a2d4851a1d" />
    <TestEntry testId="162f28fb-044b-011c-ddf0-9dda60a3aa8e" executionId="45ed1389-2e23-4450-88c9-bdf85d6e0d2f" testListId="8c84fa94-04c1-424b-9868-57a2d4851a1d" />
    <TestEntry testId="6df38ac1-4a02-8dcd-ece6-c48c5d362852" executionId="df29630a-2760-4edc-a649-89693e36eedf" testListId="8c84fa94-04c1-424b-9868-57a2d4851a1d" />
    <TestEntry testId="1c79a897-bb6d-454f-d8c0-0e69e5b7511d" executionId="f8fb0449-9b14-4a2f-a12a-df0a4f9f26e4" testListId="8c84fa94-04c1-424b-9868-57a2d4851a1d" />
    <TestEntry testId="e988f032-123e-d128-dfc0-b694a017216f" executionId="eed146a3-a13e-4414-8f37-80f0cbf87e60" testListId="8c84fa94-04c1-424b-9868-57a2d4851a1d" />
    <TestEntry testId="06e4c936-1122-7921-4b38-6bbbf4076a20" executionId="9e0b079f-d6b6-4592-9ffd-72343eb4ab91" testListId="8c84fa94-04c1-424b-9868-57a2d4851a1d" />
    <TestEntry testId="828f5fde-8e1d-0106-b2f0-04ad9a5914da" executionId="e0b5f09a-0642-4542-9cf3-37008ab20a0c" testListId="8c84fa94-04c1-424b-9868-57a2d4851a1d" />
    <TestEntry testId="71ddce21-9d58-e527-69dd-29bac242caeb" executionId="c230355d-b943-4f21-9a48-e1646ea203e1" testListId="8c84fa94-04c1-424b-9868-57a2d4851a1d" />
    <TestEntry testId="3202e1b4-fdcc-2702-c088-f8c6a21605e0" executionId="edfa5265-810e-40ed-8c18-27c7e880824d" testListId="8c84fa94-04c1-424b-9868-57a2d4851a1d" />
    <TestEntry testId="bad7247a-cffc-10f9-7543-e70b6c02118d" executionId="4c60b4e6-4ae6-4759-a599-88a5a00d2b7a" testListId="8c84fa94-04c1-424b-9868-57a2d4851a1d" />
    <TestEntry testId="9c0005f7-a4d3-79bc-bd98-85f1c9125b43" executionId="22688239-5e7e-461a-97b0-95e4dcc8eff3" testListId="8c84fa94-04c1-424b-9868-57a2d4851a1d" />
  </TestEntries>
  <Results>
    <UnitTestResult executionId="606adee0-10a5-4583-bf48-cf209388db4c" testId="1a30f4bd-0e8c-d1dd-3b38-c8694547c900" testName="L10_Wizard_Attendees" computerName="CLAY-DESKTOP" startTime="2016-08-28T18:32:51.3689717-07:00" endTime="2016-08-28T18:32:51.8104219-07:00" testType="13cdc9d9-ddb5-4fa4-a97d-d965ccfc6d4b" outcome="Failed" testListId="8c84fa94-04c1-424b-9868-57a2d4851a1d" relativeResultsDirectory="606adee0-10a5-4583-bf48-cf209388db4c">
      <Output>
        <ErrorInfo>
          <Message>Assembly Initialization method TractionTools.UITests.Selenium.BaseSelenium.AssemblyInitialize threw exception. System.IO.IOException: System.IO.IOException: Files in '%temp%\TractionTools\ServerFiles' can be deleted. ---&gt; System.IO.IOException: There is not enough space on the disk.
. Aborting test execution.</Message>
          <StackTrace>    at System.IO.__Error.WinIOError(Int32 errorCode, String maybeFullPath)
   at System.IO.File.InternalCopy(String sourceFileName, String destFileName, Boolean overwrite, Boolean checkHost)
   at System.IO.FileInfo.CopyTo(String destFileName, Boolean overwrite)
   at TractionTools.Tests.Utilities.FileUtility.DirectoryCopy(String sourceDirName, String destDirName, Boolean copySubDirs, String[] skipTheseDirectories) in C:\repos\Radial\RadialReview\TractionTools.Tests\Utilities\FileUtility.cs:line 34
 --- End of inner exception stack trace ---
    at TractionTools.Tests.Utilities.FileUtility.DirectoryCopy(String sourceDirName, String destDirName, Boolean copySubDirs, String[] skipTheseDirectories) in C:\repos\Radial\RadialReview\TractionTools.Tests\Utilities\FileUtility.cs:line 47
   at TractionTools.UITests.Selenium.BaseSelenium.GetApplicationPath() in C:\repos\Radial\RadialReview\TractionTools.UITests\Selenium\BaseSelenium.cs:line 477
   at TractionTools.UITests.Selenium.BaseSelenium.StartIIS() in C:\repos\Radial\RadialReview\TractionTools.UITests\Selenium\BaseSelenium.cs:line 414
   at TractionTools.UITests.Selenium.BaseSelenium.AssemblyInitialize(TestContext ctx) in C:\repos\Radial\RadialReview\TractionTools.UITests\Selenium\BaseSelenium.cs:line 152
</StackTrace>
        </ErrorInfo>
      </Output>
    </UnitTestResult>
    <UnitTestResult executionId="4e6b9597-3cb2-4a66-91b8-16258e69010d" testId="0013c46b-4178-5f2b-f00a-d517b668a8f2" testName="TestScorecardCreation" computerName="CLAY-DESKTOP" startTime="2016-08-28T18:32:51.8154231-07:00" endTime="2016-08-28T18:32:51.8264257-07:00" testType="13cdc9d9-ddb5-4fa4-a97d-d965ccfc6d4b" testListId="8c84fa94-04c1-424b-9868-57a2d4851a1d" relativeResultsDirectory="4e6b9597-3cb2-4a66-91b8-16258e69010d">
      <Output>
        <ErrorInfo>
          <Message>The test assembly 'C:\repos\Radial\RadialReview\Clay_CLAY-DESKTOP 2016-08-28 18_32_48\Out\TractionTools.Tests.DLL' cannot be loaded. Error details: Could not find file 'C:\repos\Radial\RadialReview\Clay_CLAY-DESKTOP 2016-08-28 18_32_48\Out\TractionTools.Tests.DLL'.</Message>
        </ErrorInfo>
      </Output>
    </UnitTestResult>
    <UnitTestResult executionId="5bdd2583-aab1-4f7f-9ace-230e4194d283" testId="0755b398-363d-236d-3d86-7f702b02bd2d" testName="VTO" computerName="CLAY-DESKTOP" startTime="2016-08-28T18:32:51.8314269-07:00" endTime="2016-08-28T18:32:51.8384286-07:00" testType="13cdc9d9-ddb5-4fa4-a97d-d965ccfc6d4b" testListId="8c84fa94-04c1-424b-9868-57a2d4851a1d" relativeResultsDirectory="5bdd2583-aab1-4f7f-9ace-230e4194d283">
      <Output>
        <ErrorInfo>
          <Message>The test assembly 'C:\repos\Radial\RadialReview\Clay_CLAY-DESKTOP 2016-08-28 18_32_48\Out\TractionTools.Tests.DLL' cannot be loaded. Error details: Could not find file 'C:\repos\Radial\RadialReview\Clay_CLAY-DESKTOP 2016-08-28 18_32_48\Out\TractionTools.Tests.DLL'.</Message>
        </ErrorInfo>
      </Output>
    </UnitTestResult>
    <UnitTestResult executionId="138c935f-0a08-428a-ad63-d845473dd757" testId="13d3e8bd-7020-5ca8-6b73-f409f0b364b2" testName="QuarterlyPrintout" computerName="CLAY-DESKTOP" startTime="2016-08-28T18:32:51.8434295-07:00" endTime="2016-08-28T18:32:51.8512180-07:00" testType="13cdc9d9-ddb5-4fa4-a97d-d965ccfc6d4b" testListId="8c84fa94-04c1-424b-9868-57a2d4851a1d" relativeResultsDirectory="138c935f-0a08-428a-ad63-d845473dd757">
      <Output>
        <ErrorInfo>
          <Message>The test assembly 'C:\repos\Radial\RadialReview\Clay_CLAY-DESKTOP 2016-08-28 18_32_48\Out\TractionTools.Tests.DLL' cannot be loaded. Error details: Could not find file 'C:\repos\Radial\RadialReview\Clay_CLAY-DESKTOP 2016-08-28 18_32_48\Out\TractionTools.Tests.DLL'.</Message>
        </ErrorInfo>
      </Output>
    </UnitTestResult>
    <UnitTestResult executionId="1adc66ef-43ca-459d-a4d1-240887d0b4ca" testId="49267016-ffca-a15a-faec-2a5fbb36afdc" testName="EditRocks" computerName="CLAY-DESKTOP" startTime="2016-08-28T18:32:51.8562195-07:00" endTime="2016-08-28T18:32:51.8617208-07:00" testType="13cdc9d9-ddb5-4fa4-a97d-d965ccfc6d4b" testListId="8c84fa94-04c1-424b-9868-57a2d4851a1d" relativeResultsDirectory="1adc66ef-43ca-459d-a4d1-240887d0b4ca">
      <Output>
        <ErrorInfo>
          <Message>The test assembly 'C:\repos\Radial\RadialReview\Clay_CLAY-DESKTOP 2016-08-28 18_32_48\Out\TractionTools.Tests.DLL' cannot be loaded. Error details: Could not find file 'C:\repos\Radial\RadialReview\Clay_CLAY-DESKTOP 2016-08-28 18_32_48\Out\TractionTools.Tests.DLL'.</Message>
        </ErrorInfo>
      </Output>
    </UnitTestResult>
    <UnitTestResult executionId="9003ff6b-b3a2-468d-b7a9-68527c87a8dd" testId="80143e15-ef85-a681-a5ae-4b022b929f30" testName="L10_Archive_TestScorecard" computerName="CLAY-DESKTOP" startTime="2016-08-28T18:32:51.8667217-07:00" endTime="2016-08-28T18:32:51.8742241-07:00" testType="13cdc9d9-ddb5-4fa4-a97d-d965ccfc6d4b" outcome="Failed" testListId="8c84fa94-04c1-424b-9868-57a2d4851a1d" relativeResultsDirectory="9003ff6b-b3a2-468d-b7a9-68527c87a8dd">
      <Output>
        <ErrorInfo>
          <Message>Assembly Initialization method TractionTools.UITests.Selenium.BaseSelenium.AssemblyInitialize threw exception. System.IO.IOException: System.IO.IOException: Files in '%temp%\TractionTools\ServerFiles' can be deleted. ---&gt; System.IO.IOException: There is not enough space on the disk.
. Aborting test execution.</Message>
          <StackTrace>    at System.IO.__Error.WinIOError(Int32 errorCode, String maybeFullPath)
   at System.IO.File.InternalCopy(String sourceFileName, String destFileName, Boolean overwrite, Boolean checkHost)
   at System.IO.FileInfo.CopyTo(String destFileName, Boolean overwrite)
   at TractionTools.Tests.Utilities.FileUtility.DirectoryCopy(String sourceDirName, String destDirName, Boolean copySubDirs, String[] skipTheseDirectories) in C:\repos\Radial\RadialReview\TractionTools.Tests\Utilities\FileUtility.cs:line 34
 --- End of inner exception stack trace ---
    at TractionTools.Tests.Utilities.FileUtility.DirectoryCopy(String sourceDirName, String destDirName, Boolean copySubDirs, String[] skipTheseDirectories) in C:\repos\Radial\RadialReview\TractionTools.Tests\Utilities\FileUtility.cs:line 47
   at TractionTools.UITests.Selenium.BaseSelenium.GetApplicationPath() in C:\repos\Radial\RadialReview\TractionTools.UITests\Selenium\BaseSelenium.cs:line 477
   at TractionTools.UITests.Selenium.BaseSelenium.StartIIS() in C:\repos\Radial\RadialReview\TractionTools.UITests\Selenium\BaseSelenium.cs:line 414
   at TractionTools.UITests.Selenium.BaseSelenium.AssemblyInitialize(TestContext ctx) in C:\repos\Radial\RadialReview\TractionTools.UITests\Selenium\BaseSelenium.cs:line 152
</StackTrace>
        </ErrorInfo>
      </Output>
    </UnitTestResult>
    <UnitTestResult executionId="4b8b0e88-908a-43b0-a3d9-fc666d7c1ff9" testId="da720cd2-d7ad-e480-55f5-36731a1892d7" testName="L10_Wizard_Issues" computerName="CLAY-DESKTOP" startTime="2016-08-28T18:32:51.8792244-07:00" endTime="2016-08-28T18:32:51.8847264-07:00" testType="13cdc9d9-ddb5-4fa4-a97d-d965ccfc6d4b" outcome="Failed" testListId="8c84fa94-04c1-424b-9868-57a2d4851a1d" relativeResultsDirectory="4b8b0e88-908a-43b0-a3d9-fc666d7c1ff9">
      <Output>
        <ErrorInfo>
          <Message>Assembly Initialization method TractionTools.UITests.Selenium.BaseSelenium.AssemblyInitialize threw exception. System.IO.IOException: System.IO.IOException: Files in '%temp%\TractionTools\ServerFiles' can be deleted. ---&gt; System.IO.IOException: There is not enough space on the disk.
. Aborting test execution.</Message>
          <StackTrace>    at System.IO.__Error.WinIOError(Int32 errorCode, String maybeFullPath)
   at System.IO.File.InternalCopy(String sourceFileName, String destFileName, Boolean overwrite, Boolean checkHost)
   at System.IO.FileInfo.CopyTo(String destFileName, Boolean overwrite)
   at TractionTools.Tests.Utilities.FileUtility.DirectoryCopy(String sourceDirName, String destDirName, Boolean copySubDirs, String[] skipTheseDirectories) in C:\repos\Radial\RadialReview\TractionTools.Tests\Utilities\FileUtility.cs:line 34
 --- End of inner exception stack trace ---
    at TractionTools.Tests.Utilities.FileUtility.DirectoryCopy(String sourceDirName, String destDirName, Boolean copySubDirs, String[] skipTheseDirectories) in C:\repos\Radial\RadialReview\TractionTools.Tests\Utilities\FileUtility.cs:line 47
   at TractionTools.UITests.Selenium.BaseSelenium.GetApplicationPath() in C:\repos\Radial\RadialReview\TractionTools.UITests\Selenium\BaseSelenium.cs:line 477
   at TractionTools.UITests.Selenium.BaseSelenium.StartIIS() in C:\repos\Radial\RadialReview\TractionTools.UITests\Selenium\BaseSelenium.cs:line 414
   at TractionTools.UITests.Selenium.BaseSelenium.AssemblyInitialize(TestContext ctx) in C:\repos\Radial\RadialReview\TractionTools.UITests\Selenium\BaseSelenium.cs:line 152
</StackTrace>
        </ErrorInfo>
      </Output>
    </UnitTestResult>
    <UnitTestResult executionId="d992c7a1-f3f4-4e24-98ec-eb69a6e414ec" testId="2bb5e71c-e847-8432-8744-fc74232f0e63" testName="UpdateScoreInMeeting_CreateScores" computerName="CLAY-DESKTOP" startTime="2016-08-28T18:32:51.8892271-07:00" endTime="2016-08-28T18:32:51.8957287-07:00" testType="13cdc9d9-ddb5-4fa4-a97d-d965ccfc6d4b" testListId="8c84fa94-04c1-424b-9868-57a2d4851a1d" relativeResultsDirectory="d992c7a1-f3f4-4e24-98ec-eb69a6e414ec">
      <Output>
        <ErrorInfo>
          <Message>The test assembly 'C:\repos\Radial\RadialReview\Clay_CLAY-DESKTOP 2016-08-28 18_32_48\Out\TractionTools.Tests.DLL' cannot be loaded. Error details: Could not find file 'C:\repos\Radial\RadialReview\Clay_CLAY-DESKTOP 2016-08-28 18_32_48\Out\TractionTools.Tests.DLL'.</Message>
        </ErrorInfo>
      </Output>
    </UnitTestResult>
    <UnitTestResult executionId="6876d7f2-1956-4f68-979b-171f0ea2c9b8" testId="5086f43d-f366-c91b-d209-c57b65f15643" testName="L10_Wizard_Todo" computerName="CLAY-DESKTOP" startTime="2016-08-28T18:32:51.9017304-07:00" endTime="2016-08-28T18:32:51.9062318-07:00" testType="13cdc9d9-ddb5-4fa4-a97d-d965ccfc6d4b" outcome="Failed" testListId="8c84fa94-04c1-424b-9868-57a2d4851a1d" relativeResultsDirectory="6876d7f2-1956-4f68-979b-171f0ea2c9b8">
      <Output>
        <ErrorInfo>
          <Message>Assembly Initialization method TractionTools.UITests.Selenium.BaseSelenium.AssemblyInitialize threw exception. System.IO.IOException: System.IO.IOException: Files in '%temp%\TractionTools\ServerFiles' can be deleted. ---&gt; System.IO.IOException: There is not enough space on the disk.
. Aborting test execution.</Message>
          <StackTrace>    at System.IO.__Error.WinIOError(Int32 errorCode, String maybeFullPath)
   at System.IO.File.InternalCopy(String sourceFileName, String destFileName, Boolean overwrite, Boolean checkHost)
   at System.IO.FileInfo.CopyTo(String destFileName, Boolean overwrite)
   at TractionTools.Tests.Utilities.FileUtility.DirectoryCopy(String sourceDirName, String destDirName, Boolean copySubDirs, String[] skipTheseDirectories) in C:\repos\Radial\RadialReview\TractionTools.Tests\Utilities\FileUtility.cs:line 34
 --- End of inner exception stack trace ---
    at TractionTools.Tests.Utilities.FileUtility.DirectoryCopy(String sourceDirName, String destDirName, Boolean copySubDirs, String[] skipTheseDirectories) in C:\repos\Radial\RadialReview\TractionTools.Tests\Utilities\FileUtility.cs:line 47
   at TractionTools.UITests.Selenium.BaseSelenium.GetApplicationPath() in C:\repos\Radial\RadialReview\TractionTools.UITests\Selenium\BaseSelenium.cs:line 477
   at TractionTools.UITests.Selenium.BaseSelenium.StartIIS() in C:\repos\Radial\RadialReview\TractionTools.UITests\Selenium\BaseSelenium.cs:line 414
   at TractionTools.UITests.Selenium.BaseSelenium.AssemblyInitialize(TestContext ctx) in C:\repos\Radial\RadialReview\TractionTools.UITests\Selenium\BaseSelenium.cs:line 152
</StackTrace>
        </ErrorInfo>
      </Output>
    </UnitTestResult>
    <UnitTestResult executionId="9dc8dedc-2d5e-4151-9034-c12253f7134e" testId="f444373b-0734-9712-0119-2ea0e1d71a9f" testName="ChargeOrgs" computerName="CLAY-DESKTOP" startTime="2016-08-28T18:32:51.9192343-07:00" endTime="2016-08-28T18:32:51.9252355-07:00" testType="13cdc9d9-ddb5-4fa4-a97d-d965ccfc6d4b" testListId="8c84fa94-04c1-424b-9868-57a2d4851a1d" relativeResultsDirectory="9dc8dedc-2d5e-4151-9034-c12253f7134e">
      <Output>
        <ErrorInfo>
          <Message>The test assembly 'C:\repos\Radial\RadialReview\Clay_CLAY-DESKTOP 2016-08-28 18_32_48\Out\TractionTools.Tests.DLL' cannot be loaded. Error details: Could not find file 'C:\repos\Radial\RadialReview\Clay_CLAY-DESKTOP 2016-08-28 18_32_48\Out\TractionTools.Tests.DLL'.</Message>
        </ErrorInfo>
      </Output>
    </UnitTestResult>
    <UnitTestResult executionId="b94472f9-6889-4123-b89f-41104b1c95b0" testId="e2674754-388f-a839-dd1b-2d05c442669b" testName="L10_Wizard_Basics" computerName="CLAY-DESKTOP" startTime="2016-08-28T18:32:51.9302379-07:00" endTime="2016-08-28T18:32:51.9347381-07:00" testType="13cdc9d9-ddb5-4fa4-a97d-d965ccfc6d4b" outcome="Failed" testListId="8c84fa94-04c1-424b-9868-57a2d4851a1d" relativeResultsDirectory="b94472f9-6889-4123-b89f-41104b1c95b0">
      <Output>
        <ErrorInfo>
          <Message>Assembly Initialization method TractionTools.UITests.Selenium.BaseSelenium.AssemblyInitialize threw exception. System.IO.IOException: System.IO.IOException: Files in '%temp%\TractionTools\ServerFiles' can be deleted. ---&gt; System.IO.IOException: There is not enough space on the disk.
. Aborting test execution.</Message>
          <StackTrace>    at System.IO.__Error.WinIOError(Int32 errorCode, String maybeFullPath)
   at System.IO.File.InternalCopy(String sourceFileName, String destFileName, Boolean overwrite, Boolean checkHost)
   at System.IO.FileInfo.CopyTo(String destFileName, Boolean overwrite)
   at TractionTools.Tests.Utilities.FileUtility.DirectoryCopy(String sourceDirName, String destDirName, Boolean copySubDirs, String[] skipTheseDirectories) in C:\repos\Radial\RadialReview\TractionTools.Tests\Utilities\FileUtility.cs:line 34
 --- End of inner exception stack trace ---
    at TractionTools.Tests.Utilities.FileUtility.DirectoryCopy(String sourceDirName, String destDirName, Boolean copySubDirs, String[] skipTheseDirectories) in C:\repos\Radial\RadialReview\TractionTools.Tests\Utilities\FileUtility.cs:line 47
   at TractionTools.UITests.Selenium.BaseSelenium.GetApplicationPath() in C:\repos\Radial\RadialReview\TractionTools.UITests\Selenium\BaseSelenium.cs:line 477
   at TractionTools.UITests.Selenium.BaseSelenium.StartIIS() in C:\repos\Radial\RadialReview\TractionTools.UITests\Selenium\BaseSelenium.cs:line 414
   at TractionTools.UITests.Selenium.BaseSelenium.AssemblyInitialize(TestContext ctx) in C:\repos\Radial\RadialReview\TractionTools.UITests\Selenium\BaseSelenium.cs:line 152
</StackTrace>
        </ErrorInfo>
      </Output>
    </UnitTestResult>
    <UnitTestResult executionId="ad7210b5-69af-4ee6-98d8-becf2a994163" testId="39b1331d-e5c0-e744-3685-da7c2b3f2ff4" testName="RemoveRockAlsoArchives" computerName="CLAY-DESKTOP" startTime="2016-08-28T18:32:51.9387390-07:00" endTime="2016-08-28T18:32:51.9442407-07:00" testType="13cdc9d9-ddb5-4fa4-a97d-d965ccfc6d4b" testListId="8c84fa94-04c1-424b-9868-57a2d4851a1d" relativeResultsDirectory="ad7210b5-69af-4ee6-98d8-becf2a994163">
      <Output>
        <ErrorInfo>
          <Message>The test assembly 'C:\repos\Radial\RadialReview\Clay_CLAY-DESKTOP 2016-08-28 18_32_48\Out\TractionTools.Tests.DLL' cannot be loaded. Error details: Could not find file 'C:\repos\Radial\RadialReview\Clay_CLAY-DESKTOP 2016-08-28 18_32_48\Out\TractionTools.Tests.DLL'.</Message>
        </ErrorInfo>
      </Output>
    </UnitTestResult>
    <UnitTestResult executionId="0fe06568-2e4d-416c-8b6f-a4de03b27e01" testId="a27d2e7a-cca7-57fd-d553-707b263917cc" testName="WebDriver_Closest" computerName="CLAY-DESKTOP" startTime="2016-08-28T18:32:51.9492419-07:00" endTime="2016-08-28T18:32:51.9562435-07:00" testType="13cdc9d9-ddb5-4fa4-a97d-d965ccfc6d4b" outcome="Failed" testListId="8c84fa94-04c1-424b-9868-57a2d4851a1d" relativeResultsDirectory="0fe06568-2e4d-416c-8b6f-a4de03b27e01">
      <Output>
        <ErrorInfo>
          <Message>Assembly Initialization method TractionTools.UITests.Selenium.BaseSelenium.AssemblyInitialize threw exception. System.IO.IOException: System.IO.IOException: Files in '%temp%\TractionTools\ServerFiles' can be deleted. ---&gt; System.IO.IOException: There is not enough space on the disk.
. Aborting test execution.</Message>
          <StackTrace>    at System.IO.__Error.WinIOError(Int32 errorCode, String maybeFullPath)
   at System.IO.File.InternalCopy(String sourceFileName, String destFileName, Boolean overwrite, Boolean checkHost)
   at System.IO.FileInfo.CopyTo(String destFileName, Boolean overwrite)
   at TractionTools.Tests.Utilities.FileUtility.DirectoryCopy(String sourceDirName, String destDirName, Boolean copySubDirs, String[] skipTheseDirectories) in C:\repos\Radial\RadialReview\TractionTools.Tests\Utilities\FileUtility.cs:line 34
 --- End of inner exception stack trace ---
    at TractionTools.Tests.Utilities.FileUtility.DirectoryCopy(String sourceDirName, String destDirName, Boolean copySubDirs, String[] skipTheseDirectories) in C:\repos\Radial\RadialReview\TractionTools.Tests\Utilities\FileUtility.cs:line 47
   at TractionTools.UITests.Selenium.BaseSelenium.GetApplicationPath() in C:\repos\Radial\RadialReview\TractionTools.UITests\Selenium\BaseSelenium.cs:line 477
   at TractionTools.UITests.Selenium.BaseSelenium.StartIIS() in C:\repos\Radial\RadialReview\TractionTools.UITests\Selenium\BaseSelenium.cs:line 414
   at TractionTools.UITests.Selenium.BaseSelenium.AssemblyInitialize(TestContext ctx) in C:\repos\Radial\RadialReview\TractionTools.UITests\Selenium\BaseSelenium.cs:line 152
</StackTrace>
        </ErrorInfo>
      </Output>
    </UnitTestResult>
    <UnitTestResult executionId="45ed1389-2e23-4450-88c9-bdf85d6e0d2f" testId="162f28fb-044b-011c-ddf0-9dda60a3aa8e" testName="EditMeasurables" computerName="CLAY-DESKTOP" startTime="2016-08-28T18:32:51.9612441-07:00" endTime="2016-08-28T18:32:51.9662456-07:00" testType="13cdc9d9-ddb5-4fa4-a97d-d965ccfc6d4b" testListId="8c84fa94-04c1-424b-9868-57a2d4851a1d" relativeResultsDirectory="45ed1389-2e23-4450-88c9-bdf85d6e0d2f">
      <Output>
        <ErrorInfo>
          <Message>The test assembly 'C:\repos\Radial\RadialReview\Clay_CLAY-DESKTOP 2016-08-28 18_32_48\Out\TractionTools.Tests.DLL' cannot be loaded. Error details: Could not find file 'C:\repos\Radial\RadialReview\Clay_CLAY-DESKTOP 2016-08-28 18_32_48\Out\TractionTools.Tests.DLL'.</Message>
        </ErrorInfo>
      </Output>
    </UnitTestResult>
    <UnitTestResult executionId="df29630a-2760-4edc-a649-89693e36eedf" testId="6df38ac1-4a02-8dcd-ece6-c48c5d362852" testName="Utils_TestCreateAdmin" computerName="CLAY-DESKTOP" startTime="2016-08-28T18:32:51.9702469-07:00" endTime="2016-08-28T18:32:51.9772483-07:00" testType="13cdc9d9-ddb5-4fa4-a97d-d965ccfc6d4b" outcome="Failed" testListId="8c84fa94-04c1-424b-9868-57a2d4851a1d" relativeResultsDirectory="df29630a-2760-4edc-a649-89693e36eedf">
      <Output>
        <ErrorInfo>
          <Message>Assembly Initialization method TractionTools.UITests.Selenium.BaseSelenium.AssemblyInitialize threw exception. System.IO.IOException: System.IO.IOException: Files in '%temp%\TractionTools\ServerFiles' can be deleted. ---&gt; System.IO.IOException: There is not enough space on the disk.
. Aborting test execution.</Message>
          <StackTrace>    at System.IO.__Error.WinIOError(Int32 errorCode, String maybeFullPath)
   at System.IO.File.InternalCopy(String sourceFileName, String destFileName, Boolean overwrite, Boolean checkHost)
   at System.IO.FileInfo.CopyTo(String destFileName, Boolean overwrite)
   at TractionTools.Tests.Utilities.FileUtility.DirectoryCopy(String sourceDirName, String destDirName, Boolean copySubDirs, String[] skipTheseDirectories) in C:\repos\Radial\RadialReview\TractionTools.Tests\Utilities\FileUtility.cs:line 34
 --- End of inner exception stack trace ---
    at TractionTools.Tests.Utilities.FileUtility.DirectoryCopy(String sourceDirName, String destDirName, Boolean copySubDirs, String[] skipTheseDirectories) in C:\repos\Radial\RadialReview\TractionTools.Tests\Utilities\FileUtility.cs:line 47
   at TractionTools.UITests.Selenium.BaseSelenium.GetApplicationPath() in C:\repos\Radial\RadialReview\TractionTools.UITests\Selenium\BaseSelenium.cs:line 477
   at TractionTools.UITests.Selenium.BaseSelenium.StartIIS() in C:\repos\Radial\RadialReview\TractionTools.UITests\Selenium\BaseSelenium.cs:line 414
   at TractionTools.UITests.Selenium.BaseSelenium.AssemblyInitialize(TestContext ctx) in C:\repos\Radial\RadialReview\TractionTools.UITests\Selenium\BaseSelenium.cs:line 152
</StackTrace>
        </ErrorInfo>
      </Output>
    </UnitTestResult>
    <UnitTestResult executionId="f8fb0449-9b14-4a2f-a12a-df0a4f9f26e4" testId="1c79a897-bb6d-454f-d8c0-0e69e5b7511d" testName="WebDriver_Matches" computerName="CLAY-DESKTOP" startTime="2016-08-28T18:32:51.9827493-07:00" endTime="2016-08-28T18:32:51.9872507-07:00" testType="13cdc9d9-ddb5-4fa4-a97d-d965ccfc6d4b" outcome="Failed" testListId="8c84fa94-04c1-424b-9868-57a2d4851a1d" relativeResultsDirectory="f8fb0449-9b14-4a2f-a12a-df0a4f9f26e4">
      <Output>
        <ErrorInfo>
          <Message>Assembly Initialization method TractionTools.UITests.Selenium.BaseSelenium.AssemblyInitialize threw exception. System.IO.IOException: System.IO.IOException: Files in '%temp%\TractionTools\ServerFiles' can be deleted. ---&gt; System.IO.IOException: There is not enough space on the disk.
. Aborting test execution.</Message>
          <StackTrace>    at System.IO.__Error.WinIOError(Int32 errorCode, String maybeFullPath)
   at System.IO.File.InternalCopy(String sourceFileName, String destFileName, Boolean overwrite, Boolean checkHost)
   at System.IO.FileInfo.CopyTo(String destFileName, Boolean overwrite)
   at TractionTools.Tests.Utilities.FileUtility.DirectoryCopy(String sourceDirName, String destDirName, Boolean copySubDirs, String[] skipTheseDirectories) in C:\repos\Radial\RadialReview\TractionTools.Tests\Utilities\FileUtility.cs:line 34
 --- End of inner exception stack trace ---
    at TractionTools.Tests.Utilities.FileUtility.DirectoryCopy(String sourceDirName, String destDirName, Boolean copySubDirs, String[] skipTheseDirectories) in C:\repos\Radial\RadialReview\TractionTools.Tests\Utilities\FileUtility.cs:line 47
   at TractionTools.UITests.Selenium.BaseSelenium.GetApplicationPath() in C:\repos\Radial\RadialReview\TractionTools.UITests\Selenium\BaseSelenium.cs:line 477
   at TractionTools.UITests.Selenium.BaseSelenium.StartIIS() in C:\repos\Radial\RadialReview\TractionTools.UITests\Selenium\BaseSelenium.cs:line 414
   at TractionTools.UITests.Selenium.BaseSelenium.AssemblyInitialize(TestContext ctx) in C:\repos\Radial\RadialReview\TractionTools.UITests\Selenium\BaseSelenium.cs:line 152
</StackTrace>
        </ErrorInfo>
      </Output>
    </UnitTestResult>
    <UnitTestResult executionId="eed146a3-a13e-4414-8f37-80f0cbf87e60" testId="e988f032-123e-d128-dfc0-b694a017216f" testName="L10_Meeting_Segue" computerName="CLAY-DESKTOP" startTime="2016-08-28T18:32:51.9917518-07:00" endTime="2016-08-28T18:32:51.9982530-07:00" testType="13cdc9d9-ddb5-4fa4-a97d-d965ccfc6d4b" outcome="Failed" testListId="8c84fa94-04c1-424b-9868-57a2d4851a1d" relativeResultsDirectory="eed146a3-a13e-4414-8f37-80f0cbf87e60">
      <Output>
        <ErrorInfo>
          <Message>Assembly Initialization method TractionTools.UITests.Selenium.BaseSelenium.AssemblyInitialize threw exception. System.IO.IOException: System.IO.IOException: Files in '%temp%\TractionTools\ServerFiles' can be deleted. ---&gt; System.IO.IOException: There is not enough space on the disk.
. Aborting test execution.</Message>
          <StackTrace>    at System.IO.__Error.WinIOError(Int32 errorCode, String maybeFullPath)
   at System.IO.File.InternalCopy(String sourceFileName, String destFileName, Boolean overwrite, Boolean checkHost)
   at System.IO.FileInfo.CopyTo(String destFileName, Boolean overwrite)
   at TractionTools.Tests.Utilities.FileUtility.DirectoryCopy(String sourceDirName, String destDirName, Boolean copySubDirs, String[] skipTheseDirectories) in C:\repos\Radial\RadialReview\TractionTools.Tests\Utilities\FileUtility.cs:line 34
 --- End of inner exception stack trace ---
    at TractionTools.Tests.Utilities.FileUtility.DirectoryCopy(String sourceDirName, String destDirName, Boolean copySubDirs, String[] skipTheseDirectories) in C:\repos\Radial\RadialReview\TractionTools.Tests\Utilities\FileUtility.cs:line 47
   at TractionTools.UITests.Selenium.BaseSelenium.GetApplicationPath() in C:\repos\Radial\RadialReview\TractionTools.UITests\Selenium\BaseSelenium.cs:line 477
   at TractionTools.UITests.Selenium.BaseSelenium.StartIIS() in C:\repos\Radial\RadialReview\TractionTools.UITests\Selenium\BaseSelenium.cs:line 414
   at TractionTools.UITests.Selenium.BaseSelenium.AssemblyInitialize(TestContext ctx) in C:\repos\Radial\RadialReview\TractionTools.UITests\Selenium\BaseSelenium.cs:line 152
</StackTrace>
        </ErrorInfo>
      </Output>
    </UnitTestResult>
    <UnitTestResult executionId="9e0b079f-d6b6-4592-9ffd-72343eb4ab91" testId="06e4c936-1122-7921-4b38-6bbbf4076a20" testName="L10_Meeting_Scorecard" computerName="CLAY-DESKTOP" startTime="2016-08-28T18:32:52.0027550-07:00" endTime="2016-08-28T18:32:52.0077562-07:00" testType="13cdc9d9-ddb5-4fa4-a97d-d965ccfc6d4b" outcome="Failed" testListId="8c84fa94-04c1-424b-9868-57a2d4851a1d" relativeResultsDirectory="9e0b079f-d6b6-4592-9ffd-72343eb4ab91">
      <Output>
        <ErrorInfo>
          <Message>Assembly Initialization method TractionTools.UITests.Selenium.BaseSelenium.AssemblyInitialize threw exception. System.IO.IOException: System.IO.IOException: Files in '%temp%\TractionTools\ServerFiles' can be deleted. ---&gt; System.IO.IOException: There is not enough space on the disk.
. Aborting test execution.</Message>
          <StackTrace>    at System.IO.__Error.WinIOError(Int32 errorCode, String maybeFullPath)
   at System.IO.File.InternalCopy(String sourceFileName, String destFileName, Boolean overwrite, Boolean checkHost)
   at System.IO.FileInfo.CopyTo(String destFileName, Boolean overwrite)
   at TractionTools.Tests.Utilities.FileUtility.DirectoryCopy(String sourceDirName, String destDirName, Boolean copySubDirs, String[] skipTheseDirectories) in C:\repos\Radial\RadialReview\TractionTools.Tests\Utilities\FileUtility.cs:line 34
 --- End of inner exception stack trace ---
    at TractionTools.Tests.Utilities.FileUtility.DirectoryCopy(String sourceDirName, String destDirName, Boolean copySubDirs, String[] skipTheseDirectories) in C:\repos\Radial\RadialReview\TractionTools.Tests\Utilities\FileUtility.cs:line 47
   at TractionTools.UITests.Selenium.BaseSelenium.GetApplicationPath() in C:\repos\Radial\RadialReview\TractionTools.UITests\Selenium\BaseSelenium.cs:line 477
   at TractionTools.UITests.Selenium.BaseSelenium.StartIIS() in C:\repos\Radial\RadialReview\TractionTools.UITests\Selenium\BaseSelenium.cs:line 414
   at TractionTools.UITests.Selenium.BaseSelenium.AssemblyInitialize(TestContext ctx) in C:\repos\Radial\RadialReview\TractionTools.UITests\Selenium\BaseSelenium.cs:line 152
</StackTrace>
        </ErrorInfo>
      </Output>
    </UnitTestResult>
    <UnitTestResult executionId="e0b5f09a-0642-4542-9cf3-37008ab20a0c" testId="828f5fde-8e1d-0106-b2f0-04ad9a5914da" testName="L10_Wizard_Scorecard" computerName="CLAY-DESKTOP" startTime="2016-08-28T18:32:52.0122567-07:00" endTime="2016-08-28T18:32:52.0172579-07:00" testType="13cdc9d9-ddb5-4fa4-a97d-d965ccfc6d4b" outcome="Failed" testListId="8c84fa94-04c1-424b-9868-57a2d4851a1d" relativeResultsDirectory="e0b5f09a-0642-4542-9cf3-37008ab20a0c">
      <Output>
        <ErrorInfo>
          <Message>Assembly Initialization method TractionTools.UITests.Selenium.BaseSelenium.AssemblyInitialize threw exception. System.IO.IOException: System.IO.IOException: Files in '%temp%\TractionTools\ServerFiles' can be deleted. ---&gt; System.IO.IOException: There is not enough space on the disk.
. Aborting test execution.</Message>
          <StackTrace>    at System.IO.__Error.WinIOError(Int32 errorCode, String maybeFullPath)
   at System.IO.File.InternalCopy(String sourceFileName, String destFileName, Boolean overwrite, Boolean checkHost)
   at System.IO.FileInfo.CopyTo(String destFileName, Boolean overwrite)
   at TractionTools.Tests.Utilities.FileUtility.DirectoryCopy(String sourceDirName, String destDirName, Boolean copySubDirs, String[] skipTheseDirectories) in C:\repos\Radial\RadialReview\TractionTools.Tests\Utilities\FileUtility.cs:line 34
 --- End of inner exception stack trace ---
    at TractionTools.Tests.Utilities.FileUtility.DirectoryCopy(String sourceDirName, String destDirName, Boolean copySubDirs, String[] skipTheseDirectories) in C:\repos\Radial\RadialReview\TractionTools.Tests\Utilities\FileUtility.cs:line 47
   at TractionTools.UITests.Selenium.BaseSelenium.GetApplicationPath() in C:\repos\Radial\RadialReview\TractionTools.UITests\Selenium\BaseSelenium.cs:line 477
   at TractionTools.UITests.Selenium.BaseSelenium.StartIIS() in C:\repos\Radial\RadialReview\TractionTools.UITests\Selenium\BaseSelenium.cs:line 414
   at TractionTools.UITests.Selenium.BaseSelenium.AssemblyInitialize(TestContext ctx) in C:\repos\Radial\RadialReview\TractionTools.UITests\Selenium\BaseSelenium.cs:line 152
</StackTrace>
        </ErrorInfo>
      </Output>
    </UnitTestResult>
    <UnitTestResult executionId="c230355d-b943-4f21-9a48-e1646ea203e1" testId="71ddce21-9d58-e527-69dd-29bac242caeb" testName="EditL10Recurrence" computerName="CLAY-DESKTOP" startTime="2016-08-28T18:32:52.0222618-07:00" endTime="2016-08-28T18:32:52.0272630-07:00" testType="13cdc9d9-ddb5-4fa4-a97d-d965ccfc6d4b" testListId="8c84fa94-04c1-424b-9868-57a2d4851a1d" relativeResultsDirectory="c230355d-b943-4f21-9a48-e1646ea203e1">
      <Output>
        <ErrorInfo>
          <Message>The test assembly 'C:\repos\Radial\RadialReview\Clay_CLAY-DESKTOP 2016-08-28 18_32_48\Out\TractionTools.Tests.DLL' cannot be loaded. Error details: Could not find file 'C:\repos\Radial\RadialReview\Clay_CLAY-DESKTOP 2016-08-28 18_32_48\Out\TractionTools.Tests.DLL'.</Message>
        </ErrorInfo>
      </Output>
    </UnitTestResult>
    <UnitTestResult executionId="edfa5265-810e-40ed-8c18-27c7e880824d" testId="3202e1b4-fdcc-2702-c088-f8c6a21605e0" testName="WebDriver_Parent" computerName="CLAY-DESKTOP" startTime="2016-08-28T18:32:52.0332641-07:00" endTime="2016-08-28T18:32:52.0382656-07:00" testType="13cdc9d9-ddb5-4fa4-a97d-d965ccfc6d4b" outcome="Failed" testListId="8c84fa94-04c1-424b-9868-57a2d4851a1d" relativeResultsDirectory="edfa5265-810e-40ed-8c18-27c7e880824d">
      <Output>
        <ErrorInfo>
          <Message>Assembly Initialization method TractionTools.UITests.Selenium.BaseSelenium.AssemblyInitialize threw exception. System.IO.IOException: System.IO.IOException: Files in '%temp%\TractionTools\ServerFiles' can be deleted. ---&gt; System.IO.IOException: There is not enough space on the disk.
. Aborting test execution.</Message>
          <StackTrace>    at System.IO.__Error.WinIOError(Int32 errorCode, String maybeFullPath)
   at System.IO.File.InternalCopy(String sourceFileName, String destFileName, Boolean overwrite, Boolean checkHost)
   at System.IO.FileInfo.CopyTo(String destFileName, Boolean overwrite)
   at TractionTools.Tests.Utilities.FileUtility.DirectoryCopy(String sourceDirName, String destDirName, Boolean copySubDirs, String[] skipTheseDirectories) in C:\repos\Radial\RadialReview\TractionTools.Tests\Utilities\FileUtility.cs:line 34
 --- End of inner exception stack trace ---
    at TractionTools.Tests.Utilities.FileUtility.DirectoryCopy(String sourceDirName, String destDirName, Boolean copySubDirs, String[] skipTheseDirectories) in C:\repos\Radial\RadialReview\TractionTools.Tests\Utilities\FileUtility.cs:line 47
   at TractionTools.UITests.Selenium.BaseSelenium.GetApplicationPath() in C:\repos\Radial\RadialReview\TractionTools.UITests\Selenium\BaseSelenium.cs:line 477
   at TractionTools.UITests.Selenium.BaseSelenium.StartIIS() in C:\repos\Radial\RadialReview\TractionTools.UITests\Selenium\BaseSelenium.cs:line 414
   at TractionTools.UITests.Selenium.BaseSelenium.AssemblyInitialize(TestContext ctx) in C:\repos\Radial\RadialReview\TractionTools.UITests\Selenium\BaseSelenium.cs:line 152
</StackTrace>
        </ErrorInfo>
      </Output>
    </UnitTestResult>
    <UnitTestResult executionId="4c60b4e6-4ae6-4759-a599-88a5a00d2b7a" testId="bad7247a-cffc-10f9-7543-e70b6c02118d" testName="L10_Wizard_Rocks" computerName="CLAY-DESKTOP" startTime="2016-08-28T18:32:52.0422666-07:00" endTime="2016-08-28T18:32:52.0472672-07:00" testType="13cdc9d9-ddb5-4fa4-a97d-d965ccfc6d4b" outcome="Failed" testListId="8c84fa94-04c1-424b-9868-57a2d4851a1d" relativeResultsDirectory="4c60b4e6-4ae6-4759-a599-88a5a00d2b7a">
      <Output>
        <ErrorInfo>
          <Message>Assembly Initialization method TractionTools.UITests.Selenium.BaseSelenium.AssemblyInitialize threw exception. System.IO.IOException: System.IO.IOException: Files in '%temp%\TractionTools\ServerFiles' can be deleted. ---&gt; System.IO.IOException: There is not enough space on the disk.
. Aborting test execution.</Message>
          <StackTrace>    at System.IO.__Error.WinIOError(Int32 errorCode, String maybeFullPath)
   at System.IO.File.InternalCopy(String sourceFileName, String destFileName, Boolean overwrite, Boolean checkHost)
   at System.IO.FileInfo.CopyTo(String destFileName, Boolean overwrite)
   at TractionTools.Tests.Utilities.FileUtility.DirectoryCopy(String sourceDirName, String destDirName, Boolean copySubDirs, String[] skipTheseDirectories) in C:\repos\Radial\RadialReview\TractionTools.Tests\Utilities\FileUtility.cs:line 34
 --- End of inner exception stack trace ---
    at TractionTools.Tests.Utilities.FileUtility.DirectoryCopy(String sourceDirName, String destDirName, Boolean copySubDirs, String[] skipTheseDirectories) in C:\repos\Radial\RadialReview\TractionTools.Tests\Utilities\FileUtility.cs:line 47
   at TractionTools.UITests.Selenium.BaseSelenium.GetApplicationPath() in C:\repos\Radial\RadialReview\TractionTools.UITests\Selenium\BaseSelenium.cs:line 477
   at TractionTools.UITests.Selenium.BaseSelenium.StartIIS() in C:\repos\Radial\RadialReview\TractionTools.UITests\Selenium\BaseSelenium.cs:line 414
   at TractionTools.UITests.Selenium.BaseSelenium.AssemblyInitialize(TestContext ctx) in C:\repos\Radial\RadialReview\TractionTools.UITests\Selenium\BaseSelenium.cs:line 152
</StackTrace>
        </ErrorInfo>
      </Output>
    </UnitTestResult>
    <UnitTestResult executionId="22688239-5e7e-461a-97b0-95e4dcc8eff3" testId="9c0005f7-a4d3-79bc-bd98-85f1c9125b43" testName="CreateL10Recurrence" computerName="CLAY-DESKTOP" startTime="2016-08-28T18:32:52.0532698-07:00" endTime="2016-08-28T18:32:52.0592707-07:00" testType="13cdc9d9-ddb5-4fa4-a97d-d965ccfc6d4b" testListId="8c84fa94-04c1-424b-9868-57a2d4851a1d" relativeResultsDirectory="22688239-5e7e-461a-97b0-95e4dcc8eff3">
      <Output>
        <ErrorInfo>
          <Message>The test assembly 'C:\repos\Radial\RadialReview\Clay_CLAY-DESKTOP 2016-08-28 18_32_48\Out\TractionTools.Tests.DLL' cannot be loaded. Error details: Could not find file 'C:\repos\Radial\RadialReview\Clay_CLAY-DESKTOP 2016-08-28 18_32_48\Out\TractionTools.Tests.DLL'.</Message>
        </ErrorInfo>
      </Output>
    </UnitTestResult>
  </Results>
</TestRun>