<?xml version="1.0" encoding="UTF-8"?>
<TestRun id="e467761f-34e9-4c41-a7fd-35e4ee528d1e" name="Clay@CLAY-DESKTOP 2016-08-28 18:29:44" runUser="CLAY-DESKTOP\Clay" xmlns="http://microsoft.com/schemas/VisualStudio/TeamTest/2010">
  <TestSettings name="Default Test Settings" id="beb84b9e-bc4c-4673-9d72-1faee9d6b95a">
    <Deployment userDeploymentRoot="C:\repos\Radial\RadialReview" useDefaultDeploymentRoot="false" runDeploymentRoot="Clay_CLAY-DESKTOP 2016-08-28 18_29_44" />
    <Execution>
      <TestTypeSpecific />
      <AgentRule name="Execution Agents">
      </AgentRule>
    </Execution>
    <Properties />
  </TestSettings>
  <Times creation="2016-08-28T18:29:44.4849815-07:00" queuing="2016-08-28T18:29:49.9442926-07:00" start="2016-08-28T18:29:50.0933284-07:00" finish="2016-08-28T18:32:16.9624329-07:00" />
  <ResultSummary outcome="Failed">
    <Counters total="41" executed="41" passed="18" error="0" failed="23" timeout="0" aborted="0" inconclusive="0" passedButRunAborted="0" notRunnable="0" notExecuted="0" disconnected="0" warning="0" completed="0" inProgress="0" pending="0" />
    <RunInfos>
      <RunInfo computerName="CLAY-DESKTOP" outcome="Warning" timestamp="2016-08-28T18:29:49.9142854-07:00">
        <Text>Warning: conflict during test run deployment: deployment item 'c:\repos\radial\radialreview\tractiontools.tests\bin\x86\debug\Microsoft.AspNet.Identity.Core.dll' directly or indirectly referenced by the test container 'c:\repos\radial\radialreview\tractiontools.tests\bin\x86\debug\tractiontools.tests.dll' cannot be deployed to 'Microsoft.AspNet.Identity.Core.dll' because otherwise the file 'c:\repos\radial\radialreview\tractiontools.tests\bin\x86\debug\Microsoft.AspNet.Identity.Core.dll' would overwrite deployment item 'c:\repos\radial\radialreview\tractiontools.uitests\bin\x86\debug\Microsoft.AspNet.Identity.Core.dll' directly or indirectly referenced by the test container 'c:\repos\radial\radialreview\tractiontools.uitests\bin\x86\debug\tractiontools.uitests.dll'.</Text>
      </RunInfo>
      <RunInfo computerName="CLAY-DESKTOP" outcome="Warning" timestamp="2016-08-28T18:29:49.9152856-07:00">
        <Text>Warning: conflict during test run deployment: deployment item 'c:\repos\radial\radialreview\tractiontools.tests\bin\x86\debug\Microsoft.AspNet.Identity.EntityFramework.dll' directly or indirectly referenced by the test container 'c:\repos\radial\radialreview\tractiontools.tests\bin\x86\debug\tractiontools.tests.dll' cannot be deployed to 'Microsoft.AspNet.Identity.EntityFramework.dll' because otherwise the file 'c:\repos\radial\radialreview\tractiontools.tests\bin\x86\debug\Microsoft.AspNet.Identity.EntityFramework.dll' would overwrite deployment item 'c:\repos\radial\radialreview\tractiontools.uitests\bin\x86\debug\Microsoft.AspNet.Identity.EntityFramework.dll' directly or indirectly referenced by the test container 'c:\repos\radial\radialreview\tractiontools.uitests\bin\x86\debug\tractiontools.uitests.dll'.</Text>
      </RunInfo>
      <RunInfo computerName="CLAY-DESKTOP" outcome="Warning" timestamp="2016-08-28T18:29:49.9152856-07:00">
        <Text>Warning: conflict during test run deployment: deployment item 'c:\repos\radial\radialreview\tractiontools.tests\bin\x86\debug\EntityFramework.dll' directly or indirectly referenced by the test container 'c:\repos\radial\radialreview\tractiontools.tests\bin\x86\debug\tractiontools.tests.dll' cannot be deployed to 'EntityFramework.dll' because otherwise the file 'c:\repos\radial\radialreview\tractiontools.tests\bin\x86\debug\EntityFramework.dll' would overwrite deployment item 'c:\repos\radial\radialreview\tractiontools.uitests\bin\x86\debug\EntityFramework.dll' directly or indirectly referenced by the test container 'c:\repos\radial\radialreview\tractiontools.uitests\bin\x86\debug\tractiontools.uitests.dll'.</Text>
      </RunInfo>
      <RunInfo computerName="CLAY-DESKTOP" outcome="Warning" timestamp="2016-08-28T18:29:49.9192866-07:00">
        <Text>Warning: Test Run deployment issue: The assembly or module 'RestSharp' directly or indirectly referenced by the test container 'c:\repos\radial\radialreview\tractiontools.uitests\bin\x86\debug\tractiontools.uitests.dll' was not found.</Text>
      </RunInfo>
    </RunInfos>
  </ResultSummary>
  <TestDefinitions>
    <UnitTest name="L10_Wizard_Basics" storage="c:\repos\radial\radialreview\\tractiontools.uitests\bin\x86\debug\tractiontools.uitests.dll" id="e2674754-388f-a839-dd1b-2d05c442669b">
      <Execution id="2331ff87-6a1b-4c65-9663-a5ddb7f6763e" />
      <TestMethod codeBase="C:/repos/Radial/RadialReview/TractionTools.UITests/bin/x86/Debug/TractionTools.UITests.DLL" adapterTypeName="Microsoft.VisualStudio.TestTools.TestTypes.Unit.UnitTestAdapter, Microsoft.VisualStudio.QualityTools.Tips.UnitTest.Adapter, Version=12.0.0.0, Culture=neutral, PublicKeyToken=b03f5f7f11d50a3a" className="TractionTools.UITests.L10Wizard.L10Wizard, TractionTools.UITests, Version=1.0.0.0, Culture=neutral, PublicKeyToken=null" name="L10_Wizard_Basics" />
    </UnitTest>
    <UnitTest name="WebDriver_Matches" storage="c:\repos\radial\radialreview\\tractiontools.uitests\bin\x86\debug\tractiontools.uitests.dll" id="1c79a897-bb6d-454f-d8c0-0e69e5b7511d">
      <Execution id="ee8f5f60-9901-4a83-acbe-e08eaa7c5427" />
      <TestMethod codeBase="C:/repos/Radial/RadialReview/TractionTools.UITests/bin/x86/Debug/TractionTools.UITests.DLL" adapterTypeName="Microsoft.VisualStudio.TestTools.TestTypes.Unit.UnitTestAdapter, Microsoft.VisualStudio.QualityTools.Tips.UnitTest.Adapter, Version=12.0.0.0, Culture=neutral, PublicKeyToken=b03f5f7f11d50a3a" className="TractionTools.UITests.Selenium.WebDriverExtensionTests, TractionTools.UITests, Version=1.0.0.0, Culture=neutral, PublicKeyToken=null" name="WebDriver_Matches" />
    </UnitTest>
    <UnitTest name="EditRocks" storage="c:\repos\radial\radialreview\\tractiontools.tests\bin\x86\debug\tractiontools.tests.dll" id="49267016-ffca-a15a-faec-2a5fbb36afdc">
      <Execution id="c11dc3a3-3359-43bd-989e-04c79a7860a9" />
      <Properties>
        <Property>
          <Key>__Internal_AsyncTypeName__</Key>
          <Value>TractionTools.Tests.Accessors.RockAccessorTests+&lt;EditRocks&gt;d__0</Value>
        </Property>
      </Properties>
      <TestMethod codeBase="C:/repos/Radial/RadialReview/TractionTools.Tests/bin/x86/Debug/TractionTools.Tests.DLL" adapterTypeName="Microsoft.VisualStudio.TestTools.TestTypes.Unit.UnitTestAdapter, Microsoft.VisualStudio.QualityTools.Tips.UnitTest.Adapter, Version=12.0.0.0, Culture=neutral, PublicKeyToken=b03f5f7f11d50a3a" className="TractionTools.Tests.Accessors.RockAccessorTests, TractionTools.Tests, Version=1.0.0.0, Culture=neutral, PublicKeyToken=null" name="EditRocks" />
    </UnitTest>
    <UnitTest name="TestTodoCompletion_EdgeCase" storage="c:\repos\radial\radialreview\\tractiontools.tests\bin\x86\debug\tractiontools.tests.dll" id="3c6ca5bb-27f0-58c4-1b97-2c6e29ab664a">
      <Execution id="0d19e0f2-a2b4-4f8d-a433-982201c57a3d" />
      <TestMethod codeBase="C:/repos/Radial/RadialReview/TractionTools.Tests/bin/x86/Debug/TractionTools.Tests.DLL" adapterTypeName="Microsoft.VisualStudio.TestTools.TestTypes.Unit.UnitTestAdapter, Microsoft.VisualStudio.QualityTools.Tips.UnitTest.Adapter, Version=12.0.0.0, Culture=neutral, PublicKeyToken=b03f5f7f11d50a3a" className="TractionTools.Tests.Accessors.L10AccessorTests, TractionTools.Tests, Version=1.0.0.0, Culture=neutral, PublicKeyToken=null" name="TestTodoCompletion_EdgeCase" />
    </UnitTest>
    <UnitTest name="FirstInitialLastName" storage="c:\repos\radial\radialreview\\tractiontools.tests\bin\x86\debug\tractiontools.tests.dll" id="2199a9df-9398-b260-d34d-3f957f9b45a8">
      <Execution id="db797e75-7714-41af-8302-5f5a52df0ef0" />
      <TestMethod codeBase="C:/repos/Radial/RadialReview/TractionTools.Tests/bin/x86/Debug/TractionTools.Tests.DLL" adapterTypeName="Microsoft.VisualStudio.TestTools.TestTypes.Unit.UnitTestAdapter, Microsoft.VisualStudio.QualityTools.Tips.UnitTest.Adapter, Version=12.0.0.0, Culture=neutral, PublicKeyToken=b03f5f7f11d50a3a" className="TractionTools.Tests.Utilities.DistanceUtility_User, TractionTools.Tests, Version=1.0.0.0, Culture=neutral, PublicKeyToken=null" name="FirstInitialLastName" />
    </UnitTest>
    <UnitTest name="PaymentPlanTypesTests" storage="c:\repos\radial\radialreview\\tractiontools.tests\bin\x86\debug\tractiontools.tests.dll" id="37d578af-26ae-eb7a-67a0-ef75d1075eb0">
      <Execution id="83566b8f-48c3-4985-ae87-59ccecdd9683" />
      <TestMethod codeBase="C:/repos/Radial/RadialReview/TractionTools.Tests/bin/x86/Debug/TractionTools.Tests.DLL" adapterTypeName="Microsoft.VisualStudio.TestTools.TestTypes.Unit.UnitTestAdapter, Microsoft.VisualStudio.QualityTools.Tips.UnitTest.Adapter, Version=12.0.0.0, Culture=neutral, PublicKeyToken=b03f5f7f11d50a3a" className="TractionTools.Tests.Accessors.PaymentPlanAccessorTests, TractionTools.Tests, Version=1.0.0.0, Culture=neutral, PublicKeyToken=null" name="PaymentPlanTypesTests" />
    </UnitTest>
    <UnitTest name="TestTodoCompletion" storage="c:\repos\radial\radialreview\\tractiontools.tests\bin\x86\debug\tractiontools.tests.dll" id="df9256a2-1641-6732-6379-63b2bf8d0b9a">
      <Execution id="36e85e08-149c-461b-8cae-6ee694d593ba" />
      <TestMethod codeBase="C:/repos/Radial/RadialReview/TractionTools.Tests/bin/x86/Debug/TractionTools.Tests.DLL" adapterTypeName="Microsoft.VisualStudio.TestTools.TestTypes.Unit.UnitTestAdapter, Microsoft.VisualStudio.QualityTools.Tips.UnitTest.Adapter, Version=12.0.0.0, Culture=neutral, PublicKeyToken=b03f5f7f11d50a3a" className="TractionTools.Tests.Accessors.L10AccessorTests, TractionTools.Tests, Version=1.0.0.0, Culture=neutral, PublicKeyToken=null" name="TestTodoCompletion" />
    </UnitTest>
    <UnitTest name="L10_Wizard_Rocks" storage="c:\repos\radial\radialreview\\tractiontools.uitests\bin\x86\debug\tractiontools.uitests.dll" id="bad7247a-cffc-10f9-7543-e70b6c02118d">
      <Execution id="e6afd258-738d-44b3-8bd4-18f6656a29bc" />
      <TestMethod codeBase="C:/repos/Radial/RadialReview/TractionTools.UITests/bin/x86/Debug/TractionTools.UITests.DLL" adapterTypeName="Microsoft.VisualStudio.TestTools.TestTypes.Unit.UnitTestAdapter, Microsoft.VisualStudio.QualityTools.Tips.UnitTest.Adapter, Version=12.0.0.0, Culture=neutral, PublicKeyToken=b03f5f7f11d50a3a" className="TractionTools.UITests.L10Wizard.L10Wizard, TractionTools.UITests, Version=1.0.0.0, Culture=neutral, PublicKeyToken=null" name="L10_Wizard_Rocks" />
    </UnitTest>
    <UnitTest name="L10_Archive_TestScorecard" storage="c:\repos\radial\radialreview\\tractiontools.uitests\bin\x86\debug\tractiontools.uitests.dll" id="80143e15-ef85-a681-a5ae-4b022b929f30">
      <Execution id="29165bb6-d5a9-4955-b8df-8152bad1b50a" />
      <Properties>
        <Property>
          <Key>__Internal_AsyncTypeName__</Key>
          <Value>TractionTools.UITests.Selenium.MeetingArchiveTests+&lt;L10_Archive_TestScorecard&gt;d__1</Value>
        </Property>
      </Properties>
      <TestMethod codeBase="C:/repos/Radial/RadialReview/TractionTools.UITests/bin/x86/Debug/TractionTools.UITests.DLL" adapterTypeName="Microsoft.VisualStudio.TestTools.TestTypes.Unit.UnitTestAdapter, Microsoft.VisualStudio.QualityTools.Tips.UnitTest.Adapter, Version=12.0.0.0, Culture=neutral, PublicKeyToken=b03f5f7f11d50a3a" className="TractionTools.UITests.Selenium.MeetingArchiveTests, TractionTools.UITests, Version=1.0.0.0, Culture=neutral, PublicKeyToken=null" name="L10_Archive_TestScorecard" />
    </UnitTest>
    <UnitTest name="EditMeasurables" storage="c:\repos\radial\radialreview\\tractiontools.tests\bin\x86\debug\tractiontools.tests.dll" id="162f28fb-044b-011c-ddf0-9dda60a3aa8e">
      <Execution id="65ca8254-803c-452c-a7d8-bea772606cb8" />
      <Properties>
        <Property>
          <Key>__Internal_AsyncTypeName__</Key>
          <Value>TractionTools.Tests.Accessors.ScorecardAccessorTests+&lt;EditMeasurables&gt;d__0</Value>
        </Property>
      </Properties>
      <TestMethod codeBase="C:/repos/Radial/RadialReview/TractionTools.Tests/bin/x86/Debug/TractionTools.Tests.DLL" adapterTypeName="Microsoft.VisualStudio.TestTools.TestTypes.Unit.UnitTestAdapter, Microsoft.VisualStudio.QualityTools.Tips.UnitTest.Adapter, Version=12.0.0.0, Culture=neutral, PublicKeyToken=b03f5f7f11d50a3a" className="TractionTools.Tests.Accessors.ScorecardAccessorTests, TractionTools.Tests, Version=1.0.0.0, Culture=neutral, PublicKeyToken=null" name="EditMeasurables" />
    </UnitTest>
    <UnitTest name="ChargeOrgs" storage="c:\repos\radial\radialreview\\tractiontools.tests\bin\x86\debug\tractiontools.tests.dll" id="f444373b-0734-9712-0119-2ea0e1d71a9f">
      <Execution id="ab77e641-dfdd-4fc8-a896-e6f6a7a89907" />
      <Properties>
        <Property>
          <Key>__Internal_AsyncTypeName__</Key>
          <Value>TractionTools.Tests.Accessors.PaymentPlanAccessorTests+&lt;ChargeOrgs&gt;d__2</Value>
        </Property>
      </Properties>
      <TestMethod codeBase="C:/repos/Radial/RadialReview/TractionTools.Tests/bin/x86/Debug/TractionTools.Tests.DLL" adapterTypeName="Microsoft.VisualStudio.TestTools.TestTypes.Unit.UnitTestAdapter, Microsoft.VisualStudio.QualityTools.Tips.UnitTest.Adapter, Version=12.0.0.0, Culture=neutral, PublicKeyToken=b03f5f7f11d50a3a" className="TractionTools.Tests.Accessors.PaymentPlanAccessorTests, TractionTools.Tests, Version=1.0.0.0, Culture=neutral, PublicKeyToken=null" name="ChargeOrgs" />
    </UnitTest>
    <UnitTest name="L10_Wizard_Issues" storage="c:\repos\radial\radialreview\\tractiontools.uitests\bin\x86\debug\tractiontools.uitests.dll" id="da720cd2-d7ad-e480-55f5-36731a1892d7">
      <Execution id="c1601143-8014-4021-96ae-730fe8582a20" />
      <TestMethod codeBase="C:/repos/Radial/RadialReview/TractionTools.UITests/bin/x86/Debug/TractionTools.UITests.DLL" adapterTypeName="Microsoft.VisualStudio.TestTools.TestTypes.Unit.UnitTestAdapter, Microsoft.VisualStudio.QualityTools.Tips.UnitTest.Adapter, Version=12.0.0.0, Culture=neutral, PublicKeyToken=b03f5f7f11d50a3a" className="TractionTools.UITests.L10Wizard.L10Wizard, TractionTools.UITests, Version=1.0.0.0, Culture=neutral, PublicKeyToken=null" name="L10_Wizard_Issues" />
    </UnitTest>
    <UnitTest name="FirstNamesLastName" storage="c:\repos\radial\radialreview\\tractiontools.tests\bin\x86\debug\tractiontools.tests.dll" id="5e371a76-9ca2-1645-aa18-f75ac9ed5b3c">
      <Execution id="8d012d9a-6141-4564-ac80-221cace7ebbb" />
      <TestMethod codeBase="C:/repos/Radial/RadialReview/TractionTools.Tests/bin/x86/Debug/TractionTools.Tests.DLL" adapterTypeName="Microsoft.VisualStudio.TestTools.TestTypes.Unit.UnitTestAdapter, Microsoft.VisualStudio.QualityTools.Tips.UnitTest.Adapter, Version=12.0.0.0, Culture=neutral, PublicKeyToken=b03f5f7f11d50a3a" className="TractionTools.Tests.Utilities.DistanceUtility_User, TractionTools.Tests, Version=1.0.0.0, Culture=neutral, PublicKeyToken=null" name="FirstNamesLastName" />
    </UnitTest>
    <UnitTest name="L10_Meeting_Scorecard" storage="c:\repos\radial\radialreview\\tractiontools.uitests\bin\x86\debug\tractiontools.uitests.dll" id="06e4c936-1122-7921-4b38-6bbbf4076a20">
      <Execution id="27d7ef72-7029-4b93-a71a-7ebe25db6992" />
      <Properties>
        <Property>
          <Key>__Internal_AsyncTypeName__</Key>
          <Value>TractionTools.UITests.MeetingArchive.MeetingTests+&lt;L10_Meeting_Scorecard&gt;d__3</Value>
        </Property>
      </Properties>
      <TestMethod codeBase="C:/repos/Radial/RadialReview/TractionTools.UITests/bin/x86/Debug/TractionTools.UITests.DLL" adapterTypeName="Microsoft.VisualStudio.TestTools.TestTypes.Unit.UnitTestAdapter, Microsoft.VisualStudio.QualityTools.Tips.UnitTest.Adapter, Version=12.0.0.0, Culture=neutral, PublicKeyToken=b03f5f7f11d50a3a" className="TractionTools.UITests.MeetingArchive.MeetingTests, TractionTools.UITests, Version=1.0.0.0, Culture=neutral, PublicKeyToken=null" name="L10_Meeting_Scorecard" />
    </UnitTest>
    <UnitTest name="WebDriver_Closest" storage="c:\repos\radial\radialreview\\tractiontools.uitests\bin\x86\debug\tractiontools.uitests.dll" id="a27d2e7a-cca7-57fd-d553-707b263917cc">
      <Execution id="bcc4cacb-bd5f-48ca-8848-7963d67dcace" />
      <TestMethod codeBase="C:/repos/Radial/RadialReview/TractionTools.UITests/bin/x86/Debug/TractionTools.UITests.DLL" adapterTypeName="Microsoft.VisualStudio.TestTools.TestTypes.Unit.UnitTestAdapter, Microsoft.VisualStudio.QualityTools.Tips.UnitTest.Adapter, Version=12.0.0.0, Culture=neutral, PublicKeyToken=b03f5f7f11d50a3a" className="TractionTools.UITests.Selenium.WebDriverExtensionTests, TractionTools.UITests, Version=1.0.0.0, Culture=neutral, PublicKeyToken=null" name="WebDriver_Closest" />
    </UnitTest>
    <UnitTest name="LastNames" storage="c:\repos\radial\radialreview\\tractiontools.tests\bin\x86\debug\tractiontools.tests.dll" id="6e698205-55db-074b-093a-a6e9e3f888be">
      <Execution id="0a1fef55-a806-488e-ac01-a237ad74fd9d" />
      <TestMethod codeBase="C:/repos/Radial/RadialReview/TractionTools.Tests/bin/x86/Debug/TractionTools.Tests.DLL" adapterTypeName="Microsoft.VisualStudio.TestTools.TestTypes.Unit.UnitTestAdapter, Microsoft.VisualStudio.QualityTools.Tips.UnitTest.Adapter, Version=12.0.0.0, Culture=neutral, PublicKeyToken=b03f5f7f11d50a3a" className="TractionTools.Tests.Utilities.DistanceUtility_User, TractionTools.Tests, Version=1.0.0.0, Culture=neutral, PublicKeyToken=null" name="LastNames" />
    </UnitTest>
    <UnitTest name="VTO" storage="c:\repos\radial\radialreview\\tractiontools.tests\bin\x86\debug\tractiontools.tests.dll" id="0755b398-363d-236d-3d86-7f702b02bd2d">
      <Execution id="1b379c6e-e1d0-4e1d-85a6-e0daa7b30ebc" />
      <TestMethod codeBase="C:/repos/Radial/RadialReview/TractionTools.Tests/bin/x86/Debug/TractionTools.Tests.DLL" adapterTypeName="Microsoft.VisualStudio.TestTools.TestTypes.Unit.UnitTestAdapter, Microsoft.VisualStudio.QualityTools.Tips.UnitTest.Adapter, Version=12.0.0.0, Culture=neutral, PublicKeyToken=b03f5f7f11d50a3a" className="TractionTools.Tests.Accessors.PdfAccessor_RunAll, TractionTools.Tests, Version=1.0.0.0, Culture=neutral, PublicKeyToken=null" name="VTO" />
    </UnitTest>
    <UnitTest name="FirstNames" storage="c:\repos\radial\radialreview\\tractiontools.tests\bin\x86\debug\tractiontools.tests.dll" id="aa521c97-7e12-4703-aff1-2c7db25d688a">
      <Execution id="354088a6-0120-4423-8a70-e3ed2a4b1af9" />
      <TestMethod codeBase="C:/repos/Radial/RadialReview/TractionTools.Tests/bin/x86/Debug/TractionTools.Tests.DLL" adapterTypeName="Microsoft.VisualStudio.TestTools.TestTypes.Unit.UnitTestAdapter, Microsoft.VisualStudio.QualityTools.Tips.UnitTest.Adapter, Version=12.0.0.0, Culture=neutral, PublicKeyToken=b03f5f7f11d50a3a" className="TractionTools.Tests.Utilities.DistanceUtility_User, TractionTools.Tests, Version=1.0.0.0, Culture=neutral, PublicKeyToken=null" name="FirstNames" />
    </UnitTest>
    <UnitTest name="L10_Wizard_Todo" storage="c:\repos\radial\radialreview\\tractiontools.uitests\bin\x86\debug\tractiontools.uitests.dll" id="5086f43d-f366-c91b-d209-c57b65f15643">
      <Execution id="f622d555-7971-48ba-9b11-185e73102c3f" />
      <TestMethod codeBase="C:/repos/Radial/RadialReview/TractionTools.UITests/bin/x86/Debug/TractionTools.UITests.DLL" adapterTypeName="Microsoft.VisualStudio.TestTools.TestTypes.Unit.UnitTestAdapter, Microsoft.VisualStudio.QualityTools.Tips.UnitTest.Adapter, Version=12.0.0.0, Culture=neutral, PublicKeyToken=b03f5f7f11d50a3a" className="TractionTools.UITests.L10Wizard.L10Wizard, TractionTools.UITests, Version=1.0.0.0, Culture=neutral, PublicKeyToken=null" name="L10_Wizard_Todo" />
    </UnitTest>
    <UnitTest name="TestRangeQuarterly_FirstOfMonth" storage="c:\repos\radial\radialreview\\tractiontools.tests\bin\x86\debug\tractiontools.tests.dll" id="18fd0eda-5b53-e10f-896f-635533aa138f">
      <Execution id="479bd399-50b8-48ed-97c5-be460876ce58" />
      <TestMethod codeBase="C:/repos/Radial/RadialReview/TractionTools.Tests/bin/x86/Debug/TractionTools.Tests.DLL" adapterTypeName="Microsoft.VisualStudio.TestTools.TestTypes.Unit.UnitTestAdapter, Microsoft.VisualStudio.QualityTools.Tips.UnitTest.Adapter, Version=12.0.0.0, Culture=neutral, PublicKeyToken=b03f5f7f11d50a3a" className="TractionTools.Tests.Utilities.TimingUtilityTests, TractionTools.Tests, Version=1.0.0.0, Culture=neutral, PublicKeyToken=null" name="TestRangeQuarterly_FirstOfMonth" />
    </UnitTest>
    <UnitTest name="TestRangeQuarterly_FirstMondayOfMonth" storage="c:\repos\radial\radialreview\\tractiontools.tests\bin\x86\debug\tractiontools.tests.dll" id="b4097aaf-cbcf-46b1-b3b0-61e40cc1694f">
      <Execution id="ae33c1c4-ec2b-4b53-ac8b-02c8377d9fb7" />
      <TestMethod codeBase="C:/repos/Radial/RadialReview/TractionTools.Tests/bin/x86/Debug/TractionTools.Tests.DLL" adapterTypeName="Microsoft.VisualStudio.TestTools.TestTypes.Unit.UnitTestAdapter, Microsoft.VisualStudio.QualityTools.Tips.UnitTest.Adapter, Version=12.0.0.0, Culture=neutral, PublicKeyToken=b03f5f7f11d50a3a" className="TractionTools.Tests.Utilities.TimingUtilityTests, TractionTools.Tests, Version=1.0.0.0, Culture=neutral, PublicKeyToken=null" name="TestRangeQuarterly_FirstMondayOfMonth" />
    </UnitTest>
    <UnitTest name="TestRangeWeekly" storage="c:\repos\radial\radialreview\\tractiontools.tests\bin\x86\debug\tractiontools.tests.dll" id="fd43cc59-c58b-ec86-44c8-95d6077acef5">
      <Execution id="01d9ff90-ee97-4957-ba7c-8a76de2465fd" />
      <TestMethod codeBase="C:/repos/Radial/RadialReview/TractionTools.Tests/bin/x86/Debug/TractionTools.Tests.DLL" adapterTypeName="Microsoft.VisualStudio.TestTools.TestTypes.Unit.UnitTestAdapter, Microsoft.VisualStudio.QualityTools.Tips.UnitTest.Adapter, Version=12.0.0.0, Culture=neutral, PublicKeyToken=b03f5f7f11d50a3a" className="TractionTools.Tests.Utilities.TimingUtilityTests, TractionTools.Tests, Version=1.0.0.0, Culture=neutral, PublicKeyToken=null" name="TestRangeWeekly" />
    </UnitTest>
    <UnitTest name="TestTodoCompletion_Excel" storage="c:\repos\radial\radialreview\\tractiontools.tests\bin\x86\debug\tractiontools.tests.dll" id="a3db5b50-ea92-fe17-64cb-10f74d8f9373">
      <Execution id="c8544b4f-e5c0-4440-aa5a-cb4f5a155301" />
      <TestMethod codeBase="C:/repos/Radial/RadialReview/TractionTools.Tests/bin/x86/Debug/TractionTools.Tests.DLL" adapterTypeName="Microsoft.VisualStudio.TestTools.TestTypes.Unit.UnitTestAdapter, Microsoft.VisualStudio.QualityTools.Tips.UnitTest.Adapter, Version=12.0.0.0, Culture=neutral, PublicKeyToken=b03f5f7f11d50a3a" className="TractionTools.Tests.Accessors.L10AccessorTests, TractionTools.Tests, Version=1.0.0.0, Culture=neutral, PublicKeyToken=null" name="TestTodoCompletion_Excel" />
    </UnitTest>
    <UnitTest name="FirstNamesLastInitial" storage="c:\repos\radial\radialreview\\tractiontools.tests\bin\x86\debug\tractiontools.tests.dll" id="ff513a8d-eb8e-7706-5259-88ae503726a7">
      <Execution id="d9c1075a-4c96-44cc-b61f-936a9d7a3d47" />
      <TestMethod codeBase="C:/repos/Radial/RadialReview/TractionTools.Tests/bin/x86/Debug/TractionTools.Tests.DLL" adapterTypeName="Microsoft.VisualStudio.TestTools.TestTypes.Unit.UnitTestAdapter, Microsoft.VisualStudio.QualityTools.Tips.UnitTest.Adapter, Version=12.0.0.0, Culture=neutral, PublicKeyToken=b03f5f7f11d50a3a" className="TractionTools.Tests.Utilities.DistanceUtility_User, TractionTools.Tests, Version=1.0.0.0, Culture=neutral, PublicKeyToken=null" name="FirstNamesLastInitial" />
    </UnitTest>
    <UnitTest name="WebDriver_Parent" storage="c:\repos\radial\radialreview\\tractiontools.uitests\bin\x86\debug\tractiontools.uitests.dll" id="3202e1b4-fdcc-2702-c088-f8c6a21605e0">
      <Execution id="c38bdce1-03fb-450b-a21c-97a3a169ebcb" />
      <TestMethod codeBase="C:/repos/Radial/RadialReview/TractionTools.UITests/bin/x86/Debug/TractionTools.UITests.DLL" adapterTypeName="Microsoft.VisualStudio.TestTools.TestTypes.Unit.UnitTestAdapter, Microsoft.VisualStudio.QualityTools.Tips.UnitTest.Adapter, Version=12.0.0.0, Culture=neutral, PublicKeyToken=b03f5f7f11d50a3a" className="TractionTools.UITests.Selenium.WebDriverExtensionTests, TractionTools.UITests, Version=1.0.0.0, Culture=neutral, PublicKeyToken=null" name="WebDriver_Parent" />
    </UnitTest>
    <UnitTest name="CreateL10Recurrence" storage="c:\repos\radial\radialreview\\tractiontools.tests\bin\x86\debug\tractiontools.tests.dll" id="9c0005f7-a4d3-79bc-bd98-85f1c9125b43">
      <Execution id="78ffc5d5-1286-4658-8181-89aae52c9497" />
      <TestMethod codeBase="C:/repos/Radial/RadialReview/TractionTools.Tests/bin/x86/Debug/TractionTools.Tests.DLL" adapterTypeName="Microsoft.VisualStudio.TestTools.TestTypes.Unit.UnitTestAdapter, Microsoft.VisualStudio.QualityTools.Tips.UnitTest.Adapter, Version=12.0.0.0, Culture=neutral, PublicKeyToken=b03f5f7f11d50a3a" className="TractionTools.Tests.Accessors.L10Accessor_EditRecurrenceTests, TractionTools.Tests, Version=1.0.0.0, Culture=neutral, PublicKeyToken=null" name="CreateL10Recurrence" />
    </UnitTest>
    <UnitTest name="LastName_FirstNameLastName" storage="c:\repos\radial\radialreview\\tractiontools.tests\bin\x86\debug\tractiontools.tests.dll" id="04dc203e-814d-df87-6ca9-ca24676772d3">
      <Execution id="86126a47-78d1-4ab7-89c1-b3fc5753e22d" />
      <TestMethod codeBase="C:/repos/Radial/RadialReview/TractionTools.Tests/bin/x86/Debug/TractionTools.Tests.DLL" adapterTypeName="Microsoft.VisualStudio.TestTools.TestTypes.Unit.UnitTestAdapter, Microsoft.VisualStudio.QualityTools.Tips.UnitTest.Adapter, Version=12.0.0.0, Culture=neutral, PublicKeyToken=b03f5f7f11d50a3a" className="TractionTools.Tests.Utilities.DistanceUtility_User, TractionTools.Tests, Version=1.0.0.0, Culture=neutral, PublicKeyToken=null" name="LastName_FirstNameLastName" />
    </UnitTest>
    <UnitTest name="TestRangeQuarterly_FirstSundayOfTheMonth" storage="c:\repos\radial\radialreview\\tractiontools.tests\bin\x86\debug\tractiontools.tests.dll" id="4e0c1c5f-8f34-071e-1c79-0b5dbe144787">
      <Execution id="c9dff62e-7fcb-4b8a-bfd2-a9b6a3ab6960" />
      <TestMethod codeBase="C:/repos/Radial/RadialReview/TractionTools.Tests/bin/x86/Debug/TractionTools.Tests.DLL" adapterTypeName="Microsoft.VisualStudio.TestTools.TestTypes.Unit.UnitTestAdapter, Microsoft.VisualStudio.QualityTools.Tips.UnitTest.Adapter, Version=12.0.0.0, Culture=neutral, PublicKeyToken=b03f5f7f11d50a3a" className="TractionTools.Tests.Utilities.TimingUtilityTests, TractionTools.Tests, Version=1.0.0.0, Culture=neutral, PublicKeyToken=null" name="TestRangeQuarterly_FirstSundayOfTheMonth" />
    </UnitTest>
    <UnitTest name="Utils_TestCreateAdmin" storage="c:\repos\radial\radialreview\\tractiontools.uitests\bin\x86\debug\tractiontools.uitests.dll" id="6df38ac1-4a02-8dcd-ece6-c48c5d362852">
      <Execution id="a2dec722-15ea-4d92-b414-354b1f101ca7" />
      <Properties>
        <Property>
          <Key>__Internal_AsyncTypeName__</Key>
          <Value>TractionTools.UITests.Utilities.TestUtilities+&lt;Utils_TestCreateAdmin&gt;d__0</Value>
        </Property>
      </Properties>
      <TestMethod codeBase="C:/repos/Radial/RadialReview/TractionTools.UITests/bin/x86/Debug/TractionTools.UITests.DLL" adapterTypeName="Microsoft.VisualStudio.TestTools.TestTypes.Unit.UnitTestAdapter, Microsoft.VisualStudio.QualityTools.Tips.UnitTest.Adapter, Version=12.0.0.0, Culture=neutral, PublicKeyToken=b03f5f7f11d50a3a" className="TractionTools.UITests.Utilities.TestUtilities, TractionTools.UITests, Version=1.0.0.0, Culture=neutral, PublicKeyToken=null" name="Utils_TestCreateAdmin" />
    </UnitTest>
    <UnitTest name="EditL10Recurrence" storage="c:\repos\radial\radialreview\\tractiontools.tests\bin\x86\debug\tractiontools.tests.dll" id="71ddce21-9d58-e527-69dd-29bac242caeb">
      <Execution id="a4334623-cd2d-4a21-8342-4b8268bdb808" />
      <TestMethod codeBase="C:/repos/Radial/RadialReview/TractionTools.Tests/bin/x86/Debug/TractionTools.Tests.DLL" adapterTypeName="Microsoft.VisualStudio.TestTools.TestTypes.Unit.UnitTestAdapter, Microsoft.VisualStudio.QualityTools.Tips.UnitTest.Adapter, Version=12.0.0.0, Culture=neutral, PublicKeyToken=b03f5f7f11d50a3a" className="TractionTools.Tests.Accessors.L10Accessor_EditRecurrenceTests, TractionTools.Tests, Version=1.0.0.0, Culture=neutral, PublicKeyToken=null" name="EditL10Recurrence" />
    </UnitTest>
    <UnitTest name="L10_Wizard_Scorecard" storage="c:\repos\radial\radialreview\\tractiontools.uitests\bin\x86\debug\tractiontools.uitests.dll" id="828f5fde-8e1d-0106-b2f0-04ad9a5914da">
      <Execution id="f19efbbe-67ad-4fd8-88a5-fc0016086e2f" />
      <TestMethod codeBase="C:/repos/Radial/RadialReview/TractionTools.UITests/bin/x86/Debug/TractionTools.UITests.DLL" adapterTypeName="Microsoft.VisualStudio.TestTools.TestTypes.Unit.UnitTestAdapter, Microsoft.VisualStudio.QualityTools.Tips.UnitTest.Adapter, Version=12.0.0.0, Culture=neutral, PublicKeyToken=b03f5f7f11d50a3a" className="TractionTools.UITests.L10Wizard.L10Wizard, TractionTools.UITests, Version=1.0.0.0, Culture=neutral, PublicKeyToken=null" name="L10_Wizard_Scorecard" />
    </UnitTest>
    <UnitTest name="L10_Wizard_Attendees" storage="c:\repos\radial\radialreview\\tractiontools.uitests\bin\x86\debug\tractiontools.uitests.dll" id="1a30f4bd-0e8c-d1dd-3b38-c8694547c900">
      <Execution id="1e6a1515-c07b-4b05-b1e5-60e9bbf87ba4" />
      <TestMethod codeBase="C:/repos/Radial/RadialReview/TractionTools.UITests/bin/x86/Debug/TractionTools.UITests.DLL" adapterTypeName="Microsoft.VisualStudio.TestTools.TestTypes.Unit.UnitTestAdapter, Microsoft.VisualStudio.QualityTools.Tips.UnitTest.Adapter, Version=12.0.0.0, Culture=neutral, PublicKeyToken=b03f5f7f11d50a3a" className="TractionTools.UITests.L10Wizard.L10Wizard, TractionTools.UITests, Version=1.0.0.0, Culture=neutral, PublicKeyToken=null" name="L10_Wizard_Attendees" />
    </UnitTest>
    <UnitTest name="TestScorecardCreation" storage="c:\repos\radial\radialreview\\tractiontools.tests\bin\x86\debug\tractiontools.tests.dll" id="0013c46b-4178-5f2b-f00a-d517b668a8f2">
      <Execution id="ff05ce77-3b20-4383-af73-3d1229e7626d" />
      <TestMethod codeBase="C:/repos/Radial/RadialReview/TractionTools.Tests/bin/x86/Debug/TractionTools.Tests.DLL" adapterTypeName="Microsoft.VisualStudio.TestTools.TestTypes.Unit.UnitTestAdapter, Microsoft.VisualStudio.QualityTools.Tips.UnitTest.Adapter, Version=12.0.0.0, Culture=neutral, PublicKeyToken=b03f5f7f11d50a3a" className="TractionTools.Tests.Accessors.L10AccessorTests, TractionTools.Tests, Version=1.0.0.0, Culture=neutral, PublicKeyToken=null" name="TestScorecardCreation" />
    </UnitTest>
    <UnitTest name="TestYearStart" storage="c:\repos\radial\radialreview\\tractiontools.tests\bin\x86\debug\tractiontools.tests.dll" id="c1e4c72b-acc2-ef8b-acd7-2da7d87cbd2e">
      <Execution id="5aae4b62-7569-4f0d-b269-64888240629e" />
      <TestMethod codeBase="C:/repos/Radial/RadialReview/TractionTools.Tests/bin/x86/Debug/TractionTools.Tests.DLL" adapterTypeName="Microsoft.VisualStudio.TestTools.TestTypes.Unit.UnitTestAdapter, Microsoft.VisualStudio.QualityTools.Tips.UnitTest.Adapter, Version=12.0.0.0, Culture=neutral, PublicKeyToken=b03f5f7f11d50a3a" className="TractionTools.Tests.Utilities.TimingUtilityTests, TractionTools.Tests, Version=1.0.0.0, Culture=neutral, PublicKeyToken=null" name="TestYearStart" />
    </UnitTest>
    <UnitTest name="L10_Meeting_Segue" storage="c:\repos\radial\radialreview\\tractiontools.uitests\bin\x86\debug\tractiontools.uitests.dll" id="e988f032-123e-d128-dfc0-b694a017216f">
      <Execution id="73156069-810e-4b48-b6c1-40631ce03b38" />
      <Properties>
        <Property>
          <Key>__Internal_AsyncTypeName__</Key>
          <Value>TractionTools.UITests.MeetingArchive.MeetingTests+&lt;L10_Meeting_Segue&gt;d__1</Value>
        </Property>
      </Properties>
      <TestMethod codeBase="C:/repos/Radial/RadialReview/TractionTools.UITests/bin/x86/Debug/TractionTools.UITests.DLL" adapterTypeName="Microsoft.VisualStudio.TestTools.TestTypes.Unit.UnitTestAdapter, Microsoft.VisualStudio.QualityTools.Tips.UnitTest.Adapter, Version=12.0.0.0, Culture=neutral, PublicKeyToken=b03f5f7f11d50a3a" className="TractionTools.UITests.MeetingArchive.MeetingTests, TractionTools.UITests, Version=1.0.0.0, Culture=neutral, PublicKeyToken=null" name="L10_Meeting_Segue" />
    </UnitTest>
    <UnitTest name="UpdateScoreInMeeting_CreateScores" storage="c:\repos\radial\radialreview\\tractiontools.tests\bin\x86\debug\tractiontools.tests.dll" id="2bb5e71c-e847-8432-8744-fc74232f0e63">
      <Execution id="6c96e1c8-e2ba-44e6-8ce1-4d7c00a0e088" />
      <TestMethod codeBase="C:/repos/Radial/RadialReview/TractionTools.Tests/bin/x86/Debug/TractionTools.Tests.DLL" adapterTypeName="Microsoft.VisualStudio.TestTools.TestTypes.Unit.UnitTestAdapter, Microsoft.VisualStudio.QualityTools.Tips.UnitTest.Adapter, Version=12.0.0.0, Culture=neutral, PublicKeyToken=b03f5f7f11d50a3a" className="TractionTools.Tests.Accessors.ScorecardAccessorTests, TractionTools.Tests, Version=1.0.0.0, Culture=neutral, PublicKeyToken=null" name="UpdateScoreInMeeting_CreateScores" />
    </UnitTest>
    <UnitTest name="RemoveRockAlsoArchives" storage="c:\repos\radial\radialreview\\tractiontools.tests\bin\x86\debug\tractiontools.tests.dll" id="39b1331d-e5c0-e744-3685-da7c2b3f2ff4">
      <Execution id="65841561-e4c2-4252-aadb-74314d897b46" />
      <TestMethod codeBase="C:/repos/Radial/RadialReview/TractionTools.Tests/bin/x86/Debug/TractionTools.Tests.DLL" adapterTypeName="Microsoft.VisualStudio.TestTools.TestTypes.Unit.UnitTestAdapter, Microsoft.VisualStudio.QualityTools.Tips.UnitTest.Adapter, Version=12.0.0.0, Culture=neutral, PublicKeyToken=b03f5f7f11d50a3a" className="TractionTools.Tests.Accessors.L10Accessor_AngularTests, TractionTools.Tests, Version=1.0.0.0, Culture=neutral, PublicKeyToken=null" name="RemoveRockAlsoArchives" />
    </UnitTest>
    <UnitTest name="FirstInitialLastInitial" storage="c:\repos\radial\radialreview\\tractiontools.tests\bin\x86\debug\tractiontools.tests.dll" id="f4f57e4d-fef7-69e1-dc28-32cdca6412b1">
      <Execution id="5f3b839d-45e5-40f9-b640-450b03f54132" />
      <TestMethod codeBase="C:/repos/Radial/RadialReview/TractionTools.Tests/bin/x86/Debug/TractionTools.Tests.DLL" adapterTypeName="Microsoft.VisualStudio.TestTools.TestTypes.Unit.UnitTestAdapter, Microsoft.VisualStudio.QualityTools.Tips.UnitTest.Adapter, Version=12.0.0.0, Culture=neutral, PublicKeyToken=b03f5f7f11d50a3a" className="TractionTools.Tests.Utilities.DistanceUtility_User, TractionTools.Tests, Version=1.0.0.0, Culture=neutral, PublicKeyToken=null" name="FirstInitialLastInitial" />
    </UnitTest>
    <UnitTest name="LastNameFirstNames" storage="c:\repos\radial\radialreview\\tractiontools.tests\bin\x86\debug\tractiontools.tests.dll" id="237717d1-22a5-9286-a461-46d1403b42c8">
      <Execution id="a60e820d-4591-4734-9658-d37d112f82d0" />
      <TestMethod codeBase="C:/repos/Radial/RadialReview/TractionTools.Tests/bin/x86/Debug/TractionTools.Tests.DLL" adapterTypeName="Microsoft.VisualStudio.TestTools.TestTypes.Unit.UnitTestAdapter, Microsoft.VisualStudio.QualityTools.Tips.UnitTest.Adapter, Version=12.0.0.0, Culture=neutral, PublicKeyToken=b03f5f7f11d50a3a" className="TractionTools.Tests.Utilities.DistanceUtility_User, TractionTools.Tests, Version=1.0.0.0, Culture=neutral, PublicKeyToken=null" name="LastNameFirstNames" />
    </UnitTest>
    <UnitTest name="QuarterlyPrintout" storage="c:\repos\radial\radialreview\\tractiontools.tests\bin\x86\debug\tractiontools.tests.dll" id="13d3e8bd-7020-5ca8-6b73-f409f0b364b2">
      <Execution id="f949b235-7125-41d0-9be9-641f9940da25" />
      <TestMethod codeBase="C:/repos/Radial/RadialReview/TractionTools.Tests/bin/x86/Debug/TractionTools.Tests.DLL" adapterTypeName="Microsoft.VisualStudio.TestTools.TestTypes.Unit.UnitTestAdapter, Microsoft.VisualStudio.QualityTools.Tips.UnitTest.Adapter, Version=12.0.0.0, Culture=neutral, PublicKeyToken=b03f5f7f11d50a3a" className="TractionTools.Tests.Accessors.PdfAccessor_RunAll, TractionTools.Tests, Version=1.0.0.0, Culture=neutral, PublicKeyToken=null" name="QuarterlyPrintout" />
    </UnitTest>
    <UnitTest name="TestRangeMonthly" storage="c:\repos\radial\radialreview\\tractiontools.tests\bin\x86\debug\tractiontools.tests.dll" id="bf62382d-490a-1e86-a3d8-31c3debd4c17">
      <Execution id="934fed2b-0810-45ce-b341-1706abae1cd8" />
      <TestMethod codeBase="C:/repos/Radial/RadialReview/TractionTools.Tests/bin/x86/Debug/TractionTools.Tests.DLL" adapterTypeName="Microsoft.VisualStudio.TestTools.TestTypes.Unit.UnitTestAdapter, Microsoft.VisualStudio.QualityTools.Tips.UnitTest.Adapter, Version=12.0.0.0, Culture=neutral, PublicKeyToken=b03f5f7f11d50a3a" className="TractionTools.Tests.Utilities.TimingUtilityTests, TractionTools.Tests, Version=1.0.0.0, Culture=neutral, PublicKeyToken=null" name="TestRangeMonthly" />
    </UnitTest>
  </TestDefinitions>
  <TestLists>
    <TestList name="Results Not in a List" id="8c84fa94-04c1-424b-9868-57a2d4851a1d" />
    <TestList name="All Loaded Results" id="19431567-8539-422a-85d7-44ee4e166bda" />
  </TestLists>
  <TestEntries>
    <TestEntry testId="39b1331d-e5c0-e744-3685-da7c2b3f2ff4" executionId="65841561-e4c2-4252-aadb-74314d897b46" testListId="8c84fa94-04c1-424b-9868-57a2d4851a1d" />
    <TestEntry testId="9c0005f7-a4d3-79bc-bd98-85f1c9125b43" executionId="78ffc5d5-1286-4658-8181-89aae52c9497" testListId="8c84fa94-04c1-424b-9868-57a2d4851a1d" />
    <TestEntry testId="71ddce21-9d58-e527-69dd-29bac242caeb" executionId="a4334623-cd2d-4a21-8342-4b8268bdb808" testListId="8c84fa94-04c1-424b-9868-57a2d4851a1d" />
    <TestEntry testId="0013c46b-4178-5f2b-f00a-d517b668a8f2" executionId="ff05ce77-3b20-4383-af73-3d1229e7626d" testListId="8c84fa94-04c1-424b-9868-57a2d4851a1d" />
    <TestEntry testId="df9256a2-1641-6732-6379-63b2bf8d0b9a" executionId="36e85e08-149c-461b-8cae-6ee694d593ba" testListId="8c84fa94-04c1-424b-9868-57a2d4851a1d" />
    <TestEntry testId="3c6ca5bb-27f0-58c4-1b97-2c6e29ab664a" executionId="0d19e0f2-a2b4-4f8d-a433-982201c57a3d" testListId="8c84fa94-04c1-424b-9868-57a2d4851a1d" />
    <TestEntry testId="a3db5b50-ea92-fe17-64cb-10f74d8f9373" executionId="c8544b4f-e5c0-4440-aa5a-cb4f5a155301" testListId="8c84fa94-04c1-424b-9868-57a2d4851a1d" />
    <TestEntry testId="f444373b-0734-9712-0119-2ea0e1d71a9f" executionId="ab77e641-dfdd-4fc8-a896-e6f6a7a89907" testListId="8c84fa94-04c1-424b-9868-57a2d4851a1d" />
    <TestEntry testId="37d578af-26ae-eb7a-67a0-ef75d1075eb0" executionId="83566b8f-48c3-4985-ae87-59ccecdd9683" testListId="8c84fa94-04c1-424b-9868-57a2d4851a1d" />
    <TestEntry testId="13d3e8bd-7020-5ca8-6b73-f409f0b364b2" executionId="f949b235-7125-41d0-9be9-641f9940da25" testListId="8c84fa94-04c1-424b-9868-57a2d4851a1d" />
    <TestEntry testId="0755b398-363d-236d-3d86-7f702b02bd2d" executionId="1b379c6e-e1d0-4e1d-85a6-e0daa7b30ebc" testListId="8c84fa94-04c1-424b-9868-57a2d4851a1d" />
    <TestEntry testId="49267016-ffca-a15a-faec-2a5fbb36afdc" executionId="c11dc3a3-3359-43bd-989e-04c79a7860a9" testListId="8c84fa94-04c1-424b-9868-57a2d4851a1d" />
    <TestEntry testId="162f28fb-044b-011c-ddf0-9dda60a3aa8e" executionId="65ca8254-803c-452c-a7d8-bea772606cb8" testListId="8c84fa94-04c1-424b-9868-57a2d4851a1d" />
    <TestEntry testId="2bb5e71c-e847-8432-8744-fc74232f0e63" executionId="6c96e1c8-e2ba-44e6-8ce1-4d7c00a0e088" testListId="8c84fa94-04c1-424b-9868-57a2d4851a1d" />
    <TestEntry testId="f4f57e4d-fef7-69e1-dc28-32cdca6412b1" executionId="5f3b839d-45e5-40f9-b640-450b03f54132" testListId="8c84fa94-04c1-424b-9868-57a2d4851a1d" />
    <TestEntry testId="2199a9df-9398-b260-d34d-3f957f9b45a8" executionId="db797e75-7714-41af-8302-5f5a52df0ef0" testListId="8c84fa94-04c1-424b-9868-57a2d4851a1d" />
    <TestEntry testId="aa521c97-7e12-4703-aff1-2c7db25d688a" executionId="354088a6-0120-4423-8a70-e3ed2a4b1af9" testListId="8c84fa94-04c1-424b-9868-57a2d4851a1d" />
    <TestEntry testId="ff513a8d-eb8e-7706-5259-88ae503726a7" executionId="d9c1075a-4c96-44cc-b61f-936a9d7a3d47" testListId="8c84fa94-04c1-424b-9868-57a2d4851a1d" />
    <TestEntry testId="5e371a76-9ca2-1645-aa18-f75ac9ed5b3c" executionId="8d012d9a-6141-4564-ac80-221cace7ebbb" testListId="8c84fa94-04c1-424b-9868-57a2d4851a1d" />
    <TestEntry testId="04dc203e-814d-df87-6ca9-ca24676772d3" executionId="86126a47-78d1-4ab7-89c1-b3fc5753e22d" testListId="8c84fa94-04c1-424b-9868-57a2d4851a1d" />
    <TestEntry testId="237717d1-22a5-9286-a461-46d1403b42c8" executionId="a60e820d-4591-4734-9658-d37d112f82d0" testListId="8c84fa94-04c1-424b-9868-57a2d4851a1d" />
    <TestEntry testId="6e698205-55db-074b-093a-a6e9e3f888be" executionId="0a1fef55-a806-488e-ac01-a237ad74fd9d" testListId="8c84fa94-04c1-424b-9868-57a2d4851a1d" />
    <TestEntry testId="bf62382d-490a-1e86-a3d8-31c3debd4c17" executionId="934fed2b-0810-45ce-b341-1706abae1cd8" testListId="8c84fa94-04c1-424b-9868-57a2d4851a1d" />
    <TestEntry testId="b4097aaf-cbcf-46b1-b3b0-61e40cc1694f" executionId="ae33c1c4-ec2b-4b53-ac8b-02c8377d9fb7" testListId="8c84fa94-04c1-424b-9868-57a2d4851a1d" />
    <TestEntry testId="18fd0eda-5b53-e10f-896f-635533aa138f" executionId="479bd399-50b8-48ed-97c5-be460876ce58" testListId="8c84fa94-04c1-424b-9868-57a2d4851a1d" />
    <TestEntry testId="4e0c1c5f-8f34-071e-1c79-0b5dbe144787" executionId="c9dff62e-7fcb-4b8a-bfd2-a9b6a3ab6960" testListId="8c84fa94-04c1-424b-9868-57a2d4851a1d" />
    <TestEntry testId="fd43cc59-c58b-ec86-44c8-95d6077acef5" executionId="01d9ff90-ee97-4957-ba7c-8a76de2465fd" testListId="8c84fa94-04c1-424b-9868-57a2d4851a1d" />
    <TestEntry testId="c1e4c72b-acc2-ef8b-acd7-2da7d87cbd2e" executionId="5aae4b62-7569-4f0d-b269-64888240629e" testListId="8c84fa94-04c1-424b-9868-57a2d4851a1d" />
    <TestEntry testId="1a30f4bd-0e8c-d1dd-3b38-c8694547c900" executionId="1e6a1515-c07b-4b05-b1e5-60e9bbf87ba4" testListId="8c84fa94-04c1-424b-9868-57a2d4851a1d" />
    <TestEntry testId="e2674754-388f-a839-dd1b-2d05c442669b" executionId="2331ff87-6a1b-4c65-9663-a5ddb7f6763e" testListId="8c84fa94-04c1-424b-9868-57a2d4851a1d" />
    <TestEntry testId="da720cd2-d7ad-e480-55f5-36731a1892d7" executionId="c1601143-8014-4021-96ae-730fe8582a20" testListId="8c84fa94-04c1-424b-9868-57a2d4851a1d" />
    <TestEntry testId="bad7247a-cffc-10f9-7543-e70b6c02118d" executionId="e6afd258-738d-44b3-8bd4-18f6656a29bc" testListId="8c84fa94-04c1-424b-9868-57a2d4851a1d" />
    <TestEntry testId="828f5fde-8e1d-0106-b2f0-04ad9a5914da" executionId="f19efbbe-67ad-4fd8-88a5-fc0016086e2f" testListId="8c84fa94-04c1-424b-9868-57a2d4851a1d" />
    <TestEntry testId="5086f43d-f366-c91b-d209-c57b65f15643" executionId="f622d555-7971-48ba-9b11-185e73102c3f" testListId="8c84fa94-04c1-424b-9868-57a2d4851a1d" />
    <TestEntry testId="06e4c936-1122-7921-4b38-6bbbf4076a20" executionId="27d7ef72-7029-4b93-a71a-7ebe25db6992" testListId="8c84fa94-04c1-424b-9868-57a2d4851a1d" />
    <TestEntry testId="e988f032-123e-d128-dfc0-b694a017216f" executionId="73156069-810e-4b48-b6c1-40631ce03b38" testListId="8c84fa94-04c1-424b-9868-57a2d4851a1d" />
    <TestEntry testId="80143e15-ef85-a681-a5ae-4b022b929f30" executionId="29165bb6-d5a9-4955-b8df-8152bad1b50a" testListId="8c84fa94-04c1-424b-9868-57a2d4851a1d" />
    <TestEntry testId="a27d2e7a-cca7-57fd-d553-707b263917cc" executionId="bcc4cacb-bd5f-48ca-8848-7963d67dcace" testListId="8c84fa94-04c1-424b-9868-57a2d4851a1d" />
    <TestEntry testId="1c79a897-bb6d-454f-d8c0-0e69e5b7511d" executionId="ee8f5f60-9901-4a83-acbe-e08eaa7c5427" testListId="8c84fa94-04c1-424b-9868-57a2d4851a1d" />
    <TestEntry testId="3202e1b4-fdcc-2702-c088-f8c6a21605e0" executionId="c38bdce1-03fb-450b-a21c-97a3a169ebcb" testListId="8c84fa94-04c1-424b-9868-57a2d4851a1d" />
    <TestEntry testId="6df38ac1-4a02-8dcd-ece6-c48c5d362852" executionId="a2dec722-15ea-4d92-b414-354b1f101ca7" testListId="8c84fa94-04c1-424b-9868-57a2d4851a1d" />
  </TestEntries>
  <Results>
    <UnitTestResult executionId="65841561-e4c2-4252-aadb-74314d897b46" testId="39b1331d-e5c0-e744-3685-da7c2b3f2ff4" testName="RemoveRockAlsoArchives" computerName="CLAY-DESKTOP" duration="00:00:02.9257231" startTime="2016-08-28T18:29:50.1403406-07:00" endTime="2016-08-28T18:29:55.3222480-07:00" testType="13cdc9d9-ddb5-4fa4-a97d-d965ccfc6d4b" outcome="Failed" testListId="8c84fa94-04c1-424b-9868-57a2d4851a1d" relativeResultsDirectory="65841561-e4c2-4252-aadb-74314d897b46">
      <Output>
        <ErrorInfo>
          <Message>Test method TractionTools.Tests.Accessors.L10Accessor_AngularTests.RemoveRockAlsoArchives threw exception: 
FluentNHibernate.Cfg.FluentConfigurationException: An invalid or incomplete configuration was used while creating a SessionFactory. Check PotentialReasons collection, and InnerException for more detail.

 ---&gt; NHibernate.HibernateException: Could not create the driver from NHibernate.Driver.SQLite20Driver, NHibernate, Version=4.0.0.4000, Culture=neutral, PublicKeyToken=aa95f207798dfdb4. ---&gt; System.Reflection.TargetInvocationException: Exception has been thrown by the target of an invocation. ---&gt; System.Configuration.ConfigurationErrorsException: Failed to find or load the registered .Net Framework Data Provider.</Message>
          <StackTrace>    at System.Data.Common.DbProviderFactories.GetFactory(DataRow providerRow)
   at System.Data.Common.DbProviderFactories.GetFactory(String providerInvariantName)
   at NHibernate.Driver.ReflectionBasedDriver..ctor(String providerInvariantName, String driverAssemblyName, String connectionTypeName, String commandTypeName)
   at NHibernate.Driver.SQLite20Driver..ctor()
 --- End of inner exception stack trace ---
    at System.RuntimeTypeHandle.CreateInstance(RuntimeType type, Boolean publicOnly, Boolean noCheck, Boolean&amp; canBeCached, RuntimeMethodHandleInternal&amp; ctor, Boolean&amp; bNeedSecurityCheck)
   at System.RuntimeType.CreateInstanceSlow(Boolean publicOnly, Boolean skipCheckThis, Boolean fillCache, StackCrawlMark&amp; stackMark)
   at System.RuntimeType.CreateInstanceDefaultCtor(Boolean publicOnly, Boolean skipCheckThis, Boolean fillCache, StackCrawlMark&amp; stackMark)
   at System.Activator.CreateInstance(Type type, Boolean nonPublic)
   at System.Activator.CreateInstance(Type type)
   at NHibernate.Bytecode.ActivatorObjectsFactory.CreateInstance(Type type)
   at NHibernate.Connection.ConnectionProvider.ConfigureDriver(IDictionary`2 settings)
 --- End of inner exception stack trace ---
    at NHibernate.Connection.ConnectionProvider.ConfigureDriver(IDictionary`2 settings)
   at NHibernate.Connection.ConnectionProvider.Configure(IDictionary`2 settings)
   at NHibernate.Connection.ConnectionProviderFactory.NewConnectionProvider(IDictionary`2 settings)
   at NHibernate.Cfg.SettingsFactory.BuildSettings(IDictionary`2 properties)
   at NHibernate.Cfg.Configuration.BuildSettings()
   at NHibernate.Cfg.Configuration.BuildSessionFactory()
   at FluentNHibernate.Cfg.FluentConfiguration.BuildSessionFactory()
 --- End of inner exception stack trace ---
    at RadialReview.Utilities.HibernateSession.GetDatabaseSessionFactory() in C:\repos\Radial\RadialReview\RadialReview\Utilities\NHibernate\HibernateSession.cs:line 206
   at RadialReview.Utilities.HibernateSession.GetCurrentSession(Boolean singleSession) in C:\repos\Radial\RadialReview\RadialReview\Utilities\NHibernate\HibernateSession.cs:line 295
   at TractionTools.Tests.TestUtils.BaseTest.DbExecute(Action`1 sFunc, Boolean commit) in C:\repos\Radial\RadialReview\TractionTools.Tests\TestUtils\BaseTest.cs:line 289
   at TractionTools.Tests.TestUtils.BaseTest.DbCommit(Action`1 sFunc) in C:\repos\Radial\RadialReview\TractionTools.Tests\TestUtils\BaseTest.cs:line 277
   at TractionTools.Tests.Utilities.L10Utility.CreateRecurrence(L10 existing, String name) in C:\repos\Radial\RadialReview\TractionTools.Tests\Utilities\L10Utility.cs:line 35
   at TractionTools.Tests.Accessors.L10Accessor_AngularTests.RemoveRockAlsoArchives() in C:\repos\Radial\RadialReview\TractionTools.Tests\Accessors\L10Accessor_AngularTests.cs:line 24
</StackTrace>
        </ErrorInfo>
      </Output>
    </UnitTestResult>
    <UnitTestResult executionId="78ffc5d5-1286-4658-8181-89aae52c9497" testId="9c0005f7-a4d3-79bc-bd98-85f1c9125b43" testName="CreateL10Recurrence" computerName="CLAY-DESKTOP" duration="00:00:00.6277242" startTime="2016-08-28T18:29:55.3272489-07:00" endTime="2016-08-28T18:29:55.9574629-07:00" testType="13cdc9d9-ddb5-4fa4-a97d-d965ccfc6d4b" outcome="Failed" testListId="8c84fa94-04c1-424b-9868-57a2d4851a1d" relativeResultsDirectory="78ffc5d5-1286-4658-8181-89aae52c9497">
      <Output>
        <ErrorInfo>
          <Message>Test method TractionTools.Tests.Accessors.L10Accessor_EditRecurrenceTests.CreateL10Recurrence threw exception: 
FluentNHibernate.Cfg.FluentConfigurationException: An invalid or incomplete configuration was used while creating a SessionFactory. Check PotentialReasons collection, and InnerException for more detail.

 ---&gt; NHibernate.HibernateException: Could not create the driver from NHibernate.Driver.SQLite20Driver, NHibernate, Version=4.0.0.4000, Culture=neutral, PublicKeyToken=aa95f207798dfdb4. ---&gt; System.Reflection.TargetInvocationException: Exception has been thrown by the target of an invocation. ---&gt; System.Configuration.ConfigurationErrorsException: Failed to find or load the registered .Net Framework Data Provider.</Message>
          <StackTrace>    at System.Data.Common.DbProviderFactories.GetFactory(DataRow providerRow)
   at System.Data.Common.DbProviderFactories.GetFactory(String providerInvariantName)
   at NHibernate.Driver.ReflectionBasedDriver..ctor(String providerInvariantName, String driverAssemblyName, String connectionTypeName, String commandTypeName)
   at NHibernate.Driver.SQLite20Driver..ctor()
 --- End of inner exception stack trace ---
    at System.RuntimeTypeHandle.CreateInstance(RuntimeType type, Boolean publicOnly, Boolean noCheck, Boolean&amp; canBeCached, RuntimeMethodHandleInternal&amp; ctor, Boolean&amp; bNeedSecurityCheck)
   at System.RuntimeType.CreateInstanceSlow(Boolean publicOnly, Boolean skipCheckThis, Boolean fillCache, StackCrawlMark&amp; stackMark)
   at System.RuntimeType.CreateInstanceDefaultCtor(Boolean publicOnly, Boolean skipCheckThis, Boolean fillCache, StackCrawlMark&amp; stackMark)
   at System.Activator.CreateInstance(Type type, Boolean nonPublic)
   at System.Activator.CreateInstance(Type type)
   at NHibernate.Bytecode.ActivatorObjectsFactory.CreateInstance(Type type)
   at NHibernate.Connection.ConnectionProvider.ConfigureDriver(IDictionary`2 settings)
 --- End of inner exception stack trace ---
    at NHibernate.Connection.ConnectionProvider.ConfigureDriver(IDictionary`2 settings)
   at NHibernate.Connection.ConnectionProvider.Configure(IDictionary`2 settings)
   at NHibernate.Connection.ConnectionProviderFactory.NewConnectionProvider(IDictionary`2 settings)
   at NHibernate.Cfg.SettingsFactory.BuildSettings(IDictionary`2 properties)
   at NHibernate.Cfg.Configuration.BuildSettings()
   at NHibernate.Cfg.Configuration.BuildSessionFactory()
   at FluentNHibernate.Cfg.FluentConfiguration.BuildSessionFactory()
 --- End of inner exception stack trace ---
    at RadialReview.Utilities.HibernateSession.GetDatabaseSessionFactory() in C:\repos\Radial\RadialReview\RadialReview\Utilities\NHibernate\HibernateSession.cs:line 206
   at RadialReview.Utilities.HibernateSession.GetCurrentSession(Boolean singleSession) in C:\repos\Radial\RadialReview\RadialReview\Utilities\NHibernate\HibernateSession.cs:line 295
   at TractionTools.Tests.TestUtils.BaseTest.DbExecute(Action`1 sFunc, Boolean commit) in C:\repos\Radial\RadialReview\TractionTools.Tests\TestUtils\BaseTest.cs:line 289
   at TractionTools.Tests.TestUtils.BaseTest.DbCommit(Action`1 sFunc) in C:\repos\Radial\RadialReview\TractionTools.Tests\TestUtils\BaseTest.cs:line 277
   at TractionTools.Tests.Accessors.L10Accessor_EditRecurrenceTests.CreateL10Recurrence() in C:\repos\Radial\RadialReview\TractionTools.Tests\Accessors\L10Accessor_EditRecurrenceTests.cs:line 24
</StackTrace>
        </ErrorInfo>
      </Output>
    </UnitTestResult>
    <UnitTestResult executionId="a4334623-cd2d-4a21-8342-4b8268bdb808" testId="71ddce21-9d58-e527-69dd-29bac242caeb" testName="EditL10Recurrence" computerName="CLAY-DESKTOP" duration="00:00:00.6868930" startTime="2016-08-28T18:29:55.9594655-07:00" endTime="2016-08-28T18:29:56.6486283-07:00" testType="13cdc9d9-ddb5-4fa4-a97d-d965ccfc6d4b" outcome="Failed" testListId="8c84fa94-04c1-424b-9868-57a2d4851a1d" relativeResultsDirectory="a4334623-cd2d-4a21-8342-4b8268bdb808">
      <Output>
        <ErrorInfo>
          <Message>Test method TractionTools.Tests.Accessors.L10Accessor_EditRecurrenceTests.EditL10Recurrence threw exception: 
FluentNHibernate.Cfg.FluentConfigurationException: An invalid or incomplete configuration was used while creating a SessionFactory. Check PotentialReasons collection, and InnerException for more detail.

 ---&gt; NHibernate.HibernateException: Could not create the driver from NHibernate.Driver.SQLite20Driver, NHibernate, Version=4.0.0.4000, Culture=neutral, PublicKeyToken=aa95f207798dfdb4. ---&gt; System.Reflection.TargetInvocationException: Exception has been thrown by the target of an invocation. ---&gt; System.Configuration.ConfigurationErrorsException: Failed to find or load the registered .Net Framework Data Provider.</Message>
          <StackTrace>    at System.Data.Common.DbProviderFactories.GetFactory(DataRow providerRow)
   at System.Data.Common.DbProviderFactories.GetFactory(String providerInvariantName)
   at NHibernate.Driver.ReflectionBasedDriver..ctor(String providerInvariantName, String driverAssemblyName, String connectionTypeName, String commandTypeName)
   at NHibernate.Driver.SQLite20Driver..ctor()
 --- End of inner exception stack trace ---
    at System.RuntimeTypeHandle.CreateInstance(RuntimeType type, Boolean publicOnly, Boolean noCheck, Boolean&amp; canBeCached, RuntimeMethodHandleInternal&amp; ctor, Boolean&amp; bNeedSecurityCheck)
   at System.RuntimeType.CreateInstanceSlow(Boolean publicOnly, Boolean skipCheckThis, Boolean fillCache, StackCrawlMark&amp; stackMark)
   at System.RuntimeType.CreateInstanceDefaultCtor(Boolean publicOnly, Boolean skipCheckThis, Boolean fillCache, StackCrawlMark&amp; stackMark)
   at System.Activator.CreateInstance(Type type, Boolean nonPublic)
   at System.Activator.CreateInstance(Type type)
   at NHibernate.Bytecode.ActivatorObjectsFactory.CreateInstance(Type type)
   at NHibernate.Connection.ConnectionProvider.ConfigureDriver(IDictionary`2 settings)
 --- End of inner exception stack trace ---
    at NHibernate.Connection.ConnectionProvider.ConfigureDriver(IDictionary`2 settings)
   at NHibernate.Connection.ConnectionProvider.Configure(IDictionary`2 settings)
   at NHibernate.Connection.ConnectionProviderFactory.NewConnectionProvider(IDictionary`2 settings)
   at NHibernate.Cfg.SettingsFactory.BuildSettings(IDictionary`2 properties)
   at NHibernate.Cfg.Configuration.BuildSettings()
   at NHibernate.Cfg.Configuration.BuildSessionFactory()
   at FluentNHibernate.Cfg.FluentConfiguration.BuildSessionFactory()
 --- End of inner exception stack trace ---
    at RadialReview.Utilities.HibernateSession.GetDatabaseSessionFactory() in C:\repos\Radial\RadialReview\RadialReview\Utilities\NHibernate\HibernateSession.cs:line 206
   at RadialReview.Utilities.HibernateSession.GetCurrentSession(Boolean singleSession) in C:\repos\Radial\RadialReview\RadialReview\Utilities\NHibernate\HibernateSession.cs:line 295
   at TractionTools.Tests.TestUtils.BaseTest.DbExecute(Action`1 sFunc, Boolean commit) in C:\repos\Radial\RadialReview\TractionTools.Tests\TestUtils\BaseTest.cs:line 289
   at TractionTools.Tests.TestUtils.BaseTest.DbCommit(Action`1 sFunc) in C:\repos\Radial\RadialReview\TractionTools.Tests\TestUtils\BaseTest.cs:line 277
   at TractionTools.Tests.Accessors.L10Accessor_EditRecurrenceTests.EditL10Recurrence() in C:\repos\Radial\RadialReview\TractionTools.Tests\Accessors\L10Accessor_EditRecurrenceTests.cs:line 135
</StackTrace>
        </ErrorInfo>
      </Output>
    </UnitTestResult>
    <UnitTestResult executionId="ff05ce77-3b20-4383-af73-3d1229e7626d" testId="0013c46b-4178-5f2b-f00a-d517b668a8f2" testName="TestScorecardCreation" computerName="CLAY-DESKTOP" duration="00:00:00.6929583" startTime="2016-08-28T18:29:56.6516293-07:00" endTime="2016-08-28T18:29:57.3465984-07:00" testType="13cdc9d9-ddb5-4fa4-a97d-d965ccfc6d4b" outcome="Failed" testListId="8c84fa94-04c1-424b-9868-57a2d4851a1d" relativeResultsDirectory="ff05ce77-3b20-4383-af73-3d1229e7626d">
      <Output>
        <ErrorInfo>
          <Message>Test method TractionTools.Tests.Accessors.L10AccessorTests.TestScorecardCreation threw exception: 
FluentNHibernate.Cfg.FluentConfigurationException: An invalid or incomplete configuration was used while creating a SessionFactory. Check PotentialReasons collection, and InnerException for more detail.

 ---&gt; NHibernate.HibernateException: Could not create the driver from NHibernate.Driver.SQLite20Driver, NHibernate, Version=4.0.0.4000, Culture=neutral, PublicKeyToken=aa95f207798dfdb4. ---&gt; System.Reflection.TargetInvocationException: Exception has been thrown by the target of an invocation. ---&gt; System.Configuration.ConfigurationErrorsException: Failed to find or load the registered .Net Framework Data Provider.</Message>
          <StackTrace>    at System.Data.Common.DbProviderFactories.GetFactory(DataRow providerRow)
   at System.Data.Common.DbProviderFactories.GetFactory(String providerInvariantName)
   at NHibernate.Driver.ReflectionBasedDriver..ctor(String providerInvariantName, String driverAssemblyName, String connectionTypeName, String commandTypeName)
   at NHibernate.Driver.SQLite20Driver..ctor()
 --- End of inner exception stack trace ---
    at System.RuntimeTypeHandle.CreateInstance(RuntimeType type, Boolean publicOnly, Boolean noCheck, Boolean&amp; canBeCached, RuntimeMethodHandleInternal&amp; ctor, Boolean&amp; bNeedSecurityCheck)
   at System.RuntimeType.CreateInstanceSlow(Boolean publicOnly, Boolean skipCheckThis, Boolean fillCache, StackCrawlMark&amp; stackMark)
   at System.RuntimeType.CreateInstanceDefaultCtor(Boolean publicOnly, Boolean skipCheckThis, Boolean fillCache, StackCrawlMark&amp; stackMark)
   at System.Activator.CreateInstance(Type type, Boolean nonPublic)
   at System.Activator.CreateInstance(Type type)
   at NHibernate.Bytecode.ActivatorObjectsFactory.CreateInstance(Type type)
   at NHibernate.Connection.ConnectionProvider.ConfigureDriver(IDictionary`2 settings)
 --- End of inner exception stack trace ---
    at NHibernate.Connection.ConnectionProvider.ConfigureDriver(IDictionary`2 settings)
   at NHibernate.Connection.ConnectionProvider.Configure(IDictionary`2 settings)
   at NHibernate.Connection.ConnectionProviderFactory.NewConnectionProvider(IDictionary`2 settings)
   at NHibernate.Cfg.SettingsFactory.BuildSettings(IDictionary`2 properties)
   at NHibernate.Cfg.Configuration.BuildSettings()
   at NHibernate.Cfg.Configuration.BuildSessionFactory()
   at FluentNHibernate.Cfg.FluentConfiguration.BuildSessionFactory()
 --- End of inner exception stack trace ---
    at RadialReview.Utilities.HibernateSession.GetDatabaseSessionFactory() in C:\repos\Radial\RadialReview\RadialReview\Utilities\NHibernate\HibernateSession.cs:line 206
   at RadialReview.Utilities.HibernateSession.GetCurrentSession(Boolean singleSession) in C:\repos\Radial\RadialReview\RadialReview\Utilities\NHibernate\HibernateSession.cs:line 295
   at TractionTools.Tests.TestUtils.BaseTest.DbExecute(Action`1 sFunc, Boolean commit) in C:\repos\Radial\RadialReview\TractionTools.Tests\TestUtils\BaseTest.cs:line 289
   at TractionTools.Tests.TestUtils.BaseTest.DbCommit(Action`1 sFunc) in C:\repos\Radial\RadialReview\TractionTools.Tests\TestUtils\BaseTest.cs:line 277
   at TractionTools.Tests.Accessors.L10AccessorTests.TestScorecardCreation() in C:\repos\Radial\RadialReview\TractionTools.Tests\Accessors\L10AccessorTests.cs:line 314
</StackTrace>
        </ErrorInfo>
      </Output>
    </UnitTestResult>
    <UnitTestResult executionId="36e85e08-149c-461b-8cae-6ee694d593ba" testId="df9256a2-1641-6732-6379-63b2bf8d0b9a" testName="TestTodoCompletion" computerName="CLAY-DESKTOP" duration="00:00:00.0229923" startTime="2016-08-28T18:29:57.3495994-07:00" endTime="2016-08-28T18:29:57.3746054-07:00" testType="13cdc9d9-ddb5-4fa4-a97d-d965ccfc6d4b" outcome="Passed" testListId="8c84fa94-04c1-424b-9868-57a2d4851a1d" relativeResultsDirectory="36e85e08-149c-461b-8cae-6ee694d593ba">
    </UnitTestResult>
    <UnitTestResult executionId="0d19e0f2-a2b4-4f8d-a433-982201c57a3d" testId="3c6ca5bb-27f0-58c4-1b97-2c6e29ab664a" testName="TestTodoCompletion_EdgeCase" computerName="CLAY-DESKTOP" duration="00:00:00.0125405" startTime="2016-08-28T18:29:57.3776064-07:00" endTime="2016-08-28T18:29:57.3925746-07:00" testType="13cdc9d9-ddb5-4fa4-a97d-d965ccfc6d4b" outcome="Passed" testListId="8c84fa94-04c1-424b-9868-57a2d4851a1d" relativeResultsDirectory="0d19e0f2-a2b4-4f8d-a433-982201c57a3d">
    </UnitTestResult>
    <UnitTestResult executionId="c8544b4f-e5c0-4440-aa5a-cb4f5a155301" testId="a3db5b50-ea92-fe17-64cb-10f74d8f9373" testName="TestTodoCompletion_Excel" computerName="CLAY-DESKTOP" duration="00:00:00.0037869" startTime="2016-08-28T18:29:57.3950752-07:00" endTime="2016-08-28T18:29:57.4005774-07:00" testType="13cdc9d9-ddb5-4fa4-a97d-d965ccfc6d4b" outcome="Passed" testListId="8c84fa94-04c1-424b-9868-57a2d4851a1d" relativeResultsDirectory="c8544b4f-e5c0-4440-aa5a-cb4f5a155301">
    </UnitTestResult>
    <UnitTestResult executionId="ab77e641-dfdd-4fc8-a896-e6f6a7a89907" testId="f444373b-0734-9712-0119-2ea0e1d71a9f" testName="ChargeOrgs" computerName="CLAY-DESKTOP" duration="00:00:00.7052095" startTime="2016-08-28T18:29:57.4040782-07:00" endTime="2016-08-28T18:29:58.1129048-07:00" testType="13cdc9d9-ddb5-4fa4-a97d-d965ccfc6d4b" outcome="Failed" testListId="8c84fa94-04c1-424b-9868-57a2d4851a1d" relativeResultsDirectory="ab77e641-dfdd-4fc8-a896-e6f6a7a89907">
      <Output>
        <ErrorInfo>
          <Message>Test method TractionTools.Tests.Accessors.PaymentPlanAccessorTests.ChargeOrgs threw exception: 
FluentNHibernate.Cfg.FluentConfigurationException: An invalid or incomplete configuration was used while creating a SessionFactory. Check PotentialReasons collection, and InnerException for more detail.

 ---&gt; NHibernate.HibernateException: Could not create the driver from NHibernate.Driver.SQLite20Driver, NHibernate, Version=4.0.0.4000, Culture=neutral, PublicKeyToken=aa95f207798dfdb4. ---&gt; System.Reflection.TargetInvocationException: Exception has been thrown by the target of an invocation. ---&gt; System.Configuration.ConfigurationErrorsException: Failed to find or load the registered .Net Framework Data Provider.</Message>
          <StackTrace>    at System.Data.Common.DbProviderFactories.GetFactory(DataRow providerRow)
   at System.Data.Common.DbProviderFactories.GetFactory(String providerInvariantName)
   at NHibernate.Driver.ReflectionBasedDriver..ctor(String providerInvariantName, String driverAssemblyName, String connectionTypeName, String commandTypeName)
   at NHibernate.Driver.SQLite20Driver..ctor()
 --- End of inner exception stack trace ---
    at System.RuntimeTypeHandle.CreateInstance(RuntimeType type, Boolean publicOnly, Boolean noCheck, Boolean&amp; canBeCached, RuntimeMethodHandleInternal&amp; ctor, Boolean&amp; bNeedSecurityCheck)
   at System.RuntimeType.CreateInstanceSlow(Boolean publicOnly, Boolean skipCheckThis, Boolean fillCache, StackCrawlMark&amp; stackMark)
   at System.RuntimeType.CreateInstanceDefaultCtor(Boolean publicOnly, Boolean skipCheckThis, Boolean fillCache, StackCrawlMark&amp; stackMark)
   at System.Activator.CreateInstance(Type type, Boolean nonPublic)
   at System.Activator.CreateInstance(Type type)
   at NHibernate.Bytecode.ActivatorObjectsFactory.CreateInstance(Type type)
   at NHibernate.Connection.ConnectionProvider.ConfigureDriver(IDictionary`2 settings)
 --- End of inner exception stack trace ---
    at NHibernate.Connection.ConnectionProvider.ConfigureDriver(IDictionary`2 settings)
   at NHibernate.Connection.ConnectionProvider.Configure(IDictionary`2 settings)
   at NHibernate.Connection.ConnectionProviderFactory.NewConnectionProvider(IDictionary`2 settings)
   at NHibernate.Cfg.SettingsFactory.BuildSettings(IDictionary`2 properties)
   at NHibernate.Cfg.Configuration.BuildSettings()
   at NHibernate.Cfg.Configuration.BuildSessionFactory()
   at FluentNHibernate.Cfg.FluentConfiguration.BuildSessionFactory()
 --- End of inner exception stack trace ---
    at RadialReview.Utilities.HibernateSession.GetDatabaseSessionFactory() in C:\repos\Radial\RadialReview\RadialReview\Utilities\NHibernate\HibernateSession.cs:line 206
   at RadialReview.Utilities.HibernateSession.GetCurrentSession(Boolean singleSession) in C:\repos\Radial\RadialReview\RadialReview\Utilities\NHibernate\HibernateSession.cs:line 295
   at RadialReview.Accessors.ApplicationAccessor.EnsureApplicationExists() in C:\repos\Radial\RadialReview\RadialReview\Accessors\ApplicationAccessor.cs:line 149
   at TractionTools.Tests.TestUtils.BaseTest.MockApplication() in C:\repos\Radial\RadialReview\TractionTools.Tests\TestUtils\BaseTest.cs:line 238
   at TractionTools.Tests.Accessors.PaymentPlanAccessorTests.&lt;ChargeOrgs&gt;d__2.MoveNext() in C:\repos\Radial\RadialReview\TractionTools.Tests\Accessors\PaymentPlanAccessorTests.cs:line 152
--- End of stack trace from previous location where exception was thrown ---
   at System.Runtime.ExceptionServices.ExceptionDispatchInfo.Throw()
   at System.Runtime.CompilerServices.TaskAwaiter.ThrowForNonSuccess(Task task)
   at System.Runtime.CompilerServices.TaskAwaiter.HandleNonSuccessAndDebuggerNotification(Task task)
   at System.Runtime.CompilerServices.TaskAwaiter.ValidateEnd(Task task)
   at System.Runtime.CompilerServices.TaskAwaiter.GetResult()
</StackTrace>
        </ErrorInfo>
      </Output>
    </UnitTestResult>
    <UnitTestResult executionId="83566b8f-48c3-4985-ae87-59ccecdd9683" testId="37d578af-26ae-eb7a-67a0-ef75d1075eb0" testName="PaymentPlanTypesTests" computerName="CLAY-DESKTOP" duration="00:00:00.0064133" startTime="2016-08-28T18:29:58.1159058-07:00" endTime="2016-08-28T18:29:58.1249065-07:00" testType="13cdc9d9-ddb5-4fa4-a97d-d965ccfc6d4b" outcome="Passed" testListId="8c84fa94-04c1-424b-9868-57a2d4851a1d" relativeResultsDirectory="83566b8f-48c3-4985-ae87-59ccecdd9683">
    </UnitTestResult>
    <UnitTestResult executionId="f949b235-7125-41d0-9be9-641f9940da25" testId="13d3e8bd-7020-5ca8-6b73-f409f0b364b2" testName="QuarterlyPrintout" computerName="CLAY-DESKTOP" duration="00:00:00.7703383" startTime="2016-08-28T18:29:58.1289071-07:00" endTime="2016-08-28T18:29:58.9016068-07:00" testType="13cdc9d9-ddb5-4fa4-a97d-d965ccfc6d4b" outcome="Failed" testListId="8c84fa94-04c1-424b-9868-57a2d4851a1d" relativeResultsDirectory="f949b235-7125-41d0-9be9-641f9940da25">
      <Output>
        <ErrorInfo>
          <Message>Test method TractionTools.Tests.Accessors.PdfAccessor_RunAll.QuarterlyPrintout threw exception: 
FluentNHibernate.Cfg.FluentConfigurationException: An invalid or incomplete configuration was used while creating a SessionFactory. Check PotentialReasons collection, and InnerException for more detail.

 ---&gt; NHibernate.HibernateException: Could not create the driver from NHibernate.Driver.SQLite20Driver, NHibernate, Version=4.0.0.4000, Culture=neutral, PublicKeyToken=aa95f207798dfdb4. ---&gt; System.Reflection.TargetInvocationException: Exception has been thrown by the target of an invocation. ---&gt; System.Configuration.ConfigurationErrorsException: Failed to find or load the registered .Net Framework Data Provider.</Message>
          <StackTrace>    at System.Data.Common.DbProviderFactories.GetFactory(DataRow providerRow)
   at System.Data.Common.DbProviderFactories.GetFactory(String providerInvariantName)
   at NHibernate.Driver.ReflectionBasedDriver..ctor(String providerInvariantName, String driverAssemblyName, String connectionTypeName, String commandTypeName)
   at NHibernate.Driver.SQLite20Driver..ctor()
 --- End of inner exception stack trace ---
    at System.RuntimeTypeHandle.CreateInstance(RuntimeType type, Boolean publicOnly, Boolean noCheck, Boolean&amp; canBeCached, RuntimeMethodHandleInternal&amp; ctor, Boolean&amp; bNeedSecurityCheck)
   at System.RuntimeType.CreateInstanceSlow(Boolean publicOnly, Boolean skipCheckThis, Boolean fillCache, StackCrawlMark&amp; stackMark)
   at System.RuntimeType.CreateInstanceDefaultCtor(Boolean publicOnly, Boolean skipCheckThis, Boolean fillCache, StackCrawlMark&amp; stackMark)
   at System.Activator.CreateInstance(Type type, Boolean nonPublic)
   at System.Activator.CreateInstance(Type type)
   at NHibernate.Bytecode.ActivatorObjectsFactory.CreateInstance(Type type)
   at NHibernate.Connection.ConnectionProvider.ConfigureDriver(IDictionary`2 settings)
 --- End of inner exception stack trace ---
    at NHibernate.Connection.ConnectionProvider.ConfigureDriver(IDictionary`2 settings)
   at NHibernate.Connection.ConnectionProvider.Configure(IDictionary`2 settings)
   at NHibernate.Connection.ConnectionProviderFactory.NewConnectionProvider(IDictionary`2 settings)
   at NHibernate.Cfg.SettingsFactory.BuildSettings(IDictionary`2 properties)
   at NHibernate.Cfg.Configuration.BuildSettings()
   at NHibernate.Cfg.Configuration.BuildSessionFactory()
   at FluentNHibernate.Cfg.FluentConfiguration.BuildSessionFactory()
 --- End of inner exception stack trace ---
    at RadialReview.Utilities.HibernateSession.GetDatabaseSessionFactory() in C:\repos\Radial\RadialReview\RadialReview\Utilities\NHibernate\HibernateSession.cs:line 206
   at RadialReview.Utilities.HibernateSession.GetCurrentSession(Boolean singleSession) in C:\repos\Radial\RadialReview\RadialReview\Utilities\NHibernate\HibernateSession.cs:line 295
   at TractionTools.Tests.TestUtils.BaseTest.DbExecute(Action`1 sFunc, Boolean commit) in C:\repos\Radial\RadialReview\TractionTools.Tests\TestUtils\BaseTest.cs:line 289
   at TractionTools.Tests.TestUtils.BaseTest.DbCommit(Action`1 sFunc) in C:\repos\Radial\RadialReview\TractionTools.Tests\TestUtils\BaseTest.cs:line 277
   at TractionTools.Tests.Utilities.L10Utility.CreateRecurrence(L10 existing, String name) in C:\repos\Radial\RadialReview\TractionTools.Tests\Utilities\L10Utility.cs:line 35
   at TractionTools.Tests.Utilities.L10Utility.CreateRecurrence(String name) in C:\repos\Radial\RadialReview\TractionTools.Tests\Utilities\L10Utility.cs:line 25
   at TractionTools.Tests.Accessors.PdfAccessor_RunAll.QuarterlyPrintout() in C:\repos\Radial\RadialReview\TractionTools.Tests\Accessors\PdfAccessor_RunAll.cs:line 26
</StackTrace>
        </ErrorInfo>
      </Output>
    </UnitTestResult>
    <UnitTestResult executionId="1b379c6e-e1d0-4e1d-85a6-e0daa7b30ebc" testId="0755b398-363d-236d-3d86-7f702b02bd2d" testName="VTO" computerName="CLAY-DESKTOP" duration="00:00:01.4456262" startTime="2016-08-28T18:29:58.9056077-07:00" endTime="2016-08-28T18:30:00.3539026-07:00" testType="13cdc9d9-ddb5-4fa4-a97d-d965ccfc6d4b" outcome="Failed" testListId="8c84fa94-04c1-424b-9868-57a2d4851a1d" relativeResultsDirectory="1b379c6e-e1d0-4e1d-85a6-e0daa7b30ebc">
      <Output>
        <ErrorInfo>
          <Message>Test method TractionTools.Tests.Accessors.PdfAccessor_RunAll.VTO threw exception: 
FluentNHibernate.Cfg.FluentConfigurationException: An invalid or incomplete configuration was used while creating a SessionFactory. Check PotentialReasons collection, and InnerException for more detail.

 ---&gt; NHibernate.HibernateException: Could not create the driver from NHibernate.Driver.SQLite20Driver, NHibernate, Version=4.0.0.4000, Culture=neutral, PublicKeyToken=aa95f207798dfdb4. ---&gt; System.Reflection.TargetInvocationException: Exception has been thrown by the target of an invocation. ---&gt; System.Configuration.ConfigurationErrorsException: Failed to find or load the registered .Net Framework Data Provider.</Message>
          <StackTrace>    at System.Data.Common.DbProviderFactories.GetFactory(DataRow providerRow)
   at System.Data.Common.DbProviderFactories.GetFactory(String providerInvariantName)
   at NHibernate.Driver.ReflectionBasedDriver..ctor(String providerInvariantName, String driverAssemblyName, String connectionTypeName, String commandTypeName)
   at NHibernate.Driver.SQLite20Driver..ctor()
 --- End of inner exception stack trace ---
    at System.RuntimeTypeHandle.CreateInstance(RuntimeType type, Boolean publicOnly, Boolean noCheck, Boolean&amp; canBeCached, RuntimeMethodHandleInternal&amp; ctor, Boolean&amp; bNeedSecurityCheck)
   at System.RuntimeType.CreateInstanceSlow(Boolean publicOnly, Boolean skipCheckThis, Boolean fillCache, StackCrawlMark&amp; stackMark)
   at System.RuntimeType.CreateInstanceDefaultCtor(Boolean publicOnly, Boolean skipCheckThis, Boolean fillCache, StackCrawlMark&amp; stackMark)
   at System.Activator.CreateInstance(Type type, Boolean nonPublic)
   at System.Activator.CreateInstance(Type type)
   at NHibernate.Bytecode.ActivatorObjectsFactory.CreateInstance(Type type)
   at NHibernate.Connection.ConnectionProvider.ConfigureDriver(IDictionary`2 settings)
 --- End of inner exception stack trace ---
    at NHibernate.Connection.ConnectionProvider.ConfigureDriver(IDictionary`2 settings)
   at NHibernate.Connection.ConnectionProvider.Configure(IDictionary`2 settings)
   at NHibernate.Connection.ConnectionProviderFactory.NewConnectionProvider(IDictionary`2 settings)
   at NHibernate.Cfg.SettingsFactory.BuildSettings(IDictionary`2 properties)
   at NHibernate.Cfg.Configuration.BuildSettings()
   at NHibernate.Cfg.Configuration.BuildSessionFactory()
   at FluentNHibernate.Cfg.FluentConfiguration.BuildSessionFactory()
 --- End of inner exception stack trace ---
    at RadialReview.Utilities.HibernateSession.GetDatabaseSessionFactory() in C:\repos\Radial\RadialReview\RadialReview\Utilities\NHibernate\HibernateSession.cs:line 206
   at RadialReview.Utilities.HibernateSession.GetCurrentSession(Boolean singleSession) in C:\repos\Radial\RadialReview\RadialReview\Utilities\NHibernate\HibernateSession.cs:line 295
   at TractionTools.Tests.TestUtils.BaseTest.DbExecute(Action`1 sFunc, Boolean commit) in C:\repos\Radial\RadialReview\TractionTools.Tests\TestUtils\BaseTest.cs:line 289
   at TractionTools.Tests.TestUtils.BaseTest.DbCommit(Action`1 sFunc) in C:\repos\Radial\RadialReview\TractionTools.Tests\TestUtils\BaseTest.cs:line 277
   at TractionTools.Tests.Utilities.L10Utility.CreateRecurrence(L10 existing, String name) in C:\repos\Radial\RadialReview\TractionTools.Tests\Utilities\L10Utility.cs:line 35
   at TractionTools.Tests.Utilities.L10Utility.CreateRecurrence(String name) in C:\repos\Radial\RadialReview\TractionTools.Tests\Utilities\L10Utility.cs:line 25
   at TractionTools.Tests.Accessors.PdfAccessor_RunAll.VTO() in C:\repos\Radial\RadialReview\TractionTools.Tests\Accessors\PdfAccessor_RunAll.cs:line 16
</StackTrace>
        </ErrorInfo>
      </Output>
    </UnitTestResult>
    <UnitTestResult executionId="c11dc3a3-3359-43bd-989e-04c79a7860a9" testId="49267016-ffca-a15a-faec-2a5fbb36afdc" testName="EditRocks" computerName="CLAY-DESKTOP" duration="00:00:00.6785299" startTime="2016-08-28T18:30:00.3569028-07:00" endTime="2016-08-28T18:30:01.0375569-07:00" testType="13cdc9d9-ddb5-4fa4-a97d-d965ccfc6d4b" outcome="Failed" testListId="8c84fa94-04c1-424b-9868-57a2d4851a1d" relativeResultsDirectory="c11dc3a3-3359-43bd-989e-04c79a7860a9">
      <Output>
        <ErrorInfo>
          <Message>Test method TractionTools.Tests.Accessors.RockAccessorTests.EditRocks threw exception: 
FluentNHibernate.Cfg.FluentConfigurationException: An invalid or incomplete configuration was used while creating a SessionFactory. Check PotentialReasons collection, and InnerException for more detail.

 ---&gt; NHibernate.HibernateException: Could not create the driver from NHibernate.Driver.SQLite20Driver, NHibernate, Version=4.0.0.4000, Culture=neutral, PublicKeyToken=aa95f207798dfdb4. ---&gt; System.Reflection.TargetInvocationException: Exception has been thrown by the target of an invocation. ---&gt; System.Configuration.ConfigurationErrorsException: Failed to find or load the registered .Net Framework Data Provider.</Message>
          <StackTrace>    at System.Data.Common.DbProviderFactories.GetFactory(DataRow providerRow)
   at System.Data.Common.DbProviderFactories.GetFactory(String providerInvariantName)
   at NHibernate.Driver.ReflectionBasedDriver..ctor(String providerInvariantName, String driverAssemblyName, String connectionTypeName, String commandTypeName)
   at NHibernate.Driver.SQLite20Driver..ctor()
 --- End of inner exception stack trace ---
    at System.RuntimeTypeHandle.CreateInstance(RuntimeType type, Boolean publicOnly, Boolean noCheck, Boolean&amp; canBeCached, RuntimeMethodHandleInternal&amp; ctor, Boolean&amp; bNeedSecurityCheck)
   at System.RuntimeType.CreateInstanceSlow(Boolean publicOnly, Boolean skipCheckThis, Boolean fillCache, StackCrawlMark&amp; stackMark)
   at System.RuntimeType.CreateInstanceDefaultCtor(Boolean publicOnly, Boolean skipCheckThis, Boolean fillCache, StackCrawlMark&amp; stackMark)
   at System.Activator.CreateInstance(Type type, Boolean nonPublic)
   at System.Activator.CreateInstance(Type type)
   at NHibernate.Bytecode.ActivatorObjectsFactory.CreateInstance(Type type)
   at NHibernate.Connection.ConnectionProvider.ConfigureDriver(IDictionary`2 settings)
 --- End of inner exception stack trace ---
    at NHibernate.Connection.ConnectionProvider.ConfigureDriver(IDictionary`2 settings)
   at NHibernate.Connection.ConnectionProvider.Configure(IDictionary`2 settings)
   at NHibernate.Connection.ConnectionProviderFactory.NewConnectionProvider(IDictionary`2 settings)
   at NHibernate.Cfg.SettingsFactory.BuildSettings(IDictionary`2 properties)
   at NHibernate.Cfg.Configuration.BuildSettings()
   at NHibernate.Cfg.Configuration.BuildSessionFactory()
   at FluentNHibernate.Cfg.FluentConfiguration.BuildSessionFactory()
 --- End of inner exception stack trace ---
    at RadialReview.Utilities.HibernateSession.GetDatabaseSessionFactory() in C:\repos\Radial\RadialReview\RadialReview\Utilities\NHibernate\HibernateSession.cs:line 206
   at RadialReview.Utilities.HibernateSession.GetCurrentSession(Boolean singleSession) in C:\repos\Radial\RadialReview\RadialReview\Utilities\NHibernate\HibernateSession.cs:line 295
   at TractionTools.Tests.TestUtils.BaseTest.DbExecute(Action`1 sFunc, Boolean commit) in C:\repos\Radial\RadialReview\TractionTools.Tests\TestUtils\BaseTest.cs:line 289
   at TractionTools.Tests.TestUtils.BaseTest.DbCommit(Action`1 sFunc) in C:\repos\Radial\RadialReview\TractionTools.Tests\TestUtils\BaseTest.cs:line 277
   at TractionTools.Tests.Accessors.RockAccessorTests.&lt;EditRocks&gt;d__0.MoveNext() in C:\repos\Radial\RadialReview\TractionTools.Tests\Accessors\RockAccessorTests.cs:line 34
--- End of stack trace from previous location where exception was thrown ---
   at System.Runtime.ExceptionServices.ExceptionDispatchInfo.Throw()
   at System.Runtime.CompilerServices.TaskAwaiter.ThrowForNonSuccess(Task task)
   at System.Runtime.CompilerServices.TaskAwaiter.HandleNonSuccessAndDebuggerNotification(Task task)
   at System.Runtime.CompilerServices.TaskAwaiter.ValidateEnd(Task task)
   at System.Runtime.CompilerServices.TaskAwaiter.GetResult()
</StackTrace>
        </ErrorInfo>
      </Output>
    </UnitTestResult>
    <UnitTestResult executionId="65ca8254-803c-452c-a7d8-bea772606cb8" testId="162f28fb-044b-011c-ddf0-9dda60a3aa8e" testName="EditMeasurables" computerName="CLAY-DESKTOP" duration="00:00:00.6848526" startTime="2016-08-28T18:30:01.0405576-07:00" endTime="2016-08-28T18:30:01.7281065-07:00" testType="13cdc9d9-ddb5-4fa4-a97d-d965ccfc6d4b" outcome="Failed" testListId="8c84fa94-04c1-424b-9868-57a2d4851a1d" relativeResultsDirectory="65ca8254-803c-452c-a7d8-bea772606cb8">
      <Output>
        <ErrorInfo>
          <Message>Test method TractionTools.Tests.Accessors.ScorecardAccessorTests.EditMeasurables threw exception: 
FluentNHibernate.Cfg.FluentConfigurationException: An invalid or incomplete configuration was used while creating a SessionFactory. Check PotentialReasons collection, and InnerException for more detail.

 ---&gt; NHibernate.HibernateException: Could not create the driver from NHibernate.Driver.SQLite20Driver, NHibernate, Version=4.0.0.4000, Culture=neutral, PublicKeyToken=aa95f207798dfdb4. ---&gt; System.Reflection.TargetInvocationException: Exception has been thrown by the target of an invocation. ---&gt; System.Configuration.ConfigurationErrorsException: Failed to find or load the registered .Net Framework Data Provider.</Message>
          <StackTrace>    at System.Data.Common.DbProviderFactories.GetFactory(DataRow providerRow)
   at System.Data.Common.DbProviderFactories.GetFactory(String providerInvariantName)
   at NHibernate.Driver.ReflectionBasedDriver..ctor(String providerInvariantName, String driverAssemblyName, String connectionTypeName, String commandTypeName)
   at NHibernate.Driver.SQLite20Driver..ctor()
 --- End of inner exception stack trace ---
    at System.RuntimeTypeHandle.CreateInstance(RuntimeType type, Boolean publicOnly, Boolean noCheck, Boolean&amp; canBeCached, RuntimeMethodHandleInternal&amp; ctor, Boolean&amp; bNeedSecurityCheck)
   at System.RuntimeType.CreateInstanceSlow(Boolean publicOnly, Boolean skipCheckThis, Boolean fillCache, StackCrawlMark&amp; stackMark)
   at System.RuntimeType.CreateInstanceDefaultCtor(Boolean publicOnly, Boolean skipCheckThis, Boolean fillCache, StackCrawlMark&amp; stackMark)
   at System.Activator.CreateInstance(Type type, Boolean nonPublic)
   at System.Activator.CreateInstance(Type type)
   at NHibernate.Bytecode.ActivatorObjectsFactory.CreateInstance(Type type)
   at NHibernate.Connection.ConnectionProvider.ConfigureDriver(IDictionary`2 settings)
 --- End of inner exception stack trace ---
    at NHibernate.Connection.ConnectionProvider.ConfigureDriver(IDictionary`2 settings)
   at NHibernate.Connection.ConnectionProvider.Configure(IDictionary`2 settings)
   at NHibernate.Connection.ConnectionProviderFactory.NewConnectionProvider(IDictionary`2 settings)
   at NHibernate.Cfg.SettingsFactory.BuildSettings(IDictionary`2 properties)
   at NHibernate.Cfg.Configuration.BuildSettings()
   at NHibernate.Cfg.Configuration.BuildSessionFactory()
   at FluentNHibernate.Cfg.FluentConfiguration.BuildSessionFactory()
 --- End of inner exception stack trace ---
    at RadialReview.Utilities.HibernateSession.GetDatabaseSessionFactory() in C:\repos\Radial\RadialReview\RadialReview\Utilities\NHibernate\HibernateSession.cs:line 206
   at RadialReview.Utilities.HibernateSession.GetCurrentSession(Boolean singleSession) in C:\repos\Radial\RadialReview\RadialReview\Utilities\NHibernate\HibernateSession.cs:line 295
   at TractionTools.Tests.TestUtils.BaseTest.DbExecute(Action`1 sFunc, Boolean commit) in C:\repos\Radial\RadialReview\TractionTools.Tests\TestUtils\BaseTest.cs:line 289
   at TractionTools.Tests.TestUtils.BaseTest.DbCommit(Action`1 sFunc) in C:\repos\Radial\RadialReview\TractionTools.Tests\TestUtils\BaseTest.cs:line 277
   at TractionTools.Tests.Accessors.ScorecardAccessorTests.&lt;EditMeasurables&gt;d__0.MoveNext() in C:\repos\Radial\RadialReview\TractionTools.Tests\Accessors\ScorecardAccessorTests.cs:line 33
--- End of stack trace from previous location where exception was thrown ---
   at System.Runtime.ExceptionServices.ExceptionDispatchInfo.Throw()
   at System.Runtime.CompilerServices.TaskAwaiter.ThrowForNonSuccess(Task task)
   at System.Runtime.CompilerServices.TaskAwaiter.HandleNonSuccessAndDebuggerNotification(Task task)
   at System.Runtime.CompilerServices.TaskAwaiter.ValidateEnd(Task task)
   at System.Runtime.CompilerServices.TaskAwaiter.GetResult()
</StackTrace>
        </ErrorInfo>
      </Output>
    </UnitTestResult>
    <UnitTestResult executionId="6c96e1c8-e2ba-44e6-8ce1-4d7c00a0e088" testId="2bb5e71c-e847-8432-8744-fc74232f0e63" testName="UpdateScoreInMeeting_CreateScores" computerName="CLAY-DESKTOP" duration="00:00:00.5990540" startTime="2016-08-28T18:30:01.7311081-07:00" endTime="2016-08-28T18:30:02.3323176-07:00" testType="13cdc9d9-ddb5-4fa4-a97d-d965ccfc6d4b" outcome="Failed" testListId="8c84fa94-04c1-424b-9868-57a2d4851a1d" relativeResultsDirectory="6c96e1c8-e2ba-44e6-8ce1-4d7c00a0e088">
      <Output>
        <ErrorInfo>
          <Message>Test method TractionTools.Tests.Accessors.ScorecardAccessorTests.UpdateScoreInMeeting_CreateScores threw exception: 
FluentNHibernate.Cfg.FluentConfigurationException: An invalid or incomplete configuration was used while creating a SessionFactory. Check PotentialReasons collection, and InnerException for more detail.

 ---&gt; NHibernate.HibernateException: Could not create the driver from NHibernate.Driver.SQLite20Driver, NHibernate, Version=4.0.0.4000, Culture=neutral, PublicKeyToken=aa95f207798dfdb4. ---&gt; System.Reflection.TargetInvocationException: Exception has been thrown by the target of an invocation. ---&gt; System.Configuration.ConfigurationErrorsException: Failed to find or load the registered .Net Framework Data Provider.</Message>
          <StackTrace>    at System.Data.Common.DbProviderFactories.GetFactory(DataRow providerRow)
   at System.Data.Common.DbProviderFactories.GetFactory(String providerInvariantName)
   at NHibernate.Driver.ReflectionBasedDriver..ctor(String providerInvariantName, String driverAssemblyName, String connectionTypeName, String commandTypeName)
   at NHibernate.Driver.SQLite20Driver..ctor()
 --- End of inner exception stack trace ---
    at System.RuntimeTypeHandle.CreateInstance(RuntimeType type, Boolean publicOnly, Boolean noCheck, Boolean&amp; canBeCached, RuntimeMethodHandleInternal&amp; ctor, Boolean&amp; bNeedSecurityCheck)
   at System.RuntimeType.CreateInstanceSlow(Boolean publicOnly, Boolean skipCheckThis, Boolean fillCache, StackCrawlMark&amp; stackMark)
   at System.RuntimeType.CreateInstanceDefaultCtor(Boolean publicOnly, Boolean skipCheckThis, Boolean fillCache, StackCrawlMark&amp; stackMark)
   at System.Activator.CreateInstance(Type type, Boolean nonPublic)
   at System.Activator.CreateInstance(Type type)
   at NHibernate.Bytecode.ActivatorObjectsFactory.CreateInstance(Type type)
   at NHibernate.Connection.ConnectionProvider.ConfigureDriver(IDictionary`2 settings)
 --- End of inner exception stack trace ---
    at NHibernate.Connection.ConnectionProvider.ConfigureDriver(IDictionary`2 settings)
   at NHibernate.Connection.ConnectionProvider.Configure(IDictionary`2 settings)
   at NHibernate.Connection.ConnectionProviderFactory.NewConnectionProvider(IDictionary`2 settings)
   at NHibernate.Cfg.SettingsFactory.BuildSettings(IDictionary`2 properties)
   at NHibernate.Cfg.Configuration.BuildSettings()
   at NHibernate.Cfg.Configuration.BuildSessionFactory()
   at FluentNHibernate.Cfg.FluentConfiguration.BuildSessionFactory()
 --- End of inner exception stack trace ---
    at RadialReview.Utilities.HibernateSession.GetDatabaseSessionFactory() in C:\repos\Radial\RadialReview\RadialReview\Utilities\NHibernate\HibernateSession.cs:line 206
   at RadialReview.Utilities.HibernateSession.GetCurrentSession(Boolean singleSession) in C:\repos\Radial\RadialReview\RadialReview\Utilities\NHibernate\HibernateSession.cs:line 295
   at TractionTools.Tests.TestUtils.BaseTest.DbExecute(Action`1 sFunc, Boolean commit) in C:\repos\Radial\RadialReview\TractionTools.Tests\TestUtils\BaseTest.cs:line 289
   at TractionTools.Tests.TestUtils.BaseTest.DbCommit(Action`1 sFunc) in C:\repos\Radial\RadialReview\TractionTools.Tests\TestUtils\BaseTest.cs:line 277
   at TractionTools.Tests.Utilities.L10Utility.CreateRecurrence(L10 existing, String name) in C:\repos\Radial\RadialReview\TractionTools.Tests\Utilities\L10Utility.cs:line 35
   at TractionTools.Tests.Accessors.ScorecardAccessorTests.UpdateScoreInMeeting_CreateScores() in C:\repos\Radial\RadialReview\TractionTools.Tests\Accessors\ScorecardAccessorTests.cs:line 153
</StackTrace>
        </ErrorInfo>
      </Output>
    </UnitTestResult>
    <UnitTestResult executionId="5f3b839d-45e5-40f9-b640-450b03f54132" testId="f4f57e4d-fef7-69e1-dc28-32cdca6412b1" testName="FirstInitialLastInitial" computerName="CLAY-DESKTOP" duration="00:00:23.1674138" startTime="2016-08-28T18:30:02.3343172-07:00" endTime="2016-08-28T18:30:25.5048948-07:00" testType="13cdc9d9-ddb5-4fa4-a97d-d965ccfc6d4b" outcome="Passed" testListId="8c84fa94-04c1-424b-9868-57a2d4851a1d" relativeResultsDirectory="5f3b839d-45e5-40f9-b640-450b03f54132">
    </UnitTestResult>
    <UnitTestResult executionId="db797e75-7714-41af-8302-5f5a52df0ef0" testId="2199a9df-9398-b260-d34d-3f957f9b45a8" testName="FirstInitialLastName" computerName="CLAY-DESKTOP" duration="00:00:09.7544500" startTime="2016-08-28T18:30:25.5078964-07:00" endTime="2016-08-28T18:30:35.2653180-07:00" testType="13cdc9d9-ddb5-4fa4-a97d-d965ccfc6d4b" outcome="Passed" testListId="8c84fa94-04c1-424b-9868-57a2d4851a1d" relativeResultsDirectory="db797e75-7714-41af-8302-5f5a52df0ef0">
    </UnitTestResult>
    <UnitTestResult executionId="354088a6-0120-4423-8a70-e3ed2a4b1af9" testId="aa521c97-7e12-4703-aff1-2c7db25d688a" testName="FirstNames" computerName="CLAY-DESKTOP" duration="00:00:09.8319488" startTime="2016-08-28T18:30:35.2683179-07:00" endTime="2016-08-28T18:30:45.1020429-07:00" testType="13cdc9d9-ddb5-4fa4-a97d-d965ccfc6d4b" outcome="Passed" testListId="8c84fa94-04c1-424b-9868-57a2d4851a1d" relativeResultsDirectory="354088a6-0120-4423-8a70-e3ed2a4b1af9">
    </UnitTestResult>
    <UnitTestResult executionId="d9c1075a-4c96-44cc-b61f-936a9d7a3d47" testId="ff513a8d-eb8e-7706-5259-88ae503726a7" testName="FirstNamesLastInitial" computerName="CLAY-DESKTOP" duration="00:00:09.6216705" startTime="2016-08-28T18:30:45.1050440-07:00" endTime="2016-08-28T18:30:54.7283542-07:00" testType="13cdc9d9-ddb5-4fa4-a97d-d965ccfc6d4b" outcome="Passed" testListId="8c84fa94-04c1-424b-9868-57a2d4851a1d" relativeResultsDirectory="d9c1075a-4c96-44cc-b61f-936a9d7a3d47">
    </UnitTestResult>
    <UnitTestResult executionId="8d012d9a-6141-4564-ac80-221cace7ebbb" testId="5e371a76-9ca2-1645-aa18-f75ac9ed5b3c" testName="FirstNamesLastName" computerName="CLAY-DESKTOP" duration="00:00:22.9439274" startTime="2016-08-28T18:30:54.7313543-07:00" endTime="2016-08-28T18:31:17.6772207-07:00" testType="13cdc9d9-ddb5-4fa4-a97d-d965ccfc6d4b" outcome="Passed" testListId="8c84fa94-04c1-424b-9868-57a2d4851a1d" relativeResultsDirectory="8d012d9a-6141-4564-ac80-221cace7ebbb">
    </UnitTestResult>
    <UnitTestResult executionId="86126a47-78d1-4ab7-89c1-b3fc5753e22d" testId="04dc203e-814d-df87-6ca9-ca24676772d3" testName="LastName_FirstNameLastName" computerName="CLAY-DESKTOP" duration="00:00:21.4347082" startTime="2016-08-28T18:31:17.6812198-07:00" endTime="2016-08-28T18:31:39.1174365-07:00" testType="13cdc9d9-ddb5-4fa4-a97d-d965ccfc6d4b" outcome="Passed" testListId="8c84fa94-04c1-424b-9868-57a2d4851a1d" relativeResultsDirectory="86126a47-78d1-4ab7-89c1-b3fc5753e22d">
    </UnitTestResult>
    <UnitTestResult executionId="a60e820d-4591-4734-9658-d37d112f82d0" testId="237717d1-22a5-9286-a461-46d1403b42c8" testName="LastNameFirstNames" computerName="CLAY-DESKTOP" duration="00:00:22.2373366" startTime="2016-08-28T18:31:39.1204372-07:00" endTime="2016-08-28T18:32:01.3597837-07:00" testType="13cdc9d9-ddb5-4fa4-a97d-d965ccfc6d4b" outcome="Passed" testListId="8c84fa94-04c1-424b-9868-57a2d4851a1d" relativeResultsDirectory="a60e820d-4591-4734-9658-d37d112f82d0">
    </UnitTestResult>
    <UnitTestResult executionId="0a1fef55-a806-488e-ac01-a237ad74fd9d" testId="6e698205-55db-074b-093a-a6e9e3f888be" testName="LastNames" computerName="CLAY-DESKTOP" duration="00:00:10.0538490" startTime="2016-08-28T18:32:01.3627838-07:00" endTime="2016-08-28T18:32:11.4181032-07:00" testType="13cdc9d9-ddb5-4fa4-a97d-d965ccfc6d4b" outcome="Passed" testListId="8c84fa94-04c1-424b-9868-57a2d4851a1d" relativeResultsDirectory="0a1fef55-a806-488e-ac01-a237ad74fd9d">
    </UnitTestResult>
    <UnitTestResult executionId="934fed2b-0810-45ce-b341-1706abae1cd8" testId="bf62382d-490a-1e86-a3d8-31c3debd4c17" testName="TestRangeMonthly" computerName="CLAY-DESKTOP" duration="00:00:00.0045782" startTime="2016-08-28T18:32:11.4221033-07:00" endTime="2016-08-28T18:32:11.4291050-07:00" testType="13cdc9d9-ddb5-4fa4-a97d-d965ccfc6d4b" outcome="Passed" testListId="8c84fa94-04c1-424b-9868-57a2d4851a1d" relativeResultsDirectory="934fed2b-0810-45ce-b341-1706abae1cd8">
    </UnitTestResult>
    <UnitTestResult executionId="ae33c1c4-ec2b-4b53-ac8b-02c8377d9fb7" testId="b4097aaf-cbcf-46b1-b3b0-61e40cc1694f" testName="TestRangeQuarterly_FirstMondayOfMonth" computerName="CLAY-DESKTOP" duration="00:00:01.8274789" startTime="2016-08-28T18:32:11.4321063-07:00" endTime="2016-08-28T18:32:13.2615458-07:00" testType="13cdc9d9-ddb5-4fa4-a97d-d965ccfc6d4b" outcome="Passed" testListId="8c84fa94-04c1-424b-9868-57a2d4851a1d" relativeResultsDirectory="ae33c1c4-ec2b-4b53-ac8b-02c8377d9fb7">
    </UnitTestResult>
    <UnitTestResult executionId="479bd399-50b8-48ed-97c5-be460876ce58" testId="18fd0eda-5b53-e10f-896f-635533aa138f" testName="TestRangeQuarterly_FirstOfMonth" computerName="CLAY-DESKTOP" duration="00:00:01.2359468" startTime="2016-08-28T18:32:13.2655462-07:00" endTime="2016-08-28T18:32:14.5028445-07:00" testType="13cdc9d9-ddb5-4fa4-a97d-d965ccfc6d4b" outcome="Passed" testListId="8c84fa94-04c1-424b-9868-57a2d4851a1d" relativeResultsDirectory="479bd399-50b8-48ed-97c5-be460876ce58">
    </UnitTestResult>
    <UnitTestResult executionId="c9dff62e-7fcb-4b8a-bfd2-a9b6a3ab6960" testId="4e0c1c5f-8f34-071e-1c79-0b5dbe144787" testName="TestRangeQuarterly_FirstSundayOfTheMonth" computerName="CLAY-DESKTOP" duration="00:00:01.7707066" startTime="2016-08-28T18:32:14.5058437-07:00" endTime="2016-08-28T18:32:16.2784571-07:00" testType="13cdc9d9-ddb5-4fa4-a97d-d965ccfc6d4b" outcome="Passed" testListId="8c84fa94-04c1-424b-9868-57a2d4851a1d" relativeResultsDirectory="c9dff62e-7fcb-4b8a-bfd2-a9b6a3ab6960">
    </UnitTestResult>
    <UnitTestResult executionId="01d9ff90-ee97-4957-ba7c-8a76de2465fd" testId="fd43cc59-c58b-ec86-44c8-95d6077acef5" testName="TestRangeWeekly" computerName="CLAY-DESKTOP" duration="00:00:00.0011494" startTime="2016-08-28T18:32:16.2814564-07:00" endTime="2016-08-28T18:32:16.2854576-07:00" testType="13cdc9d9-ddb5-4fa4-a97d-d965ccfc6d4b" outcome="Passed" testListId="8c84fa94-04c1-424b-9868-57a2d4851a1d" relativeResultsDirectory="01d9ff90-ee97-4957-ba7c-8a76de2465fd">
    </UnitTestResult>
    <UnitTestResult executionId="5aae4b62-7569-4f0d-b269-64888240629e" testId="c1e4c72b-acc2-ef8b-acd7-2da7d87cbd2e" testName="TestYearStart" computerName="CLAY-DESKTOP" duration="00:00:00.0006355" startTime="2016-08-28T18:32:16.2874587-07:00" endTime="2016-08-28T18:32:16.2904591-07:00" testType="13cdc9d9-ddb5-4fa4-a97d-d965ccfc6d4b" outcome="Passed" testListId="8c84fa94-04c1-424b-9868-57a2d4851a1d" relativeResultsDirectory="5aae4b62-7569-4f0d-b269-64888240629e">
    </UnitTestResult>
    <UnitTestResult executionId="1e6a1515-c07b-4b05-b1e5-60e9bbf87ba4" testId="1a30f4bd-0e8c-d1dd-3b38-c8694547c900" testName="L10_Wizard_Attendees" computerName="CLAY-DESKTOP" startTime="2016-08-28T18:32:16.2934605-07:00" endTime="2016-08-28T18:32:16.8474053-07:00" testType="13cdc9d9-ddb5-4fa4-a97d-d965ccfc6d4b" outcome="Failed" testListId="8c84fa94-04c1-424b-9868-57a2d4851a1d" relativeResultsDirectory="1e6a1515-c07b-4b05-b1e5-60e9bbf87ba4">
      <Output>
        <ErrorInfo>
          <Message>Assembly Initialization method TractionTools.UITests.Selenium.BaseSelenium.AssemblyInitialize threw exception. System.IO.IOException: System.IO.IOException: Files in '%temp%\TractionTools\ServerFiles' can be deleted. ---&gt; System.IO.IOException: Files in '%temp%\TractionTools\ServerFiles' can be deleted. ---&gt; System.IO.IOException: There is not enough space on the disk.
. Aborting test execution.</Message>
          <StackTrace>    at System.IO.__Error.WinIOError(Int32 errorCode, String maybeFullPath)
   at System.IO.File.InternalCopy(String sourceFileName, String destFileName, Boolean overwrite, Boolean checkHost)
   at System.IO.FileInfo.CopyTo(String destFileName, Boolean overwrite)
   at TractionTools.Tests.Utilities.FileUtility.DirectoryCopy(String sourceDirName, String destDirName, Boolean copySubDirs, String[] skipTheseDirectories) in C:\repos\Radial\RadialReview\TractionTools.Tests\Utilities\FileUtility.cs:line 34
 --- End of inner exception stack trace ---
    at TractionTools.Tests.Utilities.FileUtility.DirectoryCopy(String sourceDirName, String destDirName, Boolean copySubDirs, String[] skipTheseDirectories) in C:\repos\Radial\RadialReview\TractionTools.Tests\Utilities\FileUtility.cs:line 47
   at TractionTools.Tests.Utilities.FileUtility.DirectoryCopy(String sourceDirName, String destDirName, Boolean copySubDirs, String[] skipTheseDirectories) in C:\repos\Radial\RadialReview\TractionTools.Tests\Utilities\FileUtility.cs:line 42
 --- End of inner exception stack trace ---
    at TractionTools.Tests.Utilities.FileUtility.DirectoryCopy(String sourceDirName, String destDirName, Boolean copySubDirs, String[] skipTheseDirectories) in C:\repos\Radial\RadialReview\TractionTools.Tests\Utilities\FileUtility.cs:line 47
   at TractionTools.UITests.Selenium.BaseSelenium.GetApplicationPath() in C:\repos\Radial\RadialReview\TractionTools.UITests\Selenium\BaseSelenium.cs:line 477
   at TractionTools.UITests.Selenium.BaseSelenium.StartIIS() in C:\repos\Radial\RadialReview\TractionTools.UITests\Selenium\BaseSelenium.cs:line 414
   at TractionTools.UITests.Selenium.BaseSelenium.AssemblyInitialize(TestContext ctx) in C:\repos\Radial\RadialReview\TractionTools.UITests\Selenium\BaseSelenium.cs:line 152
</StackTrace>
        </ErrorInfo>
      </Output>
    </UnitTestResult>
    <UnitTestResult executionId="2331ff87-6a1b-4c65-9663-a5ddb7f6763e" testId="e2674754-388f-a839-dd1b-2d05c442669b" testName="L10_Wizard_Basics" computerName="CLAY-DESKTOP" startTime="2016-08-28T18:32:16.8504057-07:00" endTime="2016-08-28T18:32:16.8534067-07:00" testType="13cdc9d9-ddb5-4fa4-a97d-d965ccfc6d4b" outcome="Failed" testListId="8c84fa94-04c1-424b-9868-57a2d4851a1d" relativeResultsDirectory="2331ff87-6a1b-4c65-9663-a5ddb7f6763e">
      <Output>
        <ErrorInfo>
          <Message>Assembly Initialization method TractionTools.UITests.Selenium.BaseSelenium.AssemblyInitialize threw exception. System.IO.IOException: System.IO.IOException: Files in '%temp%\TractionTools\ServerFiles' can be deleted. ---&gt; System.IO.IOException: Files in '%temp%\TractionTools\ServerFiles' can be deleted. ---&gt; System.IO.IOException: There is not enough space on the disk.
. Aborting test execution.</Message>
          <StackTrace>    at System.IO.__Error.WinIOError(Int32 errorCode, String maybeFullPath)
   at System.IO.File.InternalCopy(String sourceFileName, String destFileName, Boolean overwrite, Boolean checkHost)
   at System.IO.FileInfo.CopyTo(String destFileName, Boolean overwrite)
   at TractionTools.Tests.Utilities.FileUtility.DirectoryCopy(String sourceDirName, String destDirName, Boolean copySubDirs, String[] skipTheseDirectories) in C:\repos\Radial\RadialReview\TractionTools.Tests\Utilities\FileUtility.cs:line 34
 --- End of inner exception stack trace ---
    at TractionTools.Tests.Utilities.FileUtility.DirectoryCopy(String sourceDirName, String destDirName, Boolean copySubDirs, String[] skipTheseDirectories) in C:\repos\Radial\RadialReview\TractionTools.Tests\Utilities\FileUtility.cs:line 47
   at TractionTools.Tests.Utilities.FileUtility.DirectoryCopy(String sourceDirName, String destDirName, Boolean copySubDirs, String[] skipTheseDirectories) in C:\repos\Radial\RadialReview\TractionTools.Tests\Utilities\FileUtility.cs:line 42
 --- End of inner exception stack trace ---
    at TractionTools.Tests.Utilities.FileUtility.DirectoryCopy(String sourceDirName, String destDirName, Boolean copySubDirs, String[] skipTheseDirectories) in C:\repos\Radial\RadialReview\TractionTools.Tests\Utilities\FileUtility.cs:line 47
   at TractionTools.UITests.Selenium.BaseSelenium.GetApplicationPath() in C:\repos\Radial\RadialReview\TractionTools.UITests\Selenium\BaseSelenium.cs:line 477
   at TractionTools.UITests.Selenium.BaseSelenium.StartIIS() in C:\repos\Radial\RadialReview\TractionTools.UITests\Selenium\BaseSelenium.cs:line 414
   at TractionTools.UITests.Selenium.BaseSelenium.AssemblyInitialize(TestContext ctx) in C:\repos\Radial\RadialReview\TractionTools.UITests\Selenium\BaseSelenium.cs:line 152
</StackTrace>
        </ErrorInfo>
      </Output>
    </UnitTestResult>
    <UnitTestResult executionId="c1601143-8014-4021-96ae-730fe8582a20" testId="da720cd2-d7ad-e480-55f5-36731a1892d7" testName="L10_Wizard_Issues" computerName="CLAY-DESKTOP" startTime="2016-08-28T18:32:16.8564074-07:00" endTime="2016-08-28T18:32:16.8584079-07:00" testType="13cdc9d9-ddb5-4fa4-a97d-d965ccfc6d4b" outcome="Failed" testListId="8c84fa94-04c1-424b-9868-57a2d4851a1d" relativeResultsDirectory="c1601143-8014-4021-96ae-730fe8582a20">
      <Output>
        <ErrorInfo>
          <Message>Assembly Initialization method TractionTools.UITests.Selenium.BaseSelenium.AssemblyInitialize threw exception. System.IO.IOException: System.IO.IOException: Files in '%temp%\TractionTools\ServerFiles' can be deleted. ---&gt; System.IO.IOException: Files in '%temp%\TractionTools\ServerFiles' can be deleted. ---&gt; System.IO.IOException: There is not enough space on the disk.
. Aborting test execution.</Message>
          <StackTrace>    at System.IO.__Error.WinIOError(Int32 errorCode, String maybeFullPath)
   at System.IO.File.InternalCopy(String sourceFileName, String destFileName, Boolean overwrite, Boolean checkHost)
   at System.IO.FileInfo.CopyTo(String destFileName, Boolean overwrite)
   at TractionTools.Tests.Utilities.FileUtility.DirectoryCopy(String sourceDirName, String destDirName, Boolean copySubDirs, String[] skipTheseDirectories) in C:\repos\Radial\RadialReview\TractionTools.Tests\Utilities\FileUtility.cs:line 34
 --- End of inner exception stack trace ---
    at TractionTools.Tests.Utilities.FileUtility.DirectoryCopy(String sourceDirName, String destDirName, Boolean copySubDirs, String[] skipTheseDirectories) in C:\repos\Radial\RadialReview\TractionTools.Tests\Utilities\FileUtility.cs:line 47
   at TractionTools.Tests.Utilities.FileUtility.DirectoryCopy(String sourceDirName, String destDirName, Boolean copySubDirs, String[] skipTheseDirectories) in C:\repos\Radial\RadialReview\TractionTools.Tests\Utilities\FileUtility.cs:line 42
 --- End of inner exception stack trace ---
    at TractionTools.Tests.Utilities.FileUtility.DirectoryCopy(String sourceDirName, String destDirName, Boolean copySubDirs, String[] skipTheseDirectories) in C:\repos\Radial\RadialReview\TractionTools.Tests\Utilities\FileUtility.cs:line 47
   at TractionTools.UITests.Selenium.BaseSelenium.GetApplicationPath() in C:\repos\Radial\RadialReview\TractionTools.UITests\Selenium\BaseSelenium.cs:line 477
   at TractionTools.UITests.Selenium.BaseSelenium.StartIIS() in C:\repos\Radial\RadialReview\TractionTools.UITests\Selenium\BaseSelenium.cs:line 414
   at TractionTools.UITests.Selenium.BaseSelenium.AssemblyInitialize(TestContext ctx) in C:\repos\Radial\RadialReview\TractionTools.UITests\Selenium\BaseSelenium.cs:line 152
</StackTrace>
        </ErrorInfo>
      </Output>
    </UnitTestResult>
    <UnitTestResult executionId="e6afd258-738d-44b3-8bd4-18f6656a29bc" testId="bad7247a-cffc-10f9-7543-e70b6c02118d" testName="L10_Wizard_Rocks" computerName="CLAY-DESKTOP" startTime="2016-08-28T18:32:16.8624080-07:00" endTime="2016-08-28T18:32:16.8654084-07:00" testType="13cdc9d9-ddb5-4fa4-a97d-d965ccfc6d4b" outcome="Failed" testListId="8c84fa94-04c1-424b-9868-57a2d4851a1d" relativeResultsDirectory="e6afd258-738d-44b3-8bd4-18f6656a29bc">
      <Output>
        <ErrorInfo>
          <Message>Assembly Initialization method TractionTools.UITests.Selenium.BaseSelenium.AssemblyInitialize threw exception. System.IO.IOException: System.IO.IOException: Files in '%temp%\TractionTools\ServerFiles' can be deleted. ---&gt; System.IO.IOException: Files in '%temp%\TractionTools\ServerFiles' can be deleted. ---&gt; System.IO.IOException: There is not enough space on the disk.
. Aborting test execution.</Message>
          <StackTrace>    at System.IO.__Error.WinIOError(Int32 errorCode, String maybeFullPath)
   at System.IO.File.InternalCopy(String sourceFileName, String destFileName, Boolean overwrite, Boolean checkHost)
   at System.IO.FileInfo.CopyTo(String destFileName, Boolean overwrite)
   at TractionTools.Tests.Utilities.FileUtility.DirectoryCopy(String sourceDirName, String destDirName, Boolean copySubDirs, String[] skipTheseDirectories) in C:\repos\Radial\RadialReview\TractionTools.Tests\Utilities\FileUtility.cs:line 34
 --- End of inner exception stack trace ---
    at TractionTools.Tests.Utilities.FileUtility.DirectoryCopy(String sourceDirName, String destDirName, Boolean copySubDirs, String[] skipTheseDirectories) in C:\repos\Radial\RadialReview\TractionTools.Tests\Utilities\FileUtility.cs:line 47
   at TractionTools.Tests.Utilities.FileUtility.DirectoryCopy(String sourceDirName, String destDirName, Boolean copySubDirs, String[] skipTheseDirectories) in C:\repos\Radial\RadialReview\TractionTools.Tests\Utilities\FileUtility.cs:line 42
 --- End of inner exception stack trace ---
    at TractionTools.Tests.Utilities.FileUtility.DirectoryCopy(String sourceDirName, String destDirName, Boolean copySubDirs, String[] skipTheseDirectories) in C:\repos\Radial\RadialReview\TractionTools.Tests\Utilities\FileUtility.cs:line 47
   at TractionTools.UITests.Selenium.BaseSelenium.GetApplicationPath() in C:\repos\Radial\RadialReview\TractionTools.UITests\Selenium\BaseSelenium.cs:line 477
   at TractionTools.UITests.Selenium.BaseSelenium.StartIIS() in C:\repos\Radial\RadialReview\TractionTools.UITests\Selenium\BaseSelenium.cs:line 414
   at TractionTools.UITests.Selenium.BaseSelenium.AssemblyInitialize(TestContext ctx) in C:\repos\Radial\RadialReview\TractionTools.UITests\Selenium\BaseSelenium.cs:line 152
</StackTrace>
        </ErrorInfo>
      </Output>
    </UnitTestResult>
    <UnitTestResult executionId="f19efbbe-67ad-4fd8-88a5-fc0016086e2f" testId="828f5fde-8e1d-0106-b2f0-04ad9a5914da" testName="L10_Wizard_Scorecard" computerName="CLAY-DESKTOP" startTime="2016-08-28T18:32:16.8684094-07:00" endTime="2016-08-28T18:32:16.8704096-07:00" testType="13cdc9d9-ddb5-4fa4-a97d-d965ccfc6d4b" outcome="Failed" testListId="8c84fa94-04c1-424b-9868-57a2d4851a1d" relativeResultsDirectory="f19efbbe-67ad-4fd8-88a5-fc0016086e2f">
      <Output>
        <ErrorInfo>
          <Message>Assembly Initialization method TractionTools.UITests.Selenium.BaseSelenium.AssemblyInitialize threw exception. System.IO.IOException: System.IO.IOException: Files in '%temp%\TractionTools\ServerFiles' can be deleted. ---&gt; System.IO.IOException: Files in '%temp%\TractionTools\ServerFiles' can be deleted. ---&gt; System.IO.IOException: There is not enough space on the disk.
. Aborting test execution.</Message>
          <StackTrace>    at System.IO.__Error.WinIOError(Int32 errorCode, String maybeFullPath)
   at System.IO.File.InternalCopy(String sourceFileName, String destFileName, Boolean overwrite, Boolean checkHost)
   at System.IO.FileInfo.CopyTo(String destFileName, Boolean overwrite)
   at TractionTools.Tests.Utilities.FileUtility.DirectoryCopy(String sourceDirName, String destDirName, Boolean copySubDirs, String[] skipTheseDirectories) in C:\repos\Radial\RadialReview\TractionTools.Tests\Utilities\FileUtility.cs:line 34
 --- End of inner exception stack trace ---
    at TractionTools.Tests.Utilities.FileUtility.DirectoryCopy(String sourceDirName, String destDirName, Boolean copySubDirs, String[] skipTheseDirectories) in C:\repos\Radial\RadialReview\TractionTools.Tests\Utilities\FileUtility.cs:line 47
   at TractionTools.Tests.Utilities.FileUtility.DirectoryCopy(String sourceDirName, String destDirName, Boolean copySubDirs, String[] skipTheseDirectories) in C:\repos\Radial\RadialReview\TractionTools.Tests\Utilities\FileUtility.cs:line 42
 --- End of inner exception stack trace ---
    at TractionTools.Tests.Utilities.FileUtility.DirectoryCopy(String sourceDirName, String destDirName, Boolean copySubDirs, String[] skipTheseDirectories) in C:\repos\Radial\RadialReview\TractionTools.Tests\Utilities\FileUtility.cs:line 47
   at TractionTools.UITests.Selenium.BaseSelenium.GetApplicationPath() in C:\repos\Radial\RadialReview\TractionTools.UITests\Selenium\BaseSelenium.cs:line 477
   at TractionTools.UITests.Selenium.BaseSelenium.StartIIS() in C:\repos\Radial\RadialReview\TractionTools.UITests\Selenium\BaseSelenium.cs:line 414
   at TractionTools.UITests.Selenium.BaseSelenium.AssemblyInitialize(TestContext ctx) in C:\repos\Radial\RadialReview\TractionTools.UITests\Selenium\BaseSelenium.cs:line 152
</StackTrace>
        </ErrorInfo>
      </Output>
    </UnitTestResult>
    <UnitTestResult executionId="f622d555-7971-48ba-9b11-185e73102c3f" testId="5086f43d-f366-c91b-d209-c57b65f15643" testName="L10_Wizard_Todo" computerName="CLAY-DESKTOP" startTime="2016-08-28T18:32:16.8734103-07:00" endTime="2016-08-28T18:32:16.8754126-07:00" testType="13cdc9d9-ddb5-4fa4-a97d-d965ccfc6d4b" outcome="Failed" testListId="8c84fa94-04c1-424b-9868-57a2d4851a1d" relativeResultsDirectory="f622d555-7971-48ba-9b11-185e73102c3f">
      <Output>
        <ErrorInfo>
          <Message>Assembly Initialization method TractionTools.UITests.Selenium.BaseSelenium.AssemblyInitialize threw exception. System.IO.IOException: System.IO.IOException: Files in '%temp%\TractionTools\ServerFiles' can be deleted. ---&gt; System.IO.IOException: Files in '%temp%\TractionTools\ServerFiles' can be deleted. ---&gt; System.IO.IOException: There is not enough space on the disk.
. Aborting test execution.</Message>
          <StackTrace>    at System.IO.__Error.WinIOError(Int32 errorCode, String maybeFullPath)
   at System.IO.File.InternalCopy(String sourceFileName, String destFileName, Boolean overwrite, Boolean checkHost)
   at System.IO.FileInfo.CopyTo(String destFileName, Boolean overwrite)
   at TractionTools.Tests.Utilities.FileUtility.DirectoryCopy(String sourceDirName, String destDirName, Boolean copySubDirs, String[] skipTheseDirectories) in C:\repos\Radial\RadialReview\TractionTools.Tests\Utilities\FileUtility.cs:line 34
 --- End of inner exception stack trace ---
    at TractionTools.Tests.Utilities.FileUtility.DirectoryCopy(String sourceDirName, String destDirName, Boolean copySubDirs, String[] skipTheseDirectories) in C:\repos\Radial\RadialReview\TractionTools.Tests\Utilities\FileUtility.cs:line 47
   at TractionTools.Tests.Utilities.FileUtility.DirectoryCopy(String sourceDirName, String destDirName, Boolean copySubDirs, String[] skipTheseDirectories) in C:\repos\Radial\RadialReview\TractionTools.Tests\Utilities\FileUtility.cs:line 42
 --- End of inner exception stack trace ---
    at TractionTools.Tests.Utilities.FileUtility.DirectoryCopy(String sourceDirName, String destDirName, Boolean copySubDirs, String[] skipTheseDirectories) in C:\repos\Radial\RadialReview\TractionTools.Tests\Utilities\FileUtility.cs:line 47
   at TractionTools.UITests.Selenium.BaseSelenium.GetApplicationPath() in C:\repos\Radial\RadialReview\TractionTools.UITests\Selenium\BaseSelenium.cs:line 477
   at TractionTools.UITests.Selenium.BaseSelenium.StartIIS() in C:\repos\Radial\RadialReview\TractionTools.UITests\Selenium\BaseSelenium.cs:line 414
   at TractionTools.UITests.Selenium.BaseSelenium.AssemblyInitialize(TestContext ctx) in C:\repos\Radial\RadialReview\TractionTools.UITests\Selenium\BaseSelenium.cs:line 152
</StackTrace>
        </ErrorInfo>
      </Output>
    </UnitTestResult>
    <UnitTestResult executionId="27d7ef72-7029-4b93-a71a-7ebe25db6992" testId="06e4c936-1122-7921-4b38-6bbbf4076a20" testName="L10_Meeting_Scorecard" computerName="CLAY-DESKTOP" startTime="2016-08-28T18:32:16.8784127-07:00" endTime="2016-08-28T18:32:16.8804141-07:00" testType="13cdc9d9-ddb5-4fa4-a97d-d965ccfc6d4b" outcome="Failed" testListId="8c84fa94-04c1-424b-9868-57a2d4851a1d" relativeResultsDirectory="27d7ef72-7029-4b93-a71a-7ebe25db6992">
      <Output>
        <ErrorInfo>
          <Message>Assembly Initialization method TractionTools.UITests.Selenium.BaseSelenium.AssemblyInitialize threw exception. System.IO.IOException: System.IO.IOException: Files in '%temp%\TractionTools\ServerFiles' can be deleted. ---&gt; System.IO.IOException: Files in '%temp%\TractionTools\ServerFiles' can be deleted. ---&gt; System.IO.IOException: There is not enough space on the disk.
. Aborting test execution.</Message>
          <StackTrace>    at System.IO.__Error.WinIOError(Int32 errorCode, String maybeFullPath)
   at System.IO.File.InternalCopy(String sourceFileName, String destFileName, Boolean overwrite, Boolean checkHost)
   at System.IO.FileInfo.CopyTo(String destFileName, Boolean overwrite)
   at TractionTools.Tests.Utilities.FileUtility.DirectoryCopy(String sourceDirName, String destDirName, Boolean copySubDirs, String[] skipTheseDirectories) in C:\repos\Radial\RadialReview\TractionTools.Tests\Utilities\FileUtility.cs:line 34
 --- End of inner exception stack trace ---
    at TractionTools.Tests.Utilities.FileUtility.DirectoryCopy(String sourceDirName, String destDirName, Boolean copySubDirs, String[] skipTheseDirectories) in C:\repos\Radial\RadialReview\TractionTools.Tests\Utilities\FileUtility.cs:line 47
   at TractionTools.Tests.Utilities.FileUtility.DirectoryCopy(String sourceDirName, String destDirName, Boolean copySubDirs, String[] skipTheseDirectories) in C:\repos\Radial\RadialReview\TractionTools.Tests\Utilities\FileUtility.cs:line 42
 --- End of inner exception stack trace ---
    at TractionTools.Tests.Utilities.FileUtility.DirectoryCopy(String sourceDirName, String destDirName, Boolean copySubDirs, String[] skipTheseDirectories) in C:\repos\Radial\RadialReview\TractionTools.Tests\Utilities\FileUtility.cs:line 47
   at TractionTools.UITests.Selenium.BaseSelenium.GetApplicationPath() in C:\repos\Radial\RadialReview\TractionTools.UITests\Selenium\BaseSelenium.cs:line 477
   at TractionTools.UITests.Selenium.BaseSelenium.StartIIS() in C:\repos\Radial\RadialReview\TractionTools.UITests\Selenium\BaseSelenium.cs:line 414
   at TractionTools.UITests.Selenium.BaseSelenium.AssemblyInitialize(TestContext ctx) in C:\repos\Radial\RadialReview\TractionTools.UITests\Selenium\BaseSelenium.cs:line 152
</StackTrace>
        </ErrorInfo>
      </Output>
    </UnitTestResult>
    <UnitTestResult executionId="73156069-810e-4b48-b6c1-40631ce03b38" testId="e988f032-123e-d128-dfc0-b694a017216f" testName="L10_Meeting_Segue" computerName="CLAY-DESKTOP" startTime="2016-08-28T18:32:16.8824125-07:00" endTime="2016-08-28T18:32:16.8854150-07:00" testType="13cdc9d9-ddb5-4fa4-a97d-d965ccfc6d4b" outcome="Failed" testListId="8c84fa94-04c1-424b-9868-57a2d4851a1d" relativeResultsDirectory="73156069-810e-4b48-b6c1-40631ce03b38">
      <Output>
        <ErrorInfo>
          <Message>Assembly Initialization method TractionTools.UITests.Selenium.BaseSelenium.AssemblyInitialize threw exception. System.IO.IOException: System.IO.IOException: Files in '%temp%\TractionTools\ServerFiles' can be deleted. ---&gt; System.IO.IOException: Files in '%temp%\TractionTools\ServerFiles' can be deleted. ---&gt; System.IO.IOException: There is not enough space on the disk.
. Aborting test execution.</Message>
          <StackTrace>    at System.IO.__Error.WinIOError(Int32 errorCode, String maybeFullPath)
   at System.IO.File.InternalCopy(String sourceFileName, String destFileName, Boolean overwrite, Boolean checkHost)
   at System.IO.FileInfo.CopyTo(String destFileName, Boolean overwrite)
   at TractionTools.Tests.Utilities.FileUtility.DirectoryCopy(String sourceDirName, String destDirName, Boolean copySubDirs, String[] skipTheseDirectories) in C:\repos\Radial\RadialReview\TractionTools.Tests\Utilities\FileUtility.cs:line 34
 --- End of inner exception stack trace ---
    at TractionTools.Tests.Utilities.FileUtility.DirectoryCopy(String sourceDirName, String destDirName, Boolean copySubDirs, String[] skipTheseDirectories) in C:\repos\Radial\RadialReview\TractionTools.Tests\Utilities\FileUtility.cs:line 47
   at TractionTools.Tests.Utilities.FileUtility.DirectoryCopy(String sourceDirName, String destDirName, Boolean copySubDirs, String[] skipTheseDirectories) in C:\repos\Radial\RadialReview\TractionTools.Tests\Utilities\FileUtility.cs:line 42
 --- End of inner exception stack trace ---
    at TractionTools.Tests.Utilities.FileUtility.DirectoryCopy(String sourceDirName, String destDirName, Boolean copySubDirs, String[] skipTheseDirectories) in C:\repos\Radial\RadialReview\TractionTools.Tests\Utilities\FileUtility.cs:line 47
   at TractionTools.UITests.Selenium.BaseSelenium.GetApplicationPath() in C:\repos\Radial\RadialReview\TractionTools.UITests\Selenium\BaseSelenium.cs:line 477
   at TractionTools.UITests.Selenium.BaseSelenium.StartIIS() in C:\repos\Radial\RadialReview\TractionTools.UITests\Selenium\BaseSelenium.cs:line 414
   at TractionTools.UITests.Selenium.BaseSelenium.AssemblyInitialize(TestContext ctx) in C:\repos\Radial\RadialReview\TractionTools.UITests\Selenium\BaseSelenium.cs:line 152
</StackTrace>
        </ErrorInfo>
      </Output>
    </UnitTestResult>
    <UnitTestResult executionId="29165bb6-d5a9-4955-b8df-8152bad1b50a" testId="80143e15-ef85-a681-a5ae-4b022b929f30" testName="L10_Archive_TestScorecard" computerName="CLAY-DESKTOP" startTime="2016-08-28T18:32:16.8874149-07:00" endTime="2016-08-28T18:32:16.8894163-07:00" testType="13cdc9d9-ddb5-4fa4-a97d-d965ccfc6d4b" outcome="Failed" testListId="8c84fa94-04c1-424b-9868-57a2d4851a1d" relativeResultsDirectory="29165bb6-d5a9-4955-b8df-8152bad1b50a">
      <Output>
        <ErrorInfo>
          <Message>Assembly Initialization method TractionTools.UITests.Selenium.BaseSelenium.AssemblyInitialize threw exception. System.IO.IOException: System.IO.IOException: Files in '%temp%\TractionTools\ServerFiles' can be deleted. ---&gt; System.IO.IOException: Files in '%temp%\TractionTools\ServerFiles' can be deleted. ---&gt; System.IO.IOException: There is not enough space on the disk.
. Aborting test execution.</Message>
          <StackTrace>    at System.IO.__Error.WinIOError(Int32 errorCode, String maybeFullPath)
   at System.IO.File.InternalCopy(String sourceFileName, String destFileName, Boolean overwrite, Boolean checkHost)
   at System.IO.FileInfo.CopyTo(String destFileName, Boolean overwrite)
   at TractionTools.Tests.Utilities.FileUtility.DirectoryCopy(String sourceDirName, String destDirName, Boolean copySubDirs, String[] skipTheseDirectories) in C:\repos\Radial\RadialReview\TractionTools.Tests\Utilities\FileUtility.cs:line 34
 --- End of inner exception stack trace ---
    at TractionTools.Tests.Utilities.FileUtility.DirectoryCopy(String sourceDirName, String destDirName, Boolean copySubDirs, String[] skipTheseDirectories) in C:\repos\Radial\RadialReview\TractionTools.Tests\Utilities\FileUtility.cs:line 47
   at TractionTools.Tests.Utilities.FileUtility.DirectoryCopy(String sourceDirName, String destDirName, Boolean copySubDirs, String[] skipTheseDirectories) in C:\repos\Radial\RadialReview\TractionTools.Tests\Utilities\FileUtility.cs:line 42
 --- End of inner exception stack trace ---
    at TractionTools.Tests.Utilities.FileUtility.DirectoryCopy(String sourceDirName, String destDirName, Boolean copySubDirs, String[] skipTheseDirectories) in C:\repos\Radial\RadialReview\TractionTools.Tests\Utilities\FileUtility.cs:line 47
   at TractionTools.UITests.Selenium.BaseSelenium.GetApplicationPath() in C:\repos\Radial\RadialReview\TractionTools.UITests\Selenium\BaseSelenium.cs:line 477
   at TractionTools.UITests.Selenium.BaseSelenium.StartIIS() in C:\repos\Radial\RadialReview\TractionTools.UITests\Selenium\BaseSelenium.cs:line 414
   at TractionTools.UITests.Selenium.BaseSelenium.AssemblyInitialize(TestContext ctx) in C:\repos\Radial\RadialReview\TractionTools.UITests\Selenium\BaseSelenium.cs:line 152
</StackTrace>
        </ErrorInfo>
      </Output>
    </UnitTestResult>
    <UnitTestResult executionId="bcc4cacb-bd5f-48ca-8848-7963d67dcace" testId="a27d2e7a-cca7-57fd-d553-707b263917cc" testName="WebDriver_Closest" computerName="CLAY-DESKTOP" startTime="2016-08-28T18:32:16.8934157-07:00" endTime="2016-08-28T18:32:16.8954174-07:00" testType="13cdc9d9-ddb5-4fa4-a97d-d965ccfc6d4b" outcome="Failed" testListId="8c84fa94-04c1-424b-9868-57a2d4851a1d" relativeResultsDirectory="bcc4cacb-bd5f-48ca-8848-7963d67dcace">
      <Output>
        <ErrorInfo>
          <Message>Assembly Initialization method TractionTools.UITests.Selenium.BaseSelenium.AssemblyInitialize threw exception. System.IO.IOException: System.IO.IOException: Files in '%temp%\TractionTools\ServerFiles' can be deleted. ---&gt; System.IO.IOException: Files in '%temp%\TractionTools\ServerFiles' can be deleted. ---&gt; System.IO.IOException: There is not enough space on the disk.
. Aborting test execution.</Message>
          <StackTrace>    at System.IO.__Error.WinIOError(Int32 errorCode, String maybeFullPath)
   at System.IO.File.InternalCopy(String sourceFileName, String destFileName, Boolean overwrite, Boolean checkHost)
   at System.IO.FileInfo.CopyTo(String destFileName, Boolean overwrite)
   at TractionTools.Tests.Utilities.FileUtility.DirectoryCopy(String sourceDirName, String destDirName, Boolean copySubDirs, String[] skipTheseDirectories) in C:\repos\Radial\RadialReview\TractionTools.Tests\Utilities\FileUtility.cs:line 34
 --- End of inner exception stack trace ---
    at TractionTools.Tests.Utilities.FileUtility.DirectoryCopy(String sourceDirName, String destDirName, Boolean copySubDirs, String[] skipTheseDirectories) in C:\repos\Radial\RadialReview\TractionTools.Tests\Utilities\FileUtility.cs:line 47
   at TractionTools.Tests.Utilities.FileUtility.DirectoryCopy(String sourceDirName, String destDirName, Boolean copySubDirs, String[] skipTheseDirectories) in C:\repos\Radial\RadialReview\TractionTools.Tests\Utilities\FileUtility.cs:line 42
 --- End of inner exception stack trace ---
    at TractionTools.Tests.Utilities.FileUtility.DirectoryCopy(String sourceDirName, String destDirName, Boolean copySubDirs, String[] skipTheseDirectories) in C:\repos\Radial\RadialReview\TractionTools.Tests\Utilities\FileUtility.cs:line 47
   at TractionTools.UITests.Selenium.BaseSelenium.GetApplicationPath() in C:\repos\Radial\RadialReview\TractionTools.UITests\Selenium\BaseSelenium.cs:line 477
   at TractionTools.UITests.Selenium.BaseSelenium.StartIIS() in C:\repos\Radial\RadialReview\TractionTools.UITests\Selenium\BaseSelenium.cs:line 414
   at TractionTools.UITests.Selenium.BaseSelenium.AssemblyInitialize(TestContext ctx) in C:\repos\Radial\RadialReview\TractionTools.UITests\Selenium\BaseSelenium.cs:line 152
</StackTrace>
        </ErrorInfo>
      </Output>
    </UnitTestResult>
    <UnitTestResult executionId="ee8f5f60-9901-4a83-acbe-e08eaa7c5427" testId="1c79a897-bb6d-454f-d8c0-0e69e5b7511d" testName="WebDriver_Matches" computerName="CLAY-DESKTOP" startTime="2016-08-28T18:32:16.8984172-07:00" endTime="2016-08-28T18:32:16.9014194-07:00" testType="13cdc9d9-ddb5-4fa4-a97d-d965ccfc6d4b" outcome="Failed" testListId="8c84fa94-04c1-424b-9868-57a2d4851a1d" relativeResultsDirectory="ee8f5f60-9901-4a83-acbe-e08eaa7c5427">
      <Output>
        <ErrorInfo>
          <Message>Assembly Initialization method TractionTools.UITests.Selenium.BaseSelenium.AssemblyInitialize threw exception. System.IO.IOException: System.IO.IOException: Files in '%temp%\TractionTools\ServerFiles' can be deleted. ---&gt; System.IO.IOException: Files in '%temp%\TractionTools\ServerFiles' can be deleted. ---&gt; System.IO.IOException: There is not enough space on the disk.
. Aborting test execution.</Message>
          <StackTrace>    at System.IO.__Error.WinIOError(Int32 errorCode, String maybeFullPath)
   at System.IO.File.InternalCopy(String sourceFileName, String destFileName, Boolean overwrite, Boolean checkHost)
   at System.IO.FileInfo.CopyTo(String destFileName, Boolean overwrite)
   at TractionTools.Tests.Utilities.FileUtility.DirectoryCopy(String sourceDirName, String destDirName, Boolean copySubDirs, String[] skipTheseDirectories) in C:\repos\Radial\RadialReview\TractionTools.Tests\Utilities\FileUtility.cs:line 34
 --- End of inner exception stack trace ---
    at TractionTools.Tests.Utilities.FileUtility.DirectoryCopy(String sourceDirName, String destDirName, Boolean copySubDirs, String[] skipTheseDirectories) in C:\repos\Radial\RadialReview\TractionTools.Tests\Utilities\FileUtility.cs:line 47
   at TractionTools.Tests.Utilities.FileUtility.DirectoryCopy(String sourceDirName, String destDirName, Boolean copySubDirs, String[] skipTheseDirectories) in C:\repos\Radial\RadialReview\TractionTools.Tests\Utilities\FileUtility.cs:line 42
 --- End of inner exception stack trace ---
    at TractionTools.Tests.Utilities.FileUtility.DirectoryCopy(String sourceDirName, String destDirName, Boolean copySubDirs, String[] skipTheseDirectories) in C:\repos\Radial\RadialReview\TractionTools.Tests\Utilities\FileUtility.cs:line 47
   at TractionTools.UITests.Selenium.BaseSelenium.GetApplicationPath() in C:\repos\Radial\RadialReview\TractionTools.UITests\Selenium\BaseSelenium.cs:line 477
   at TractionTools.UITests.Selenium.BaseSelenium.StartIIS() in C:\repos\Radial\RadialReview\TractionTools.UITests\Selenium\BaseSelenium.cs:line 414
   at TractionTools.UITests.Selenium.BaseSelenium.AssemblyInitialize(TestContext ctx) in C:\repos\Radial\RadialReview\TractionTools.UITests\Selenium\BaseSelenium.cs:line 152
</StackTrace>
        </ErrorInfo>
      </Output>
    </UnitTestResult>
    <UnitTestResult executionId="c38bdce1-03fb-450b-a21c-97a3a169ebcb" testId="3202e1b4-fdcc-2702-c088-f8c6a21605e0" testName="WebDriver_Parent" computerName="CLAY-DESKTOP" startTime="2016-08-28T18:32:16.9034190-07:00" endTime="2016-08-28T18:32:16.9054189-07:00" testType="13cdc9d9-ddb5-4fa4-a97d-d965ccfc6d4b" outcome="Failed" testListId="8c84fa94-04c1-424b-9868-57a2d4851a1d" relativeResultsDirectory="c38bdce1-03fb-450b-a21c-97a3a169ebcb">
      <Output>
        <ErrorInfo>
          <Message>Assembly Initialization method TractionTools.UITests.Selenium.BaseSelenium.AssemblyInitialize threw exception. System.IO.IOException: System.IO.IOException: Files in '%temp%\TractionTools\ServerFiles' can be deleted. ---&gt; System.IO.IOException: Files in '%temp%\TractionTools\ServerFiles' can be deleted. ---&gt; System.IO.IOException: There is not enough space on the disk.
. Aborting test execution.</Message>
          <StackTrace>    at System.IO.__Error.WinIOError(Int32 errorCode, String maybeFullPath)
   at System.IO.File.InternalCopy(String sourceFileName, String destFileName, Boolean overwrite, Boolean checkHost)
   at System.IO.FileInfo.CopyTo(String destFileName, Boolean overwrite)
   at TractionTools.Tests.Utilities.FileUtility.DirectoryCopy(String sourceDirName, String destDirName, Boolean copySubDirs, String[] skipTheseDirectories) in C:\repos\Radial\RadialReview\TractionTools.Tests\Utilities\FileUtility.cs:line 34
 --- End of inner exception stack trace ---
    at TractionTools.Tests.Utilities.FileUtility.DirectoryCopy(String sourceDirName, String destDirName, Boolean copySubDirs, String[] skipTheseDirectories) in C:\repos\Radial\RadialReview\TractionTools.Tests\Utilities\FileUtility.cs:line 47
   at TractionTools.Tests.Utilities.FileUtility.DirectoryCopy(String sourceDirName, String destDirName, Boolean copySubDirs, String[] skipTheseDirectories) in C:\repos\Radial\RadialReview\TractionTools.Tests\Utilities\FileUtility.cs:line 42
 --- End of inner exception stack trace ---
    at TractionTools.Tests.Utilities.FileUtility.DirectoryCopy(String sourceDirName, String destDirName, Boolean copySubDirs, String[] skipTheseDirectories) in C:\repos\Radial\RadialReview\TractionTools.Tests\Utilities\FileUtility.cs:line 47
   at TractionTools.UITests.Selenium.BaseSelenium.GetApplicationPath() in C:\repos\Radial\RadialReview\TractionTools.UITests\Selenium\BaseSelenium.cs:line 477
   at TractionTools.UITests.Selenium.BaseSelenium.StartIIS() in C:\repos\Radial\RadialReview\TractionTools.UITests\Selenium\BaseSelenium.cs:line 414
   at TractionTools.UITests.Selenium.BaseSelenium.AssemblyInitialize(TestContext ctx) in C:\repos\Radial\RadialReview\TractionTools.UITests\Selenium\BaseSelenium.cs:line 152
</StackTrace>
        </ErrorInfo>
      </Output>
    </UnitTestResult>
    <UnitTestResult executionId="a2dec722-15ea-4d92-b414-354b1f101ca7" testId="6df38ac1-4a02-8dcd-ece6-c48c5d362852" testName="Utils_TestCreateAdmin" computerName="CLAY-DESKTOP" startTime="2016-08-28T18:32:16.9084199-07:00" endTime="2016-08-28T18:32:16.9114194-07:00" testType="13cdc9d9-ddb5-4fa4-a97d-d965ccfc6d4b" outcome="Failed" testListId="8c84fa94-04c1-424b-9868-57a2d4851a1d" relativeResultsDirectory="a2dec722-15ea-4d92-b414-354b1f101ca7">
      <Output>
        <ErrorInfo>
          <Message>Assembly Initialization method TractionTools.UITests.Selenium.BaseSelenium.AssemblyInitialize threw exception. System.IO.IOException: System.IO.IOException: Files in '%temp%\TractionTools\ServerFiles' can be deleted. ---&gt; System.IO.IOException: Files in '%temp%\TractionTools\ServerFiles' can be deleted. ---&gt; System.IO.IOException: There is not enough space on the disk.
. Aborting test execution.</Message>
          <StackTrace>    at System.IO.__Error.WinIOError(Int32 errorCode, String maybeFullPath)
   at System.IO.File.InternalCopy(String sourceFileName, String destFileName, Boolean overwrite, Boolean checkHost)
   at System.IO.FileInfo.CopyTo(String destFileName, Boolean overwrite)
   at TractionTools.Tests.Utilities.FileUtility.DirectoryCopy(String sourceDirName, String destDirName, Boolean copySubDirs, String[] skipTheseDirectories) in C:\repos\Radial\RadialReview\TractionTools.Tests\Utilities\FileUtility.cs:line 34
 --- End of inner exception stack trace ---
    at TractionTools.Tests.Utilities.FileUtility.DirectoryCopy(String sourceDirName, String destDirName, Boolean copySubDirs, String[] skipTheseDirectories) in C:\repos\Radial\RadialReview\TractionTools.Tests\Utilities\FileUtility.cs:line 47
   at TractionTools.Tests.Utilities.FileUtility.DirectoryCopy(String sourceDirName, String destDirName, Boolean copySubDirs, String[] skipTheseDirectories) in C:\repos\Radial\RadialReview\TractionTools.Tests\Utilities\FileUtility.cs:line 42
 --- End of inner exception stack trace ---
    at TractionTools.Tests.Utilities.FileUtility.DirectoryCopy(String sourceDirName, String destDirName, Boolean copySubDirs, String[] skipTheseDirectories) in C:\repos\Radial\RadialReview\TractionTools.Tests\Utilities\FileUtility.cs:line 47
   at TractionTools.UITests.Selenium.BaseSelenium.GetApplicationPath() in C:\repos\Radial\RadialReview\TractionTools.UITests\Selenium\BaseSelenium.cs:line 477
   at TractionTools.UITests.Selenium.BaseSelenium.StartIIS() in C:\repos\Radial\RadialReview\TractionTools.UITests\Selenium\BaseSelenium.cs:line 414
   at TractionTools.UITests.Selenium.BaseSelenium.AssemblyInitialize(TestContext ctx) in C:\repos\Radial\RadialReview\TractionTools.UITests\Selenium\BaseSelenium.cs:line 152
</StackTrace>
        </ErrorInfo>
      </Output>
    </UnitTestResult>
  </Results>
</TestRun>